#
# There is insufficient memory for the Java Runtime Environment to continue.
# Native memory allocation (malloc) failed to allocate 32744 bytes for ChunkPool::allocate
# Possible reasons:
#   The system is out of physical RAM or swap space
#   The process is running with CompressedOops enabled, and the Java Heap may be blocking the growth of the native heap
# Possible solutions:
#   Reduce memory load on the system
#   Increase physical memory or swap space
#   Check if swap backing store is full
#   Decrease Java heap size (-Xmx/-Xms)
#   Decrease number of Java threads
#   Decrease Java thread stack sizes (-Xss)
#   Set larger code cache with -XX:ReservedCodeCacheSize=
#   JVM is running with Zero Based Compressed Oops mode in which the Java heap is
#     placed in the first 32GB address space. The Java Heap base address is the
#     maximum limit for the native heap growth. Please use -XX:HeapBaseMinAddress
#     to set the Java Heap base and to place the Java Heap above 32GB virtual address.
# This output file may be truncated or incomplete.
#
#  Out of Memory Error (./open/src/hotspot/share/memory/arena.cpp:81), pid=56536, tid=52412
#
# JRE version: Java(TM) SE Runtime Environment 18.9 (11.0.9+7) (build 11.0.9+7-LTS)
# Java VM: Java HotSpot(TM) 64-Bit Server VM 18.9 (11.0.9+7-LTS, mixed mode, tiered, compressed oops, g1 gc, windows-amd64)
# No core dump will be written. Minidumps are not enabled by default on client versions of Windows
#

---------------  S U M M A R Y ------------

Command Line: -agentlib:jdwp=transport=dt_socket,address=127.0.0.1:62009,suspend=y,server=n -XX:TieredStopAtLevel=1 -Xverify:none -Dspring.output.ansi.enabled=always -javaagent:C:\Users\10421\AppData\Local\JetBrains\IntelliJIdea2021.2\captureAgent\debugger-agent.jar -Dcom.sun.management.jmxremote -Dspring.jmx.enabled=true -Dspring.liveBeansView.mbeanDomain -Dspring.application.admin.enabled=true -Dfile.encoding=UTF-8 cn.edu.xmu.oomall.other.OtherServiceApplication

Host: Intel(R) Core(TM) i7-9750H CPU @ 2.60GHz, 12 cores, 15G,  Windows 10 , 64 bit Build 19041 (10.0.19041.1348)
Time: Sat Dec 25 17:04:27 2021 中国标准时间 elapsed time: 3418.921491 seconds (0d 0h 56m 58s)

---------------  T H R E A D  ---------------

Current thread (0x0000021e4a944800):  VMThread "VM Thread" [stack: 0x000000e370400000,0x000000e370500000] [id=52412] _threads_hazard_ptr=0x0000021e519b72c0

Stack: [0x000000e370400000,0x000000e370500000]
[error occurred during error reporting (printing stack bounds), id 0xc0000005, EXCEPTION_ACCESS_VIOLATION (0xc0000005) at pc=0x0000021e2df00dad]

Native frames: (J=compiled Java code, j=interpreted, Vv=VM code, C=native code)
V  [jvm.dll+0x611a3a]
V  [jvm.dll+0x748aaf]
V  [jvm.dll+0x74a135]
V  [jvm.dll+0x74a715]
V  [jvm.dll+0x74a6cb]
V  [jvm.dll+0x611323]
V  [jvm.dll+0x6116e8]
C  [ntdll.dll+0xa20cf]
C  [ntdll.dll+0x51454]
C  [ntdll.dll+0xa0bfe]
C  0x0000021e2df00dad

VM_Operation (0x000000e3759fd5b0): BulkRevokeBias, mode: safepoint, requested by thread 0x0000021e50b72000


---------------  P R O C E S S  ---------------

Threads class SMR info:
_java_thread_list=0x0000021e519b72c0, length=116, elements={
0x0000021e4a947800, 0x0000021e4a949000, 0x0000021e4a9cf800, 0x0000021e4a9d1800,
0x0000021e4a9d6000, 0x0000021e4a9e4800, 0x0000021e4abb5000, 0x0000021e4ac4d800,
0x0000021e4ac6f800, 0x0000021e4ac72800, 0x0000021e4b4f3000, 0x0000021e4b67e800,
0x0000021e4bc4d000, 0x0000021e4e4ba000, 0x0000021e4e4d8800, 0x0000021e4e4d5000,
0x0000021e4b53f800, 0x0000021e4b8fa800, 0x0000021e4b8fb800, 0x0000021e4e804000,
0x0000021e4e808000, 0x0000021e4e806800, 0x0000021e4e805800, 0x0000021e4e809000,
0x0000021e4e803000, 0x0000021e4e80a000, 0x0000021e4e805000, 0x0000021e4e807800,
0x0000021e4ec6e800, 0x0000021e4ec6c000, 0x0000021e4ec6d800, 0x0000021e4ec71000,
0x0000021e4ec6d000, 0x0000021e4ec70000, 0x0000021e4ec6b000, 0x0000021e4ec74000,
0x0000021e4ec72000, 0x0000021e4ec72800, 0x0000021e4ec73800, 0x0000021e4ec75000,
0x0000021e4ec6f800, 0x0000021e4ec76000, 0x0000021e4ec76800, 0x0000021e4ec77800,
0x0000021e4ec79000, 0x0000021e4ec78800, 0x0000021e4ec7a000, 0x0000021e50eb8800,
0x0000021e50eb7800, 0x0000021e50eb5000, 0x0000021e50eb4800, 0x0000021e50ebb000,
0x0000021e50eb9000, 0x0000021e50eb6000, 0x0000021e50eb6800, 0x0000021e50eba000,
0x0000021e50b6f800, 0x0000021e50b6e800, 0x0000021e50b73000, 0x0000021e50b6d000,
0x0000021e50b73800, 0x0000021e50b6e000, 0x0000021e50b74800, 0x0000021e50b75000,
0x0000021e50b71000, 0x0000021e50b77800, 0x0000021e50b72000, 0x0000021e50b79800,
0x0000021e50b7a000, 0x0000021e50b7b000, 0x0000021e50b78800, 0x0000021e50b7b800,
0x0000021e4e8ec000, 0x0000021e4e8f1800, 0x0000021e4e8f2800, 0x0000021e4e8ed000,
0x0000021e4e8ee800, 0x0000021e4e8ef800, 0x0000021e4e8f3800, 0x0000021e4e8f0000,
0x0000021e4e8f1000, 0x0000021e4e8f8800, 0x0000021e4e8f6000, 0x0000021e4e8f9000,
0x0000021e4e8ed800, 0x0000021e4e8fa000, 0x0000021e4e8f5000, 0x0000021e4e8f4000,
0x0000021e4e8fa800, 0x0000021e4e8f6800, 0x0000021e50b70800, 0x0000021e50b77000,
0x0000021e5174d800, 0x0000021e5174f800, 0x0000021e51750800, 0x0000021e5174e000,
0x0000021e51751800, 0x0000021e51752000, 0x0000021e51754800, 0x0000021e51753000,
0x0000021e51755800, 0x0000021e51754000, 0x0000021e5174f000, 0x0000021e51757000,
0x0000021e51758000, 0x0000021e51756000, 0x0000021e51758800, 0x0000021e5175b000,
0x0000021e5175c000, 0x0000021e50b76000, 0x0000021e4e8f7800, 0x0000021e5195c800,
0x0000021e5195e000, 0x0000021e5195d000, 0x0000021e5195f800, 0x0000021e51960800
}

Java Threads: ( => current thread )
  0x0000021e4a947800 JavaThread "Reference Handler" daemon [_thread_blocked, id=51444, stack(0x000000e370500000,0x000000e370600000)]
  0x0000021e4a949000 JavaThread "Finalizer" daemon [_thread_blocked, id=51000, stack(0x000000e370600000,0x000000e370700000)]
  0x0000021e4a9cf800 JavaThread "Signal Dispatcher" daemon [_thread_blocked, id=49900, stack(0x000000e370700000,0x000000e370800000)]
  0x0000021e4a9d1800 JavaThread "Attach Listener" daemon [_thread_blocked, id=55632, stack(0x000000e370800000,0x000000e370900000)]
  0x0000021e4a9d6000 JavaThread "C1 CompilerThread0" daemon [_thread_blocked, id=22416, stack(0x000000e370900000,0x000000e370a00000)]
  0x0000021e4a9e4800 JavaThread "Sweeper thread" daemon [_thread_blocked, id=57228, stack(0x000000e370a00000,0x000000e370b00000)]
  0x0000021e4abb5000 JavaThread "Common-Cleaner" daemon [_thread_blocked, id=16316, stack(0x000000e370b00000,0x000000e370c00000)]
  0x0000021e4ac4d800 JavaThread "JDWP Transport Listener: dt_socket" daemon [_thread_blocked, id=54304, stack(0x000000e370c00000,0x000000e370d00000)]
  0x0000021e4ac6f800 JavaThread "JDWP Event Helper Thread" daemon [_thread_blocked, id=54032, stack(0x000000e370d00000,0x000000e370e00000)]
  0x0000021e4ac72800 JavaThread "JDWP Command Reader" daemon [_thread_in_native, id=22780, stack(0x000000e370e00000,0x000000e370f00000)]
  0x0000021e4b4f3000 JavaThread "Service Thread" daemon [_thread_blocked, id=32780, stack(0x000000e370f00000,0x000000e371000000)]
  0x0000021e4b67e800 JavaThread "RMI TCP Accept-0" daemon [_thread_in_native, id=49296, stack(0x000000e371500000,0x000000e371600000)]
  0x0000021e4bc4d000 JavaThread "RMI Scheduler(0)" daemon [_thread_blocked, id=51228, stack(0x000000e371800000,0x000000e371900000)]
  0x0000021e4e4ba000 JavaThread "Catalina-utility-1" [_thread_blocked, id=42948, stack(0x000000e371a00000,0x000000e371b00000)]
  0x0000021e4e4d8800 JavaThread "Catalina-utility-2" [_thread_blocked, id=51856, stack(0x000000e371d00000,0x000000e371e00000)]
  0x0000021e4e4d5000 JavaThread "container-0" [_thread_blocked, id=4428, stack(0x000000e371e00000,0x000000e371f00000)]
  0x0000021e4b53f800 JavaThread "mysql-cj-abandoned-connection-cleanup" daemon [_thread_blocked, id=50384, stack(0x000000e372100000,0x000000e372200000)]
  0x0000021e4b8fa800 JavaThread "Druid-ConnectionPool-Create-308704765" daemon [_thread_blocked, id=24432, stack(0x000000e372200000,0x000000e372300000)]
  0x0000021e4b8fb800 JavaThread "Druid-ConnectionPool-Destroy-308704765" daemon [_thread_blocked, id=32112, stack(0x000000e372300000,0x000000e372400000)]
  0x0000021e4e804000 JavaThread "lettuce-timer-3-1" daemon [_thread_blocked, id=24536, stack(0x000000e372400000,0x000000e372500000)]
  0x0000021e4e808000 JavaThread "RequestHouseKeepingService" daemon [_thread_blocked, id=56220, stack(0x000000e372500000,0x000000e372600000)]
  0x0000021e4e806800 JavaThread "RequestHouseKeepingService" daemon [_thread_blocked, id=21860, stack(0x000000e372600000,0x000000e372700000)]
  0x0000021e4e805800 JavaThread "AsyncAppender-Dispatcher-Thread-5" daemon [_thread_blocked, id=54164, stack(0x000000e372700000,0x000000e372800000)]
  0x0000021e4e809000 JavaThread "ClientHouseKeepingService" daemon [_thread_blocked, id=51844, stack(0x000000e372800000,0x000000e372900000)]
  0x0000021e4e803000 JavaThread "AsyncAppender-Dispatcher-Thread-7" daemon [_thread_blocked, id=33000, stack(0x000000e372900000,0x000000e372a00000)]
  0x0000021e4e80a000 JavaThread "RequestHouseKeepingService" daemon [_thread_blocked, id=40620, stack(0x000000e372a00000,0x000000e372b00000)]
  0x0000021e4e805000 JavaThread "MQClientFactoryScheduledThread" [_thread_blocked, id=30976, stack(0x000000e372b00000,0x000000e372c00000)]
  0x0000021e4e807800 JavaThread "AsyncAppender-Dispatcher-Thread-9" daemon [_thread_blocked, id=27908, stack(0x000000e372c00000,0x000000e372d00000)]
  0x0000021e4ec6e800 JavaThread "PullMessageService" [_thread_blocked, id=50844, stack(0x000000e372d00000,0x000000e372e00000)]
  0x0000021e4ec6c000 JavaThread "RebalanceService" [_thread_blocked, id=26600, stack(0x000000e372e00000,0x000000e372f00000)]
  0x0000021e4ec6d800 JavaThread "ClientHouseKeepingService" daemon [_thread_blocked, id=25956, stack(0x000000e372f00000,0x000000e373000000)]
  0x0000021e4ec71000 JavaThread "RequestHouseKeepingService" daemon [_thread_blocked, id=1896, stack(0x000000e373000000,0x000000e373100000)]
  0x0000021e4ec6d000 JavaThread "MQClientFactoryScheduledThread" [_thread_blocked, id=56476, stack(0x000000e373100000,0x000000e373200000)]
  0x0000021e4ec70000 JavaThread "PullMessageService" [_thread_blocked, id=51392, stack(0x000000e373300000,0x000000e373400000)]
  0x0000021e4ec6b000 JavaThread "RebalanceService" [_thread_blocked, id=57972, stack(0x000000e373400000,0x000000e373500000)]
  0x0000021e4ec74000 JavaThread "MQ-AsyncTraceDispatcher-Thread-a1f1e269-eb8b-4c2a-ab7e-f575af7d68f3" daemon [_thread_blocked, id=44372, stack(0x000000e373200000,0x000000e373300000)]
  0x0000021e4ec72000 JavaThread "NettyClientSelector_1" [_thread_in_native, id=23344, stack(0x000000e373700000,0x000000e373800000)]
  0x0000021e4ec72800 JavaThread "NettyClientSelector_1" [_thread_in_native, id=38536, stack(0x000000e373800000,0x000000e373900000)]
  0x0000021e4ec73800 JavaThread "NettyClientWorkerThread_1" [_thread_blocked, id=51936, stack(0x000000e373900000,0x000000e373a00000)]
  0x0000021e4ec75000 JavaThread "NettyClientWorkerThread_1" [_thread_blocked, id=3992, stack(0x000000e373a00000,0x000000e373b00000)]
  0x0000021e4ec6f800 JavaThread "NettyClientWorkerThread_2" [_thread_blocked, id=43796, stack(0x000000e373c00000,0x000000e373d00000)]
  0x0000021e4ec76000 JavaThread "NettyClientWorkerThread_2" [_thread_blocked, id=52312, stack(0x000000e373d00000,0x000000e373e00000)]
  0x0000021e4ec76800 JavaThread "com.alibaba.nacos.client.identify.watcher.0" daemon [_thread_blocked, id=56792, stack(0x000000e374000000,0x000000e374100000)]
  0x0000021e4ec77800 JavaThread "com.alibaba.nacos.client.config.security.updater" daemon [_thread_blocked, id=39956, stack(0x000000e374100000,0x000000e374200000)]
  0x0000021e4ec79000 JavaThread "com.alibaba.nacos.client.Worker.fixed-localhost_8848" daemon [_thread_blocked, id=51364, stack(0x000000e374200000,0x000000e374300000)]
  0x0000021e4ec78800 JavaThread "spring.cloud.inetutils" daemon [_thread_blocked, id=44692, stack(0x000000e371900000,0x000000e371a00000)]
  0x0000021e4ec7a000 JavaThread "RequestHouseKeepingService" daemon [_thread_blocked, id=54928, stack(0x000000e374300000,0x000000e374400000)]
  0x0000021e50eb8800 JavaThread "ConsumeMessageScheduledThread_1" [_thread_blocked, id=34108, stack(0x000000e374400000,0x000000e374500000)]
  0x0000021e50eb7800 JavaThread "NettyClientPublicExecutor_1" [_thread_blocked, id=51328, stack(0x000000e374500000,0x000000e374600000)]
  0x0000021e50eb5000 JavaThread "MQ-AsyncTraceDispatcher-Thread-569e2b0c-59ea-4cb0-a849-a0b81313c457" daemon [_thread_blocked, id=49248, stack(0x000000e374600000,0x000000e374700000)]
  0x0000021e50eb4800 JavaThread "com.alibaba.nacos.client.naming.updater" daemon [_thread_blocked, id=47008, stack(0x000000e374700000,0x000000e374800000)]
  0x0000021e50ebb000 JavaThread "com.alibaba.nacos.client.naming.updater" daemon [_thread_blocked, id=51576, stack(0x000000e374800000,0x000000e374900000)]
  0x0000021e50eb9000 JavaThread "com.alibaba.nacos.naming.failover" daemon [_thread_blocked, id=49728, stack(0x000000e374900000,0x000000e374a00000)]
  0x0000021e50eb6000 JavaThread "com.alibaba.nacos.naming.push.receiver" daemon [_thread_in_native, id=57492, stack(0x000000e374a00000,0x000000e374b00000)]
  0x0000021e50eb6800 JavaThread "nacos.publisher-com.alibaba.nacos.common.notify.SlowEvent" daemon [_thread_blocked, id=48372, stack(0x000000e374b00000,0x000000e374c00000)]
  0x0000021e50eba000 JavaThread "nacos.publisher-com.alibaba.nacos.client.naming.event.InstancesChangeEvent" daemon [_thread_blocked, id=53132, stack(0x000000e374c00000,0x000000e374d00000)]
  0x0000021e50b6f800 JavaThread "PullMessageServiceScheduledThread" [_thread_blocked, id=13480, stack(0x000000e374d00000,0x000000e374e00000)]
  0x0000021e50b6e800 JavaThread "com.alibaba.nacos.client.naming.updater" daemon [_thread_blocked, id=38888, stack(0x000000e374f00000,0x000000e375000000)]
  0x0000021e50b73000 JavaThread "Nacos-Watch-Task-Scheduler-1" [_thread_blocked, id=52568, stack(0x000000e375000000,0x000000e375100000)]
  0x0000021e50b6d000 JavaThread "http-nio-8092-Poller" daemon [_thread_in_native, id=864, stack(0x000000e375100000,0x000000e375200000)]
  0x0000021e50b73800 JavaThread "http-nio-8092-Acceptor" daemon [_thread_in_native, id=12632, stack(0x000000e375200000,0x000000e375300000)]
  0x0000021e50b6e000 JavaThread "com.alibaba.nacos.naming.beat.sender" daemon [_thread_blocked, id=51500, stack(0x000000e375300000,0x000000e375400000)]
  0x0000021e50b74800 JavaThread "com.alibaba.nacos.client.naming.updater" daemon [_thread_blocked, id=44156, stack(0x000000e375400000,0x000000e375500000)]
  0x0000021e50b75000 JavaThread "DestroyJavaVM" [_thread_blocked, id=24648, stack(0x000000e36fe00000,0x000000e36ff00000)]
  0x0000021e50b71000 JavaThread "com.alibaba.nacos.client.naming.updater" daemon [_thread_blocked, id=50984, stack(0x000000e375700000,0x000000e375800000)]
  0x0000021e50b77800 JavaThread "com.alibaba.nacos.naming.beat.sender" daemon [_thread_blocked, id=43044, stack(0x000000e375800000,0x000000e375900000)]
  0x0000021e50b72000 JavaThread "com.alibaba.nacos.client.naming.updater" daemon [_thread_blocked, id=54816, stack(0x000000e375900000,0x000000e375a00000)]
  0x0000021e50b79800 JavaThread "com.alibaba.nacos.naming.beat.sender" daemon [_thread_blocked, id=46816, stack(0x000000e375a00000,0x000000e375b00000)]
  0x0000021e50b7a000 JavaThread "com.alibaba.nacos.client.naming.updater" daemon [_thread_blocked, id=40580, stack(0x000000e375b00000,0x000000e375c00000)]
  0x0000021e50b7b000 JavaThread "com.alibaba.nacos.client.naming.updater" daemon [_thread_blocked, id=54416, stack(0x000000e375e00000,0x000000e375f00000)]
  0x0000021e50b78800 JavaThread "com.alibaba.nacos.naming.beat.sender" daemon [_thread_blocked, id=32048, stack(0x000000e375f00000,0x000000e376000000)]
  0x0000021e50b7b800 JavaThread "NettyClientPublicExecutor_2" [_thread_blocked, id=33140, stack(0x000000e376000000,0x000000e376100000)]
  0x0000021e4e8ec000 JavaThread "com.alibaba.nacos.naming.beat.sender" daemon [_thread_blocked, id=56024, stack(0x000000e376100000,0x000000e376200000)]
  0x0000021e4e8f1800 JavaThread "http-nio-8092-exec-1" daemon [_thread_blocked, id=49288, stack(0x000000e376200000,0x000000e376300000)]
  0x0000021e4e8f2800 JavaThread "lettuce-nioEventLoop-4-1" daemon [_thread_in_native, id=39224, stack(0x000000e376400000,0x000000e376500000)]
  0x0000021e4e8ed000 JavaThread "lettuce-eventExecutorLoop-1-1" daemon [_thread_blocked, id=44344, stack(0x000000e376500000,0x000000e376600000)]
  0x0000021e4e8ee800 JavaThread "http-nio-8092-exec-2" daemon [_thread_blocked, id=41168, stack(0x000000e376600000,0x000000e376700000)]
  0x0000021e4e8ef800 JavaThread "com.alibaba.nacos.naming.beat.sender" daemon [_thread_blocked, id=57256, stack(0x000000e376700000,0x000000e376800000)]
  0x0000021e4e8f3800 JavaThread "NettyClientPublicExecutor_1" daemon [_thread_blocked, id=51120, stack(0x000000e374e00000,0x000000e374f00000)]
  0x0000021e4e8f0000 JavaThread "http-nio-8092-exec-3" daemon [_thread_blocked, id=2300, stack(0x000000e376800000,0x000000e376900000)]
  0x0000021e4e8f1000 JavaThread "boundedElastic-evictor-1" daemon [_thread_blocked, id=53868, stack(0x000000e376900000,0x000000e376a00000)]
  0x0000021e4e8f8800 JavaThread "pool-4-thread-1" daemon [_thread_blocked, id=1776, stack(0x000000e376c00000,0x000000e376d00000)]
  0x0000021e4e8f6000 JavaThread "http-nio-8092-exec-4" daemon [_thread_blocked, id=2400, stack(0x000000e376d00000,0x000000e376e00000)]
  0x0000021e4e8f9000 JavaThread "NettyClientPublicExecutor_3" [_thread_blocked, id=53096, stack(0x000000e376e00000,0x000000e376f00000)]
  0x0000021e4e8ed800 JavaThread "NettyClientPublicExecutor_4" daemon [_thread_blocked, id=55740, stack(0x000000e36fb00000,0x000000e36fc00000)]
  0x0000021e4e8fa000 JavaThread "NettyClientPublicExecutor_5" [_thread_blocked, id=1280, stack(0x000000e36fc00000,0x000000e36fd00000)]
  0x0000021e4e8f5000 JavaThread "NettyClientPublicExecutor_2" [_thread_blocked, id=47552, stack(0x000000e36fd00000,0x000000e36fe00000)]
  0x0000021e4e8f4000 JavaThread "NettyClientPublicExecutor_6" [_thread_blocked, id=34980, stack(0x000000e371700000,0x000000e371800000)]
  0x0000021e4e8fa800 JavaThread "NettyClientWorkerThread_3" [_thread_blocked, id=27748, stack(0x000000e375500000,0x000000e375600000)]
  0x0000021e4e8f6800 JavaThread "NettyClientWorkerThread_3" [_thread_blocked, id=41684, stack(0x000000e375600000,0x000000e375700000)]
  0x0000021e50b70800 JavaThread "NettyClientWorkerThread_4" [_thread_blocked, id=55656, stack(0x000000e376a00000,0x000000e376b00000)]
  0x0000021e50b77000 JavaThread "NettyClientPublicExecutor_7" [_thread_blocked, id=53008, stack(0x000000e376b00000,0x000000e376c00000)]
  0x0000021e5174d800 JavaThread "NettyClientWorkerThread_4" [_thread_blocked, id=51108, stack(0x000000e376f00000,0x000000e377000000)]
  0x0000021e5174f800 JavaThread "NettyClientPublicExecutor_8" [_thread_blocked, id=46096, stack(0x000000e377000000,0x000000e377100000)]
  0x0000021e51750800 JavaThread "NettyClientPublicExecutor_9" [_thread_blocked, id=41600, stack(0x000000e377100000,0x000000e377200000)]
  0x0000021e5174e000 JavaThread "http-nio-8092-exec-5" daemon [_thread_blocked, id=55252, stack(0x000000e377200000,0x000000e377300000)]
  0x0000021e51751800 JavaThread "lettuce-eventExecutorLoop-1-2" daemon [_thread_blocked, id=56200, stack(0x000000e377300000,0x000000e377400000)]
  0x0000021e51752000 JavaThread "http-nio-8092-exec-6" daemon [_thread_blocked, id=21600, stack(0x000000e377400000,0x000000e377500000)]
  0x0000021e51754800 JavaThread "NettyClientPublicExecutor_10" [_thread_blocked, id=41864, stack(0x000000e375c00000,0x000000e375d00000)]
  0x0000021e51753000 JavaThread "NettyClientPublicExecutor_11" [_thread_blocked, id=36296, stack(0x000000e377600000,0x000000e377700000)]
  0x0000021e51755800 JavaThread "NettyClientPublicExecutor_12" [_thread_blocked, id=29492, stack(0x000000e377700000,0x000000e377800000)]
  0x0000021e51754000 JavaThread "http-nio-8092-exec-7" daemon [_thread_blocked, id=50828, stack(0x000000e377800000,0x000000e377900000)]
  0x0000021e5174f000 JavaThread "http-nio-8092-exec-8" daemon [_thread_blocked, id=34776, stack(0x000000e375d00000,0x000000e375e00000)]
  0x0000021e51757000 JavaThread "lettuce-eventExecutorLoop-1-3" daemon [_thread_blocked, id=52704, stack(0x000000e377900000,0x000000e377a00000)]
  0x0000021e51758000 JavaThread "http-nio-8092-exec-9" daemon [_thread_blocked, id=54728, stack(0x000000e377a00000,0x000000e377b00000)]
  0x0000021e51756000 JavaThread "http-nio-8092-exec-10" daemon [_thread_blocked, id=57004, stack(0x000000e377c00000,0x000000e377d00000)]
  0x0000021e51758800 JavaThread "lettuce-eventExecutorLoop-1-4" daemon [_thread_blocked, id=55172, stack(0x000000e377d00000,0x000000e377e00000)]
  0x0000021e5175b000 JavaThread "lettuce-eventExecutorLoop-1-5" daemon [_thread_blocked, id=39212, stack(0x000000e377e00000,0x000000e377f00000)]
  0x0000021e5175c000 JavaThread "lettuce-eventExecutorLoop-1-6" daemon [_thread_blocked, id=52900, stack(0x000000e377f00000,0x000000e378000000)]
  0x0000021e50b76000 JavaThread "lettuce-eventExecutorLoop-1-7" daemon [_thread_blocked, id=44504, stack(0x000000e378000000,0x000000e378100000)]
  0x0000021e4e8f7800 JavaThread "lettuce-eventExecutorLoop-1-8" daemon [_thread_blocked, id=43700, stack(0x000000e378100000,0x000000e378200000)]
  0x0000021e5195c800 JavaThread "lettuce-eventExecutorLoop-1-9" daemon [_thread_blocked, id=52756, stack(0x000000e378200000,0x000000e378300000)]
  0x0000021e5195e000 JavaThread "lettuce-eventExecutorLoop-1-10" daemon [_thread_blocked, id=15160, stack(0x000000e378400000,0x000000e378500000)]
  0x0000021e5195d000 JavaThread "lettuce-eventExecutorLoop-1-11" daemon [_thread_blocked, id=53540, stack(0x000000e378500000,0x000000e378600000)]
  0x0000021e5195f800 JavaThread "lettuce-eventExecutorLoop-1-12" daemon [_thread_blocked, id=57936, stack(0x000000e378600000,0x000000e378700000)]
  0x0000021e51960800 JavaThread "Keep-Alive-Timer" daemon [_thread_blocked, id=8164, stack(0x000000e377500000,0x000000e377600000)]

Other Threads:
=>0x0000021e4a944800 VMThread "VM Thread" [stack: 0x000000e370400000,0x000000e370500000] [id=52412] _threads_hazard_ptr=0x0000021e519b72c0
  0x0000021e4b6c6000 WatcherThread [stack: 0x000000e371600000,0x000000e371700000] [id=44640]
  0x0000021e242e2800 GCTaskThread "GC Thread#0" [stack: 0x000000e36ff00000,0x000000e370000000] [id=52472]
  0x0000021e4b646000 GCTaskThread "GC Thread#1" [stack: 0x000000e371000000,0x000000e371100000] [id=33064]
  0x0000021e4b646800 GCTaskThread "GC Thread#2" [stack: 0x000000e371100000,0x000000e371200000] [id=14948]
  0x0000021e4b649800 GCTaskThread "GC Thread#3" [stack: 0x000000e371200000,0x000000e371300000] [id=51688]
  0x0000021e4b64a800 GCTaskThread "GC Thread#4" [stack: 0x000000e371300000,0x000000e371400000] [id=52180]
  0x0000021e4b64b800 GCTaskThread "GC Thread#5" [stack: 0x000000e371400000,0x000000e371500000] [id=40872]
  0x0000021e4aa43800 GCTaskThread "GC Thread#6" [stack: 0x000000e371f00000,0x000000e372000000] [id=57076]
  0x0000021e4aa9e800 GCTaskThread "GC Thread#7" [stack: 0x000000e372000000,0x000000e372100000] [id=6816]
  0x0000021e4eca1000 GCTaskThread "GC Thread#8" [stack: 0x000000e373500000,0x000000e373600000] [id=40064]
  0x0000021e4eca1800 GCTaskThread "GC Thread#9" [stack: 0x000000e373600000,0x000000e373700000] [id=58244]
  0x0000021e24340800 ConcurrentGCThread "G1 Main Marker" [stack: 0x000000e370000000,0x000000e370100000] [id=36208]
  0x0000021e24344000 ConcurrentGCThread "G1 Conc#0" [stack: 0x000000e370100000,0x000000e370200000] [id=33692]
  0x0000021e4bce4000 ConcurrentGCThread "G1 Conc#1" [stack: 0x000000e371b00000,0x000000e371c00000] [id=57812]
  0x0000021e4bce9800 ConcurrentGCThread "G1 Conc#2" [stack: 0x000000e371c00000,0x000000e371d00000] [id=50140]
  0x0000021e49f9c000 ConcurrentGCThread "G1 Refine#0" [stack: 0x000000e370200000,0x000000e370300000] [id=58088]
  0x0000021e50cfc800 ConcurrentGCThread "G1 Refine#1" [stack: 0x000000e373e00000,0x000000e373f00000] [id=46968]
  0x0000021e50cff000 ConcurrentGCThread "G1 Refine#2" [stack: 0x000000e373f00000,0x000000e374000000] [id=55324]
  0x0000021e513d2800 ConcurrentGCThread "G1 Refine#3" [stack: 0x000000e376300000,0x000000e376400000] [id=47564]
  0x0000021e4e6f5800 ConcurrentGCThread "G1 Refine#4" [stack: 0x000000e378300000,0x000000e378400000] [id=36544]
  0x0000021e49f9d000 ConcurrentGCThread "G1 Young RemSet Sampling" [stack: 0x000000e370300000,0x000000e370400000] [id=34064]

Threads with active compile tasks:

VM state:at safepoint (normal execution)

VM Mutex/Monitor currently owned by a thread:  ([mutex/lock_event])
[0x0000021e242cb7d0] Threads_lock - owner thread: 0x0000021e4a944800

Heap address: 0x0000000701400000, size: 4076 MB, Compressed Oops mode: Zero based, Oop shift amount: 3
Narrow klass base: 0x0000000800000000, Narrow klass shift: 0
Compressed class space size: 1073741824 Address: 0x0000000800000000

Heap:
 garbage-first heap   total 262144K, used 146169K [0x0000000701400000, 0x0000000800000000)
  region size 1024K, 96 young (98304K), 8 survivors (8192K)
 Metaspace       used 83097K, capacity 86529K, committed 86608K, reserved 1124352K
  class space    used 10130K, capacity 11397K, committed 11448K, reserved 1048576K
Heap Regions: E=young(eden), S=young(survivor), O=old, HS=humongous(starts), HC=humongous(continues), CS=collection set, F=free, A=archive, TAMS=top-at-mark-start (previous, next)
|   0|0x0000000701400000, 0x0000000701500000, 0x0000000701500000|100%| O|  |TAMS 0x0000000701500000, 0x0000000701400000| Untracked 
|   1|0x0000000701500000, 0x0000000701600000, 0x0000000701600000|100%| O|  |TAMS 0x0000000701600000, 0x0000000701500000| Untracked 
|   2|0x0000000701600000, 0x0000000701700000, 0x0000000701700000|100%| O|  |TAMS 0x0000000701700000, 0x0000000701600000| Untracked 
|   3|0x0000000701700000, 0x00000007017ffff8, 0x0000000701800000| 99%| O|  |TAMS 0x00000007017ffff8, 0x0000000701700000| Untracked 
|   4|0x0000000701800000, 0x0000000701900000, 0x0000000701900000|100%| O|  |TAMS 0x0000000701900000, 0x0000000701800000| Untracked 
|   5|0x0000000701900000, 0x0000000701a00000, 0x0000000701a00000|100%| O|  |TAMS 0x0000000701a00000, 0x0000000701900000| Untracked 
|   6|0x0000000701a00000, 0x0000000701b00000, 0x0000000701b00000|100%| O|  |TAMS 0x0000000701b00000, 0x0000000701a00000| Untracked 
|   7|0x0000000701b00000, 0x0000000701c00000, 0x0000000701c00000|100%| O|  |TAMS 0x0000000701c00000, 0x0000000701b00000| Untracked 
|   8|0x0000000701c00000, 0x0000000701d00000, 0x0000000701d00000|100%| O|  |TAMS 0x0000000701d00000, 0x0000000701c00000| Untracked 
|   9|0x0000000701d00000, 0x0000000701e00000, 0x0000000701e00000|100%| O|  |TAMS 0x0000000701e00000, 0x0000000701d00000| Untracked 
|  10|0x0000000701e00000, 0x0000000701f00000, 0x0000000701f00000|100%| O|  |TAMS 0x0000000701f00000, 0x0000000701e00000| Untracked 
|  11|0x0000000701f00000, 0x0000000702000000, 0x0000000702000000|100%| O|  |TAMS 0x0000000702000000, 0x0000000701f00000| Untracked 
|  12|0x0000000702000000, 0x0000000702100000, 0x0000000702100000|100%| O|  |TAMS 0x0000000702100000, 0x0000000702000000| Untracked 
|  13|0x0000000702100000, 0x0000000702200000, 0x0000000702200000|100%| O|  |TAMS 0x0000000702200000, 0x0000000702100000| Untracked 
|  14|0x0000000702200000, 0x0000000702300000, 0x0000000702300000|100%| O|  |TAMS 0x0000000702300000, 0x0000000702200000| Untracked 
|  15|0x0000000702300000, 0x0000000702400000, 0x0000000702400000|100%| O|  |TAMS 0x0000000702400000, 0x0000000702300000| Untracked 
|  16|0x0000000702400000, 0x0000000702500000, 0x0000000702500000|100%| O|  |TAMS 0x0000000702500000, 0x0000000702400000| Untracked 
|  17|0x0000000702500000, 0x0000000702600000, 0x0000000702600000|100%| O|  |TAMS 0x0000000702600000, 0x0000000702500000| Untracked 
|  18|0x0000000702600000, 0x0000000702700000, 0x0000000702700000|100%| O|  |TAMS 0x0000000702700000, 0x0000000702600000| Untracked 
|  19|0x0000000702700000, 0x0000000702800000, 0x0000000702800000|100%| O|  |TAMS 0x0000000702800000, 0x0000000702700000| Untracked 
|  20|0x0000000702800000, 0x0000000702900000, 0x0000000702900000|100%| O|  |TAMS 0x0000000702900000, 0x0000000702800000| Untracked 
|  21|0x0000000702900000, 0x0000000702a00000, 0x0000000702a00000|100%| O|  |TAMS 0x0000000702a00000, 0x0000000702900000| Untracked 
|  22|0x0000000702a00000, 0x0000000702b00000, 0x0000000702b00000|100%| O|  |TAMS 0x0000000702b00000, 0x0000000702a00000| Untracked 
|  23|0x0000000702b00000, 0x0000000702c00000, 0x0000000702c00000|100%| O|  |TAMS 0x0000000702c00000, 0x0000000702b00000| Untracked 
|  24|0x0000000702c00000, 0x0000000702d00000, 0x0000000702d00000|100%| O|  |TAMS 0x0000000702d00000, 0x0000000702c00000| Untracked 
|  25|0x0000000702d00000, 0x0000000702e00000, 0x0000000702e00000|100%| O|  |TAMS 0x0000000702e00000, 0x0000000702d00000| Untracked 
|  26|0x0000000702e00000, 0x0000000702f00000, 0x0000000702f00000|100%| O|  |TAMS 0x0000000702f00000, 0x0000000702e00000| Untracked 
|  27|0x0000000702f00000, 0x0000000703000000, 0x0000000703000000|100%| O|  |TAMS 0x0000000702fdf600, 0x0000000702f00000| Untracked 
|  28|0x0000000703000000, 0x0000000703100000, 0x0000000703100000|100%| O|  |TAMS 0x0000000703000000, 0x0000000703000000| Untracked 
|  29|0x0000000703100000, 0x0000000703200000, 0x0000000703200000|100%| O|  |TAMS 0x0000000703100000, 0x0000000703100000| Untracked 
|  30|0x0000000703200000, 0x0000000703300000, 0x0000000703300000|100%| O|  |TAMS 0x0000000703200000, 0x0000000703200000| Untracked 
|  31|0x0000000703300000, 0x0000000703400000, 0x0000000703400000|100%| O|  |TAMS 0x0000000703300000, 0x0000000703300000| Untracked 
|  32|0x0000000703400000, 0x0000000703500000, 0x0000000703500000|100%| O|  |TAMS 0x0000000703400000, 0x0000000703400000| Untracked 
|  33|0x0000000703500000, 0x0000000703600000, 0x0000000703600000|100%| O|  |TAMS 0x0000000703500000, 0x0000000703500000| Untracked 
|  34|0x0000000703600000, 0x0000000703700000, 0x0000000703700000|100%| O|  |TAMS 0x0000000703600000, 0x0000000703600000| Untracked 
|  35|0x0000000703700000, 0x0000000703800000, 0x0000000703800000|100%| O|  |TAMS 0x0000000703700000, 0x0000000703700000| Untracked 
|  36|0x0000000703800000, 0x0000000703900000, 0x0000000703900000|100%| O|  |TAMS 0x0000000703800000, 0x0000000703800000| Untracked 
|  37|0x0000000703900000, 0x0000000703a00000, 0x0000000703a00000|100%| O|  |TAMS 0x0000000703900000, 0x0000000703900000| Untracked 
|  38|0x0000000703a00000, 0x0000000703b00000, 0x0000000703b00000|100%| O|  |TAMS 0x0000000703a00000, 0x0000000703a00000| Untracked 
|  39|0x0000000703b00000, 0x0000000703c00000, 0x0000000703c00000|100%| O|  |TAMS 0x0000000703b00000, 0x0000000703b00000| Untracked 
|  40|0x0000000703c00000, 0x0000000703d00000, 0x0000000703d00000|100%| O|  |TAMS 0x0000000703c00000, 0x0000000703c00000| Untracked 
|  41|0x0000000703d00000, 0x0000000703e00000, 0x0000000703e00000|100%| O|  |TAMS 0x0000000703d00000, 0x0000000703d00000| Untracked 
|  42|0x0000000703e00000, 0x0000000703f00000, 0x0000000703f00000|100%| O|  |TAMS 0x0000000703e00000, 0x0000000703e00000| Untracked 
|  43|0x0000000703f00000, 0x0000000704000000, 0x0000000704000000|100%| O|  |TAMS 0x0000000703f00000, 0x0000000703f00000| Untracked 
|  44|0x0000000704000000, 0x0000000704100000, 0x0000000704100000|100%| O|  |TAMS 0x0000000704000000, 0x0000000704000000| Untracked 
|  45|0x0000000704100000, 0x0000000704200000, 0x0000000704200000|100%| O|  |TAMS 0x0000000704100000, 0x0000000704100000| Untracked 
|  46|0x0000000704200000, 0x0000000704300000, 0x0000000704300000|100%| O|  |TAMS 0x0000000704200000, 0x0000000704200000| Untracked 
|  47|0x0000000704300000, 0x0000000704400000, 0x0000000704400000|100%| O|  |TAMS 0x0000000704300000, 0x0000000704300000| Untracked 
|  48|0x0000000704400000, 0x000000070443b000, 0x0000000704500000| 23%| O|  |TAMS 0x0000000704400000, 0x0000000704400000| Untracked 
|  49|0x0000000704500000, 0x0000000704500000, 0x0000000704600000|  0%| F|  |TAMS 0x0000000704500000, 0x0000000704500000| Untracked 
|  50|0x0000000704600000, 0x0000000704600000, 0x0000000704700000|  0%| F|  |TAMS 0x0000000704600000, 0x0000000704600000| Untracked 
|  51|0x0000000704700000, 0x0000000704700000, 0x0000000704800000|  0%| F|  |TAMS 0x0000000704700000, 0x0000000704700000| Untracked 
|  52|0x0000000704800000, 0x0000000704800000, 0x0000000704900000|  0%| F|  |TAMS 0x0000000704800000, 0x0000000704800000| Untracked 
|  53|0x0000000704900000, 0x0000000704900000, 0x0000000704a00000|  0%| F|  |TAMS 0x0000000704900000, 0x0000000704900000| Untracked 
|  54|0x0000000704a00000, 0x0000000704a00000, 0x0000000704b00000|  0%| F|  |TAMS 0x0000000704a00000, 0x0000000704a00000| Untracked 
|  55|0x0000000704b00000, 0x0000000704b00000, 0x0000000704c00000|  0%| F|  |TAMS 0x0000000704b00000, 0x0000000704b00000| Untracked 
|  56|0x0000000704c00000, 0x0000000704c00000, 0x0000000704d00000|  0%| F|  |TAMS 0x0000000704c00000, 0x0000000704c00000| Untracked 
|  57|0x0000000704d00000, 0x0000000704d00000, 0x0000000704e00000|  0%| F|  |TAMS 0x0000000704d00000, 0x0000000704d00000| Untracked 
|  58|0x0000000704e00000, 0x0000000704e00000, 0x0000000704f00000|  0%| F|  |TAMS 0x0000000704e00000, 0x0000000704e00000| Untracked 
|  59|0x0000000704f00000, 0x0000000704f00000, 0x0000000705000000|  0%| F|  |TAMS 0x0000000704f00000, 0x0000000704f00000| Untracked 
|  60|0x0000000705000000, 0x0000000705000000, 0x0000000705100000|  0%| F|  |TAMS 0x0000000705000000, 0x0000000705000000| Untracked 
|  61|0x0000000705100000, 0x0000000705100000, 0x0000000705200000|  0%| F|  |TAMS 0x0000000705100000, 0x0000000705100000| Untracked 
|  62|0x0000000705200000, 0x0000000705200000, 0x0000000705300000|  0%| F|  |TAMS 0x0000000705200000, 0x0000000705200000| Untracked 
|  63|0x0000000705300000, 0x0000000705300000, 0x0000000705400000|  0%| F|  |TAMS 0x0000000705300000, 0x0000000705300000| Untracked 
|  64|0x0000000705400000, 0x0000000705400000, 0x0000000705500000|  0%| F|  |TAMS 0x0000000705400000, 0x0000000705400000| Untracked 
|  65|0x0000000705500000, 0x0000000705500000, 0x0000000705600000|  0%| F|  |TAMS 0x0000000705500000, 0x0000000705500000| Untracked 
|  66|0x0000000705600000, 0x0000000705600000, 0x0000000705700000|  0%| F|  |TAMS 0x0000000705600000, 0x0000000705600000| Untracked 
|  67|0x0000000705700000, 0x0000000705700000, 0x0000000705800000|  0%| F|  |TAMS 0x0000000705700000, 0x0000000705700000| Untracked 
|  68|0x0000000705800000, 0x0000000705800000, 0x0000000705900000|  0%| F|  |TAMS 0x0000000705800000, 0x0000000705800000| Untracked 
|  69|0x0000000705900000, 0x0000000705900000, 0x0000000705a00000|  0%| F|  |TAMS 0x0000000705900000, 0x0000000705900000| Untracked 
|  70|0x0000000705a00000, 0x0000000705a00000, 0x0000000705b00000|  0%| F|  |TAMS 0x0000000705a00000, 0x0000000705a00000| Untracked 
|  71|0x0000000705b00000, 0x0000000705b00000, 0x0000000705c00000|  0%| F|  |TAMS 0x0000000705b00000, 0x0000000705b00000| Untracked 
|  72|0x0000000705c00000, 0x0000000705c00000, 0x0000000705d00000|  0%| F|  |TAMS 0x0000000705c00000, 0x0000000705c00000| Untracked 
|  73|0x0000000705d00000, 0x0000000705d00000, 0x0000000705e00000|  0%| F|  |TAMS 0x0000000705d00000, 0x0000000705d00000| Untracked 
|  74|0x0000000705e00000, 0x0000000705e00000, 0x0000000705f00000|  0%| F|  |TAMS 0x0000000705e00000, 0x0000000705e00000| Untracked 
|  75|0x0000000705f00000, 0x0000000705f00000, 0x0000000706000000|  0%| F|  |TAMS 0x0000000705f00000, 0x0000000705f00000| Untracked 
|  76|0x0000000706000000, 0x0000000706000000, 0x0000000706100000|  0%| F|  |TAMS 0x0000000706000000, 0x0000000706000000| Untracked 
|  77|0x0000000706100000, 0x0000000706100000, 0x0000000706200000|  0%| F|  |TAMS 0x0000000706100000, 0x0000000706100000| Untracked 
|  78|0x0000000706200000, 0x0000000706200000, 0x0000000706300000|  0%| F|  |TAMS 0x0000000706200000, 0x0000000706200000| Untracked 
|  79|0x0000000706300000, 0x0000000706300000, 0x0000000706400000|  0%| F|  |TAMS 0x0000000706300000, 0x0000000706300000| Untracked 
|  80|0x0000000706400000, 0x0000000706400000, 0x0000000706500000|  0%| F|  |TAMS 0x0000000706400000, 0x0000000706400000| Untracked 
|  81|0x0000000706500000, 0x0000000706500000, 0x0000000706600000|  0%| F|  |TAMS 0x0000000706500000, 0x0000000706500000| Untracked 
|  82|0x0000000706600000, 0x0000000706600000, 0x0000000706700000|  0%| F|  |TAMS 0x0000000706600000, 0x0000000706600000| Untracked 
|  83|0x0000000706700000, 0x0000000706700000, 0x0000000706800000|  0%| F|  |TAMS 0x0000000706700000, 0x0000000706700000| Untracked 
|  84|0x0000000706800000, 0x0000000706800000, 0x0000000706900000|  0%| F|  |TAMS 0x0000000706800000, 0x0000000706800000| Untracked 
|  85|0x0000000706900000, 0x0000000706900000, 0x0000000706a00000|  0%| F|  |TAMS 0x0000000706900000, 0x0000000706900000| Untracked 
|  86|0x0000000706a00000, 0x0000000706a00000, 0x0000000706b00000|  0%| F|  |TAMS 0x0000000706a00000, 0x0000000706a00000| Untracked 
|  87|0x0000000706b00000, 0x0000000706b00000, 0x0000000706c00000|  0%| F|  |TAMS 0x0000000706b00000, 0x0000000706b00000| Untracked 
|  88|0x0000000706c00000, 0x0000000706c00000, 0x0000000706d00000|  0%| F|  |TAMS 0x0000000706c00000, 0x0000000706c00000| Untracked 
|  89|0x0000000706d00000, 0x0000000706d00000, 0x0000000706e00000|  0%| F|  |TAMS 0x0000000706d00000, 0x0000000706d00000| Untracked 
|  90|0x0000000706e00000, 0x0000000706e00000, 0x0000000706f00000|  0%| F|  |TAMS 0x0000000706e00000, 0x0000000706e00000| Untracked 
|  91|0x0000000706f00000, 0x0000000706f00000, 0x0000000707000000|  0%| F|  |TAMS 0x0000000706f00000, 0x0000000706f00000| Untracked 
|  92|0x0000000707000000, 0x0000000707000000, 0x0000000707100000|  0%| F|  |TAMS 0x0000000707000000, 0x0000000707000000| Untracked 
|  93|0x0000000707100000, 0x0000000707100000, 0x0000000707200000|  0%| F|  |TAMS 0x0000000707100000, 0x0000000707100000| Untracked 
|  94|0x0000000707200000, 0x0000000707200000, 0x0000000707300000|  0%| F|  |TAMS 0x0000000707200000, 0x0000000707200000| Untracked 
|  95|0x0000000707300000, 0x0000000707300000, 0x0000000707400000|  0%| F|  |TAMS 0x0000000707300000, 0x0000000707300000| Untracked 
|  96|0x0000000707400000, 0x0000000707400000, 0x0000000707500000|  0%| F|  |TAMS 0x0000000707400000, 0x0000000707400000| Untracked 
|  97|0x0000000707500000, 0x0000000707500000, 0x0000000707600000|  0%| F|  |TAMS 0x0000000707500000, 0x0000000707500000| Untracked 
|  98|0x0000000707600000, 0x0000000707600000, 0x0000000707700000|  0%| F|  |TAMS 0x0000000707600000, 0x0000000707600000| Untracked 
|  99|0x0000000707700000, 0x0000000707700000, 0x0000000707800000|  0%| F|  |TAMS 0x0000000707700000, 0x0000000707700000| Untracked 
| 100|0x0000000707800000, 0x0000000707800000, 0x0000000707900000|  0%| F|  |TAMS 0x0000000707800000, 0x0000000707800000| Untracked 
| 101|0x0000000707900000, 0x0000000707900000, 0x0000000707a00000|  0%| F|  |TAMS 0x0000000707900000, 0x0000000707900000| Untracked 
| 102|0x0000000707a00000, 0x0000000707a00000, 0x0000000707b00000|  0%| F|  |TAMS 0x0000000707a00000, 0x0000000707a00000| Untracked 
| 103|0x0000000707b00000, 0x0000000707b83730, 0x0000000707c00000| 51%| S|CS|TAMS 0x0000000707b00000, 0x0000000707b00000| Complete 
| 104|0x0000000707c00000, 0x0000000707d00000, 0x0000000707d00000|100%| S|CS|TAMS 0x0000000707c00000, 0x0000000707c00000| Complete 
| 105|0x0000000707d00000, 0x0000000707e00000, 0x0000000707e00000|100%| S|CS|TAMS 0x0000000707d00000, 0x0000000707d00000| Complete 
| 106|0x0000000707e00000, 0x0000000707f00000, 0x0000000707f00000|100%| S|CS|TAMS 0x0000000707e00000, 0x0000000707e00000| Complete 
| 107|0x0000000707f00000, 0x0000000708000000, 0x0000000708000000|100%| S|CS|TAMS 0x0000000707f00000, 0x0000000707f00000| Complete 
| 108|0x0000000708000000, 0x0000000708100000, 0x0000000708100000|100%| S|CS|TAMS 0x0000000708000000, 0x0000000708000000| Complete 
| 109|0x0000000708100000, 0x0000000708200000, 0x0000000708200000|100%| S|CS|TAMS 0x0000000708100000, 0x0000000708100000| Complete 
| 110|0x0000000708200000, 0x0000000708300000, 0x0000000708300000|100%| S|CS|TAMS 0x0000000708200000, 0x0000000708200000| Complete 
| 111|0x0000000708300000, 0x0000000708300000, 0x0000000708400000|  0%| F|  |TAMS 0x0000000708300000, 0x0000000708300000| Untracked 
| 112|0x0000000708400000, 0x0000000708400000, 0x0000000708500000|  0%| F|  |TAMS 0x0000000708400000, 0x0000000708400000| Untracked 
| 113|0x0000000708500000, 0x0000000708500000, 0x0000000708600000|  0%| F|  |TAMS 0x0000000708500000, 0x0000000708500000| Untracked 
| 114|0x0000000708600000, 0x0000000708600000, 0x0000000708700000|  0%| F|  |TAMS 0x0000000708600000, 0x0000000708600000| Untracked 
| 115|0x0000000708700000, 0x0000000708700000, 0x0000000708800000|  0%| F|  |TAMS 0x0000000708700000, 0x0000000708700000| Untracked 
| 116|0x0000000708800000, 0x0000000708800000, 0x0000000708900000|  0%| F|  |TAMS 0x0000000708800000, 0x0000000708800000| Untracked 
| 117|0x0000000708900000, 0x0000000708900000, 0x0000000708a00000|  0%| F|  |TAMS 0x0000000708900000, 0x0000000708900000| Untracked 
| 118|0x0000000708a00000, 0x0000000708a00000, 0x0000000708b00000|  0%| F|  |TAMS 0x0000000708a00000, 0x0000000708a00000| Untracked 
| 119|0x0000000708b00000, 0x0000000708b00000, 0x0000000708c00000|  0%| F|  |TAMS 0x0000000708b00000, 0x0000000708b00000| Untracked 
| 120|0x0000000708c00000, 0x0000000708c00000, 0x0000000708d00000|  0%| F|  |TAMS 0x0000000708c00000, 0x0000000708c00000| Untracked 
| 121|0x0000000708d00000, 0x0000000708d00000, 0x0000000708e00000|  0%| F|  |TAMS 0x0000000708d00000, 0x0000000708d00000| Untracked 
| 122|0x0000000708e00000, 0x0000000708e00000, 0x0000000708f00000|  0%| F|  |TAMS 0x0000000708e00000, 0x0000000708e00000| Untracked 
| 123|0x0000000708f00000, 0x0000000708f00000, 0x0000000709000000|  0%| F|  |TAMS 0x0000000708f00000, 0x0000000708f00000| Untracked 
| 124|0x0000000709000000, 0x0000000709000000, 0x0000000709100000|  0%| F|  |TAMS 0x0000000709000000, 0x0000000709000000| Untracked 
| 125|0x0000000709100000, 0x0000000709100000, 0x0000000709200000|  0%| F|  |TAMS 0x0000000709100000, 0x0000000709100000| Untracked 
| 126|0x0000000709200000, 0x0000000709200000, 0x0000000709300000|  0%| F|  |TAMS 0x0000000709200000, 0x0000000709200000| Untracked 
| 127|0x0000000709300000, 0x0000000709300000, 0x0000000709400000|  0%| F|  |TAMS 0x0000000709300000, 0x0000000709300000| Untracked 
| 128|0x0000000709400000, 0x0000000709400000, 0x0000000709500000|  0%| F|  |TAMS 0x0000000709400000, 0x0000000709400000| Untracked 
| 129|0x0000000709500000, 0x0000000709500000, 0x0000000709600000|  0%| F|  |TAMS 0x0000000709500000, 0x0000000709500000| Untracked 
| 130|0x0000000709600000, 0x0000000709600000, 0x0000000709700000|  0%| F|  |TAMS 0x0000000709600000, 0x0000000709600000| Untracked 
| 131|0x0000000709700000, 0x0000000709700000, 0x0000000709800000|  0%| F|  |TAMS 0x0000000709700000, 0x0000000709700000| Untracked 
| 132|0x0000000709800000, 0x0000000709800000, 0x0000000709900000|  0%| F|  |TAMS 0x0000000709800000, 0x0000000709800000| Untracked 
| 133|0x0000000709900000, 0x0000000709900000, 0x0000000709a00000|  0%| F|  |TAMS 0x0000000709900000, 0x0000000709900000| Untracked 
| 134|0x0000000709a00000, 0x0000000709a00000, 0x0000000709b00000|  0%| F|  |TAMS 0x0000000709a00000, 0x0000000709a00000| Untracked 
| 135|0x0000000709b00000, 0x0000000709b00000, 0x0000000709c00000|  0%| F|  |TAMS 0x0000000709b00000, 0x0000000709b00000| Untracked 
| 136|0x0000000709c00000, 0x0000000709c00000, 0x0000000709d00000|  0%| F|  |TAMS 0x0000000709c00000, 0x0000000709c00000| Untracked 
| 137|0x0000000709d00000, 0x0000000709d00000, 0x0000000709e00000|  0%| F|  |TAMS 0x0000000709d00000, 0x0000000709d00000| Untracked 
| 138|0x0000000709e00000, 0x0000000709e00000, 0x0000000709f00000|  0%| F|  |TAMS 0x0000000709e00000, 0x0000000709e00000| Untracked 
| 139|0x0000000709f00000, 0x0000000709f00000, 0x000000070a000000|  0%| F|  |TAMS 0x0000000709f00000, 0x0000000709f00000| Untracked 
| 140|0x000000070a000000, 0x000000070a000000, 0x000000070a100000|  0%| F|  |TAMS 0x000000070a000000, 0x000000070a000000| Untracked 
| 141|0x000000070a100000, 0x000000070a100000, 0x000000070a200000|  0%| F|  |TAMS 0x000000070a100000, 0x000000070a100000| Untracked 
| 142|0x000000070a200000, 0x000000070a200000, 0x000000070a300000|  0%| F|  |TAMS 0x000000070a200000, 0x000000070a200000| Untracked 
| 143|0x000000070a300000, 0x000000070a300000, 0x000000070a400000|  0%| F|  |TAMS 0x000000070a300000, 0x000000070a300000| Untracked 
| 144|0x000000070a400000, 0x000000070a400000, 0x000000070a500000|  0%| F|  |TAMS 0x000000070a400000, 0x000000070a400000| Untracked 
| 145|0x000000070a500000, 0x000000070a500000, 0x000000070a600000|  0%| F|  |TAMS 0x000000070a500000, 0x000000070a500000| Untracked 
| 146|0x000000070a600000, 0x000000070a600000, 0x000000070a700000|  0%| F|  |TAMS 0x000000070a600000, 0x000000070a600000| Untracked 
| 147|0x000000070a700000, 0x000000070a700000, 0x000000070a800000|  0%| F|  |TAMS 0x000000070a700000, 0x000000070a700000| Untracked 
| 148|0x000000070a800000, 0x000000070a800000, 0x000000070a900000|  0%| F|  |TAMS 0x000000070a800000, 0x000000070a800000| Untracked 
| 149|0x000000070a900000, 0x000000070a900000, 0x000000070aa00000|  0%| F|  |TAMS 0x000000070a900000, 0x000000070a900000| Untracked 
| 150|0x000000070aa00000, 0x000000070aa00000, 0x000000070ab00000|  0%| F|  |TAMS 0x000000070aa00000, 0x000000070aa00000| Untracked 
| 151|0x000000070ab00000, 0x000000070ab00000, 0x000000070ac00000|  0%| F|  |TAMS 0x000000070ab00000, 0x000000070ab00000| Untracked 
| 152|0x000000070ac00000, 0x000000070ac00000, 0x000000070ad00000|  0%| F|  |TAMS 0x000000070ac00000, 0x000000070ac00000| Untracked 
| 153|0x000000070ad00000, 0x000000070ad00000, 0x000000070ae00000|  0%| F|  |TAMS 0x000000070ad00000, 0x000000070ad00000| Untracked 
| 154|0x000000070ae00000, 0x000000070ae00000, 0x000000070af00000|  0%| F|  |TAMS 0x000000070ae00000, 0x000000070ae00000| Untracked 
| 155|0x000000070af00000, 0x000000070af00000, 0x000000070b000000|  0%| F|  |TAMS 0x000000070af00000, 0x000000070af00000| Untracked 
| 156|0x000000070b000000, 0x000000070b000000, 0x000000070b100000|  0%| F|  |TAMS 0x000000070b000000, 0x000000070b000000| Untracked 
| 157|0x000000070b100000, 0x000000070b100000, 0x000000070b200000|  0%| F|  |TAMS 0x000000070b100000, 0x000000070b100000| Untracked 
| 158|0x000000070b200000, 0x000000070b200000, 0x000000070b300000|  0%| F|  |TAMS 0x000000070b200000, 0x000000070b200000| Untracked 
| 159|0x000000070b300000, 0x000000070b300000, 0x000000070b400000|  0%| F|  |TAMS 0x000000070b300000, 0x000000070b300000| Untracked 
| 160|0x000000070b400000, 0x000000070b400000, 0x000000070b500000|  0%| F|  |TAMS 0x000000070b400000, 0x000000070b400000| Untracked 
| 161|0x000000070b500000, 0x000000070b500000, 0x000000070b600000|  0%| F|  |TAMS 0x000000070b500000, 0x000000070b500000| Untracked 
| 162|0x000000070b600000, 0x000000070b600000, 0x000000070b700000|  0%| F|  |TAMS 0x000000070b600000, 0x000000070b600000| Untracked 
| 163|0x000000070b700000, 0x000000070b700000, 0x000000070b800000|  0%| F|  |TAMS 0x000000070b700000, 0x000000070b700000| Untracked 
| 164|0x000000070b800000, 0x000000070b800000, 0x000000070b900000|  0%| F|  |TAMS 0x000000070b800000, 0x000000070b800000| Untracked 
| 165|0x000000070b900000, 0x000000070b900000, 0x000000070ba00000|  0%| F|  |TAMS 0x000000070b900000, 0x000000070b900000| Untracked 
| 166|0x000000070ba00000, 0x000000070ba00000, 0x000000070bb00000|  0%| F|  |TAMS 0x000000070ba00000, 0x000000070ba00000| Untracked 
| 167|0x000000070bb00000, 0x000000070bb00000, 0x000000070bc00000|  0%| F|  |TAMS 0x000000070bb00000, 0x000000070bb00000| Untracked 
| 168|0x000000070bc00000, 0x000000070bcf8be0, 0x000000070bd00000| 97%| E|  |TAMS 0x000000070bc00000, 0x000000070bc00000| Complete 
| 169|0x000000070bd00000, 0x000000070be00000, 0x000000070be00000|100%| E|CS|TAMS 0x000000070bd00000, 0x000000070bd00000| Complete 
| 170|0x000000070be00000, 0x000000070bf00000, 0x000000070bf00000|100%| E|CS|TAMS 0x000000070be00000, 0x000000070be00000| Complete 
| 171|0x000000070bf00000, 0x000000070c000000, 0x000000070c000000|100%| E|CS|TAMS 0x000000070bf00000, 0x000000070bf00000| Complete 
| 172|0x000000070c000000, 0x000000070c100000, 0x000000070c100000|100%| E|CS|TAMS 0x000000070c000000, 0x000000070c000000| Complete 
| 173|0x000000070c100000, 0x000000070c200000, 0x000000070c200000|100%| E|CS|TAMS 0x000000070c100000, 0x000000070c100000| Complete 
| 174|0x000000070c200000, 0x000000070c300000, 0x000000070c300000|100%| E|CS|TAMS 0x000000070c200000, 0x000000070c200000| Complete 
| 175|0x000000070c300000, 0x000000070c400000, 0x000000070c400000|100%| E|CS|TAMS 0x000000070c300000, 0x000000070c300000| Complete 
| 176|0x000000070c400000, 0x000000070c500000, 0x000000070c500000|100%| E|CS|TAMS 0x000000070c400000, 0x000000070c400000| Complete 
| 177|0x000000070c500000, 0x000000070c600000, 0x000000070c600000|100%| E|CS|TAMS 0x000000070c500000, 0x000000070c500000| Complete 
| 178|0x000000070c600000, 0x000000070c700000, 0x000000070c700000|100%| E|CS|TAMS 0x000000070c600000, 0x000000070c600000| Complete 
| 179|0x000000070c700000, 0x000000070c800000, 0x000000070c800000|100%| E|CS|TAMS 0x000000070c700000, 0x000000070c700000| Complete 
| 180|0x000000070c800000, 0x000000070c900000, 0x000000070c900000|100%| E|CS|TAMS 0x000000070c800000, 0x000000070c800000| Complete 
| 181|0x000000070c900000, 0x000000070ca00000, 0x000000070ca00000|100%| E|CS|TAMS 0x000000070c900000, 0x000000070c900000| Complete 
| 182|0x000000070ca00000, 0x000000070cb00000, 0x000000070cb00000|100%| E|CS|TAMS 0x000000070ca00000, 0x000000070ca00000| Complete 
| 183|0x000000070cb00000, 0x000000070cc00000, 0x000000070cc00000|100%| E|CS|TAMS 0x000000070cb00000, 0x000000070cb00000| Complete 
| 184|0x000000070cc00000, 0x000000070cd00000, 0x000000070cd00000|100%| E|CS|TAMS 0x000000070cc00000, 0x000000070cc00000| Complete 
| 185|0x000000070cd00000, 0x000000070ce00000, 0x000000070ce00000|100%| E|CS|TAMS 0x000000070cd00000, 0x000000070cd00000| Complete 
| 186|0x000000070ce00000, 0x000000070cf00000, 0x000000070cf00000|100%| E|CS|TAMS 0x000000070ce00000, 0x000000070ce00000| Complete 
| 187|0x000000070cf00000, 0x000000070d000000, 0x000000070d000000|100%| E|CS|TAMS 0x000000070cf00000, 0x000000070cf00000| Complete 
| 188|0x000000070d000000, 0x000000070d100000, 0x000000070d100000|100%| E|CS|TAMS 0x000000070d000000, 0x000000070d000000| Complete 
| 189|0x000000070d100000, 0x000000070d200000, 0x000000070d200000|100%| E|CS|TAMS 0x000000070d100000, 0x000000070d100000| Complete 
| 190|0x000000070d200000, 0x000000070d300000, 0x000000070d300000|100%| E|CS|TAMS 0x000000070d200000, 0x000000070d200000| Complete 
| 191|0x000000070d300000, 0x000000070d400000, 0x000000070d400000|100%| E|CS|TAMS 0x000000070d300000, 0x000000070d300000| Complete 
| 192|0x000000070d400000, 0x000000070d500000, 0x000000070d500000|100%| E|CS|TAMS 0x000000070d400000, 0x000000070d400000| Complete 
| 193|0x000000070d500000, 0x000000070d600000, 0x000000070d600000|100%| E|CS|TAMS 0x000000070d500000, 0x000000070d500000| Complete 
| 194|0x000000070d600000, 0x000000070d700000, 0x000000070d700000|100%| E|CS|TAMS 0x000000070d600000, 0x000000070d600000| Complete 
| 195|0x000000070d700000, 0x000000070d800000, 0x000000070d800000|100%| E|CS|TAMS 0x000000070d700000, 0x000000070d700000| Complete 
| 196|0x000000070d800000, 0x000000070d900000, 0x000000070d900000|100%| E|CS|TAMS 0x000000070d800000, 0x000000070d800000| Complete 
| 197|0x000000070d900000, 0x000000070da00000, 0x000000070da00000|100%| E|CS|TAMS 0x000000070d900000, 0x000000070d900000| Complete 
| 198|0x000000070da00000, 0x000000070db00000, 0x000000070db00000|100%| E|CS|TAMS 0x000000070da00000, 0x000000070da00000| Complete 
| 199|0x000000070db00000, 0x000000070dc00000, 0x000000070dc00000|100%| E|CS|TAMS 0x000000070db00000, 0x000000070db00000| Complete 
| 200|0x000000070dc00000, 0x000000070dd00000, 0x000000070dd00000|100%| E|CS|TAMS 0x000000070dc00000, 0x000000070dc00000| Complete 
| 201|0x000000070dd00000, 0x000000070de00000, 0x000000070de00000|100%| E|CS|TAMS 0x000000070dd00000, 0x000000070dd00000| Complete 
| 202|0x000000070de00000, 0x000000070df00000, 0x000000070df00000|100%| E|CS|TAMS 0x000000070de00000, 0x000000070de00000| Complete 
| 203|0x000000070df00000, 0x000000070e000000, 0x000000070e000000|100%| E|CS|TAMS 0x000000070df00000, 0x000000070df00000| Complete 
| 204|0x000000070e000000, 0x000000070e100000, 0x000000070e100000|100%| E|CS|TAMS 0x000000070e000000, 0x000000070e000000| Complete 
| 205|0x000000070e100000, 0x000000070e200000, 0x000000070e200000|100%| E|CS|TAMS 0x000000070e100000, 0x000000070e100000| Complete 
| 206|0x000000070e200000, 0x000000070e300000, 0x000000070e300000|100%| E|CS|TAMS 0x000000070e200000, 0x000000070e200000| Complete 
| 207|0x000000070e300000, 0x000000070e400000, 0x000000070e400000|100%| E|CS|TAMS 0x000000070e300000, 0x000000070e300000| Complete 
| 208|0x000000070e400000, 0x000000070e500000, 0x000000070e500000|100%| E|CS|TAMS 0x000000070e400000, 0x000000070e400000| Complete 
| 209|0x000000070e500000, 0x000000070e600000, 0x000000070e600000|100%| E|CS|TAMS 0x000000070e500000, 0x000000070e500000| Complete 
| 210|0x000000070e600000, 0x000000070e700000, 0x000000070e700000|100%| E|CS|TAMS 0x000000070e600000, 0x000000070e600000| Complete 
| 211|0x000000070e700000, 0x000000070e800000, 0x000000070e800000|100%| E|CS|TAMS 0x000000070e700000, 0x000000070e700000| Complete 
| 212|0x000000070e800000, 0x000000070e900000, 0x000000070e900000|100%| E|CS|TAMS 0x000000070e800000, 0x000000070e800000| Complete 
| 213|0x000000070e900000, 0x000000070ea00000, 0x000000070ea00000|100%| E|CS|TAMS 0x000000070e900000, 0x000000070e900000| Complete 
| 214|0x000000070ea00000, 0x000000070eb00000, 0x000000070eb00000|100%| E|CS|TAMS 0x000000070ea00000, 0x000000070ea00000| Complete 
| 215|0x000000070eb00000, 0x000000070ec00000, 0x000000070ec00000|100%| E|CS|TAMS 0x000000070eb00000, 0x000000070eb00000| Complete 
| 216|0x000000070ec00000, 0x000000070ed00000, 0x000000070ed00000|100%| E|CS|TAMS 0x000000070ec00000, 0x000000070ec00000| Complete 
| 217|0x000000070ed00000, 0x000000070ee00000, 0x000000070ee00000|100%| E|CS|TAMS 0x000000070ed00000, 0x000000070ed00000| Complete 
| 218|0x000000070ee00000, 0x000000070ef00000, 0x000000070ef00000|100%| E|CS|TAMS 0x000000070ee00000, 0x000000070ee00000| Complete 
| 219|0x000000070ef00000, 0x000000070f000000, 0x000000070f000000|100%| E|CS|TAMS 0x000000070ef00000, 0x000000070ef00000| Complete 
| 220|0x000000070f000000, 0x000000070f100000, 0x000000070f100000|100%| E|CS|TAMS 0x000000070f000000, 0x000000070f000000| Complete 
| 221|0x000000070f100000, 0x000000070f200000, 0x000000070f200000|100%| E|CS|TAMS 0x000000070f100000, 0x000000070f100000| Complete 
| 222|0x000000070f200000, 0x000000070f300000, 0x000000070f300000|100%| E|CS|TAMS 0x000000070f200000, 0x000000070f200000| Complete 
| 223|0x000000070f300000, 0x000000070f400000, 0x000000070f400000|100%| E|CS|TAMS 0x000000070f300000, 0x000000070f300000| Complete 
| 224|0x000000070f400000, 0x000000070f500000, 0x000000070f500000|100%| E|CS|TAMS 0x000000070f400000, 0x000000070f400000| Complete 
| 225|0x000000070f500000, 0x000000070f600000, 0x000000070f600000|100%| E|CS|TAMS 0x000000070f500000, 0x000000070f500000| Complete 
| 226|0x000000070f600000, 0x000000070f700000, 0x000000070f700000|100%| E|CS|TAMS 0x000000070f600000, 0x000000070f600000| Complete 
| 227|0x000000070f700000, 0x000000070f800000, 0x000000070f800000|100%| E|CS|TAMS 0x000000070f700000, 0x000000070f700000| Complete 
| 228|0x000000070f800000, 0x000000070f900000, 0x000000070f900000|100%| E|CS|TAMS 0x000000070f800000, 0x000000070f800000| Complete 
| 229|0x000000070f900000, 0x000000070fa00000, 0x000000070fa00000|100%| E|CS|TAMS 0x000000070f900000, 0x000000070f900000| Complete 
| 230|0x000000070fa00000, 0x000000070fb00000, 0x000000070fb00000|100%| E|CS|TAMS 0x000000070fa00000, 0x000000070fa00000| Complete 
| 231|0x000000070fb00000, 0x000000070fc00000, 0x000000070fc00000|100%| E|CS|TAMS 0x000000070fb00000, 0x000000070fb00000| Complete 
| 232|0x000000070fc00000, 0x000000070fd00000, 0x000000070fd00000|100%| E|CS|TAMS 0x000000070fc00000, 0x000000070fc00000| Complete 
| 233|0x000000070fd00000, 0x000000070fe00000, 0x000000070fe00000|100%| E|CS|TAMS 0x000000070fd00000, 0x000000070fd00000| Complete 
| 234|0x000000070fe00000, 0x000000070ff00000, 0x000000070ff00000|100%| E|CS|TAMS 0x000000070fe00000, 0x000000070fe00000| Complete 
| 235|0x000000070ff00000, 0x0000000710000000, 0x0000000710000000|100%| E|CS|TAMS 0x000000070ff00000, 0x000000070ff00000| Complete 
| 236|0x0000000710000000, 0x0000000710100000, 0x0000000710100000|100%| E|CS|TAMS 0x0000000710000000, 0x0000000710000000| Complete 
| 237|0x0000000710100000, 0x0000000710200000, 0x0000000710200000|100%| E|CS|TAMS 0x0000000710100000, 0x0000000710100000| Complete 
| 238|0x0000000710200000, 0x0000000710300000, 0x0000000710300000|100%| E|CS|TAMS 0x0000000710200000, 0x0000000710200000| Complete 
| 239|0x0000000710300000, 0x0000000710400000, 0x0000000710400000|100%| E|CS|TAMS 0x0000000710300000, 0x0000000710300000| Complete 
| 240|0x0000000710400000, 0x0000000710500000, 0x0000000710500000|100%| E|CS|TAMS 0x0000000710400000, 0x0000000710400000| Complete 
| 241|0x0000000710500000, 0x0000000710600000, 0x0000000710600000|100%| E|CS|TAMS 0x0000000710500000, 0x0000000710500000| Complete 
| 242|0x0000000710600000, 0x0000000710700000, 0x0000000710700000|100%| E|CS|TAMS 0x0000000710600000, 0x0000000710600000| Complete 
| 243|0x0000000710700000, 0x0000000710800000, 0x0000000710800000|100%| E|CS|TAMS 0x0000000710700000, 0x0000000710700000| Complete 
| 244|0x0000000710800000, 0x0000000710900000, 0x0000000710900000|100%| E|CS|TAMS 0x0000000710800000, 0x0000000710800000| Complete 
| 245|0x0000000710900000, 0x0000000710a00000, 0x0000000710a00000|100%| E|CS|TAMS 0x0000000710900000, 0x0000000710900000| Complete 
| 246|0x0000000710a00000, 0x0000000710b00000, 0x0000000710b00000|100%| E|CS|TAMS 0x0000000710a00000, 0x0000000710a00000| Complete 
| 247|0x0000000710b00000, 0x0000000710c00000, 0x0000000710c00000|100%| E|CS|TAMS 0x0000000710b00000, 0x0000000710b00000| Complete 
| 248|0x0000000710c00000, 0x0000000710d00000, 0x0000000710d00000|100%| E|CS|TAMS 0x0000000710c00000, 0x0000000710c00000| Complete 
| 249|0x0000000710d00000, 0x0000000710e00000, 0x0000000710e00000|100%| E|CS|TAMS 0x0000000710d00000, 0x0000000710d00000| Complete 
| 250|0x0000000710e00000, 0x0000000710f00000, 0x0000000710f00000|100%| E|CS|TAMS 0x0000000710e00000, 0x0000000710e00000| Complete 
| 251|0x0000000710f00000, 0x0000000711000000, 0x0000000711000000|100%| E|CS|TAMS 0x0000000710f00000, 0x0000000710f00000| Complete 
| 252|0x0000000711000000, 0x0000000711100000, 0x0000000711100000|100%| E|CS|TAMS 0x0000000711000000, 0x0000000711000000| Complete 
| 253|0x0000000711100000, 0x0000000711200000, 0x0000000711200000|100%| E|CS|TAMS 0x0000000711100000, 0x0000000711100000| Complete 
| 254|0x0000000711200000, 0x0000000711300000, 0x0000000711300000|100%| E|CS|TAMS 0x0000000711200000, 0x0000000711200000| Complete 
| 255|0x0000000711300000, 0x0000000711400000, 0x0000000711400000|100%| E|CS|TAMS 0x0000000711300000, 0x0000000711300000| Complete 

Card table byte_map: [0x0000021e3e3a0000,0x0000021e3eba0000] _byte_map_base: 0x0000021e3ab96000

Marking Bits (Prev, Next): (CMBitMap*) 0x0000021e2432fec8, (CMBitMap*) 0x0000021e2432ff00
 Prev Bits: [0x0000021e3f3a0000, 0x0000021e43350000)
 Next Bits: [0x0000021e43350000, 0x0000021e47300000)

Polling page: 0x0000021e2dee0000

Metaspace:

Usage:
  Non-class:     73.37 MB capacity,    71.26 MB ( 97%) used,     1.75 MB (  2%) free+waste,   374.75 KB ( <1%) overhead. 
      Class:     11.13 MB capacity,     9.89 MB ( 89%) used,     1.06 MB ( 10%) free+waste,   179.50 KB (  2%) overhead. 
       Both:     84.50 MB capacity,    81.15 MB ( 96%) used,     2.81 MB (  3%) free+waste,   554.25 KB ( <1%) overhead. 

Virtual space:
  Non-class space:       74.00 MB reserved,      73.40 MB (>99%) committed 
      Class space:        1.00 GB reserved,      11.18 MB (  1%) committed 
             Both:        1.07 GB reserved,      84.58 MB (  8%) committed 

Chunk freelists:
   Non-Class:  3.50 KB
       Class:  0 bytes
        Both:  3.50 KB

CodeHeap 'non-profiled nmethods': size=238336Kb used=26751Kb max_used=26751Kb free=211585Kb
 bounds [0x0000021e2e640000, 0x0000021e30070000, 0x0000021e3cf00000]
CodeHeap 'non-nmethods': size=7424Kb used=1404Kb max_used=1404Kb free=6019Kb
 bounds [0x0000021e2df00000, 0x0000021e2e170000, 0x0000021e2e640000]
 total_blobs=14932 nmethods=14211 adapters=653
 compilation: enabled
              stopped_count=0, restarted_count=0
 full_count=0

Compilation events (10 events):
Event: 3371.016 Thread 0x0000021e4a9d6000 14464       1       com.alibaba.fastjson.parser.deserializer.FieldDeserializer::setValue (7 bytes)
Event: 3371.016 Thread 0x0000021e4a9d6000 nmethod 14464 0x0000021e30062a90 code [0x0000021e30062c40, 0x0000021e30062db0]
Event: 3371.016 Thread 0x0000021e4a9d6000 14465       1       Fastjson_ASM__Field_RemotingCommand_remark_12::setValue (12 bytes)
Event: 3371.017 Thread 0x0000021e4a9d6000 nmethod 14465 0x0000021e30062e90 code [0x0000021e30063040, 0x0000021e30063238]
Event: 3371.017 Thread 0x0000021e4a9d6000 14466       1       com.alibaba.fastjson.parser.deserializer.DefaultFieldDeserializer::getFastMatchToken (19 bytes)
Event: 3371.017 Thread 0x0000021e4a9d6000 nmethod 14466 0x0000021e30063310 code [0x0000021e300634c0, 0x0000021e30063630]
Event: 3371.017 Thread 0x0000021e4a9d6000 14467       1       com.alibaba.fastjson.parser.deserializer.DefaultFieldDeserializer::parseField (133 bytes)
Event: 3371.018 Thread 0x0000021e4a9d6000 nmethod 14467 0x0000021e30063710 code [0x0000021e30063940, 0x0000021e30063ee0]
Event: 3402.391 Thread 0x0000021e4a9d6000 14468       1       org.apache.rocketmq.client.consumer.DefaultMQPushConsumer::getConsumerGroup (5 bytes)
Event: 3402.391 Thread 0x0000021e4a9d6000 nmethod 14468 0x0000021e30064310 code [0x0000021e300644a0, 0x0000021e300645b8]

GC Heap History (10 events):
Event: 1227.775 GC heap before
{Heap before GC invocations=19 (full 0):
 garbage-first heap   total 262144K, used 200546K [0x0000000701400000, 0x0000000800000000)
  region size 1024K, 153 young (156672K), 11 survivors (11264K)
 Metaspace       used 82637K, capacity 85912K, committed 85968K, reserved 1124352K
  class space    used 10064K, capacity 11284K, committed 11320K, reserved 1048576K
}
Event: 1227.783 GC heap after
{Heap after GC invocations=20 (full 0):
 garbage-first heap   total 262144K, used 56246K [0x0000000701400000, 0x0000000800000000)
  region size 1024K, 11 young (11264K), 11 survivors (11264K)
 Metaspace       used 82637K, capacity 85912K, committed 85968K, reserved 1124352K
  class space    used 10064K, capacity 11284K, committed 11320K, reserved 1048576K
}
Event: 1596.874 GC heap before
{Heap before GC invocations=20 (full 0):
 garbage-first heap   total 262144K, used 200630K [0x0000000701400000, 0x0000000800000000)
  region size 1024K, 153 young (156672K), 11 survivors (11264K)
 Metaspace       used 83065K, capacity 86481K, committed 86608K, reserved 1124352K
  class space    used 10122K, capacity 11383K, committed 11448K, reserved 1048576K
}
Event: 1596.902 GC heap after
{Heap after GC invocations=21 (full 0):
 garbage-first heap   total 262144K, used 56865K [0x0000000701400000, 0x0000000800000000)
  region size 1024K, 12 young (12288K), 12 survivors (12288K)
 Metaspace       used 83065K, capacity 86481K, committed 86608K, reserved 1124352K
  class space    used 10122K, capacity 11383K, committed 11448K, reserved 1048576K
}
Event: 2074.552 GC heap before
{Heap before GC invocations=21 (full 0):
 garbage-first heap   total 262144K, used 200225K [0x0000000701400000, 0x0000000800000000)
  region size 1024K, 153 young (156672K), 12 survivors (12288K)
 Metaspace       used 83097K, capacity 86529K, committed 86608K, reserved 1124352K
  class space    used 10130K, capacity 11397K, committed 11448K, reserved 1048576K
}
Event: 2074.586 GC heap after
{Heap after GC invocations=22 (full 0):
 garbage-first heap   total 262144K, used 56970K [0x0000000701400000, 0x0000000800000000)
  region size 1024K, 8 young (8192K), 8 survivors (8192K)
 Metaspace       used 83097K, capacity 86529K, committed 86608K, reserved 1124352K
  class space    used 10130K, capacity 11397K, committed 11448K, reserved 1048576K
}
Event: 2590.901 GC heap before
{Heap before GC invocations=22 (full 0):
 garbage-first heap   total 262144K, used 204426K [0x0000000701400000, 0x0000000800000000)
  region size 1024K, 153 young (156672K), 8 survivors (8192K)
 Metaspace       used 83097K, capacity 86529K, committed 86608K, reserved 1124352K
  class space    used 10130K, capacity 11397K, committed 11448K, reserved 1048576K
}
Event: 2590.917 GC heap after
{Heap after GC invocations=23 (full 0):
 garbage-first heap   total 262144K, used 57111K [0x0000000701400000, 0x0000000800000000)
  region size 1024K, 8 young (8192K), 8 survivors (8192K)
 Metaspace       used 83097K, capacity 86529K, committed 86608K, reserved 1124352K
  class space    used 10130K, capacity 11397K, committed 11448K, reserved 1048576K
}
Event: 3106.559 GC heap before
{Heap before GC invocations=23 (full 0):
 garbage-first heap   total 262144K, used 204567K [0x0000000701400000, 0x0000000800000000)
  region size 1024K, 153 young (156672K), 8 survivors (8192K)
 Metaspace       used 83097K, capacity 86529K, committed 86608K, reserved 1124352K
  class space    used 10130K, capacity 11397K, committed 11448K, reserved 1048576K
}
Event: 3106.570 GC heap after
{Heap after GC invocations=24 (full 0):
 garbage-first heap   total 262144K, used 57081K [0x0000000701400000, 0x0000000800000000)
  region size 1024K, 8 young (8192K), 8 survivors (8192K)
 Metaspace       used 83097K, capacity 86529K, committed 86608K, reserved 1124352K
  class space    used 10130K, capacity 11397K, committed 11448K, reserved 1048576K
}

Deoptimization events (0 events):
No events

Classes redefined (0 events):
No events

Internal exceptions (10 events):
Event: 3373.456 Thread 0x0000021e4ec76800 Exception <a 'java/io/FileNotFoundException'{0x000000070c703ab8}> (0x000000070c703ab8) thrown at [./open/src/hotspot/share/prims/jni.cpp, line 611]
Event: 3373.456 Thread 0x0000021e4ec76800 Exception <a 'java/io/FileNotFoundException'{0x000000070c704248}> (0x000000070c704248) thrown at [./open/src/hotspot/share/prims/jni.cpp, line 611]
Event: 3383.459 Thread 0x0000021e4ec76800 Exception <a 'java/io/FileNotFoundException'{0x000000070c6e3790}> (0x000000070c6e3790) thrown at [./open/src/hotspot/share/prims/jni.cpp, line 611]
Event: 3383.459 Thread 0x0000021e4ec76800 Exception <a 'java/io/FileNotFoundException'{0x000000070c6e3f20}> (0x000000070c6e3f20) thrown at [./open/src/hotspot/share/prims/jni.cpp, line 611]
Event: 3393.461 Thread 0x0000021e4ec76800 Exception <a 'java/io/FileNotFoundException'{0x000000070c3d9d10}> (0x000000070c3d9d10) thrown at [./open/src/hotspot/share/prims/jni.cpp, line 611]
Event: 3393.461 Thread 0x0000021e4ec76800 Exception <a 'java/io/FileNotFoundException'{0x000000070c3da4a0}> (0x000000070c3da4a0) thrown at [./open/src/hotspot/share/prims/jni.cpp, line 611]
Event: 3403.463 Thread 0x0000021e4ec76800 Exception <a 'java/io/FileNotFoundException'{0x000000070c0ab350}> (0x000000070c0ab350) thrown at [./open/src/hotspot/share/prims/jni.cpp, line 611]
Event: 3403.463 Thread 0x0000021e4ec76800 Exception <a 'java/io/FileNotFoundException'{0x000000070c0abae0}> (0x000000070c0abae0) thrown at [./open/src/hotspot/share/prims/jni.cpp, line 611]
Event: 3413.465 Thread 0x0000021e4ec76800 Exception <a 'java/io/FileNotFoundException'{0x000000070bdc7dd8}> (0x000000070bdc7dd8) thrown at [./open/src/hotspot/share/prims/jni.cpp, line 611]
Event: 3413.466 Thread 0x0000021e4ec76800 Exception <a 'java/io/FileNotFoundException'{0x000000070bdc8568}> (0x000000070bdc8568) thrown at [./open/src/hotspot/share/prims/jni.cpp, line 611]

Events (10 events):
Event: 3418.303 Executing VM operation: RevokeBias done
Event: 3418.316 Thread 0x0000021e50b7a000 DEOPT PACKING pc=0x0000021e2f6fe68c sp=0x000000e375bfd930
Event: 3418.316 Thread 0x0000021e50b7a000 DEOPT UNPACKING pc=0x0000021e2df3d6ce sp=0x000000e375bfcf20 mode 1
Event: 3418.316 Thread 0x0000021e50b7a000 DEOPT PACKING pc=0x0000021e2f5ae00c sp=0x000000e375bfdb20
Event: 3418.316 Thread 0x0000021e50b7a000 DEOPT UNPACKING pc=0x0000021e2df3d6ce sp=0x000000e375bfd330 mode 1
Event: 3418.588 Thread 0x0000021e50b71000 DEOPT PACKING pc=0x0000021e2f6fe68c sp=0x000000e3757fe180
Event: 3418.588 Thread 0x0000021e50b71000 DEOPT UNPACKING pc=0x0000021e2df3d6ce sp=0x000000e3757fd770 mode 1
Event: 3418.588 Thread 0x0000021e50b71000 DEOPT PACKING pc=0x0000021e2f5ae00c sp=0x000000e3757fe370
Event: 3418.588 Thread 0x0000021e50b71000 DEOPT UNPACKING pc=0x0000021e2df3d6ce sp=0x000000e3757fdb80 mode 1
Event: 3418.902 Executing VM operation: BulkRevokeBias


Dynamic libraries:
0x00007ff773110000 - 0x00007ff77311f000 	D:\java\jdk11.0.9\bin\java.exe
0x00007ffc358f0000 - 0x00007ffc35ae5000 	C:\WINDOWS\SYSTEM32\ntdll.dll
0x00007ffc33e70000 - 0x00007ffc33f2e000 	C:\WINDOWS\System32\KERNEL32.DLL
0x00007ffc33160000 - 0x00007ffc33428000 	C:\WINDOWS\System32\KERNELBASE.dll
0x00007ffc33570000 - 0x00007ffc33670000 	C:\WINDOWS\System32\ucrtbase.dll
0x00007ffc2ffc0000 - 0x00007ffc2ffd8000 	D:\java\jdk11.0.9\bin\jli.dll
0x00007ffc2bfe0000 - 0x00007ffc2bff5000 	D:\java\jdk11.0.9\bin\VCRUNTIME140.dll
0x00007ffc34e60000 - 0x00007ffc34f0c000 	C:\WINDOWS\System32\ADVAPI32.dll
0x00007ffc34dc0000 - 0x00007ffc34e5e000 	C:\WINDOWS\System32\msvcrt.dll
0x00007ffc347a0000 - 0x00007ffc3483b000 	C:\WINDOWS\System32\sechost.dll
0x00007ffc35700000 - 0x00007ffc3582a000 	C:\WINDOWS\System32\RPCRT4.dll
0x00007ffc34ba0000 - 0x00007ffc34d41000 	C:\WINDOWS\System32\USER32.dll
0x00007ffc33540000 - 0x00007ffc33562000 	C:\WINDOWS\System32\win32u.dll
0x00007ffc33930000 - 0x00007ffc3395b000 	C:\WINDOWS\System32\GDI32.dll
0x00007ffc336d0000 - 0x00007ffc337dd000 	C:\WINDOWS\System32\gdi32full.dll
0x00007ffc209b0000 - 0x00007ffc20c4a000 	C:\WINDOWS\WinSxS\amd64_microsoft.windows.common-controls_6595b64144ccf1df_6.0.19041.1110_none_60b5254171f9507e\COMCTL32.dll
0x00007ffc337e0000 - 0x00007ffc3387d000 	C:\WINDOWS\System32\msvcp_win.dll
0x00007ffc29400000 - 0x00007ffc2940a000 	C:\WINDOWS\SYSTEM32\VERSION.dll
0x00007ffc33c70000 - 0x00007ffc33ca0000 	C:\WINDOWS\System32\IMM32.DLL
0x00007ffc22410000 - 0x00007ffc224ab000 	D:\java\jdk11.0.9\bin\msvcp140.dll
0x00007ffbebbd0000 - 0x00007ffbec6c7000 	D:\java\jdk11.0.9\bin\server\jvm.dll
0x00007ffc33d80000 - 0x00007ffc33d88000 	C:\WINDOWS\System32\PSAPI.DLL
0x00007ffc1dc30000 - 0x00007ffc1dc39000 	C:\WINDOWS\SYSTEM32\WSOCK32.dll
0x00007ffc34d50000 - 0x00007ffc34dbb000 	C:\WINDOWS\System32\WS2_32.dll
0x00007ffc27fb0000 - 0x00007ffc27fd7000 	C:\WINDOWS\SYSTEM32\WINMM.dll
0x00007ffc31880000 - 0x00007ffc31892000 	C:\WINDOWS\SYSTEM32\kernel.appcore.dll
0x00007ffc2ff90000 - 0x00007ffc2ffa0000 	D:\java\jdk11.0.9\bin\verify.dll
0x00007ffc315a0000 - 0x00007ffc31784000 	C:\WINDOWS\SYSTEM32\DBGHELP.DLL
0x00007ffc16220000 - 0x00007ffc1624c000 	C:\WINDOWS\SYSTEM32\dbgcore.DLL
0x00007ffc33430000 - 0x00007ffc334b2000 	C:\WINDOWS\System32\bcryptPrimitives.dll
0x00007ffc2baa0000 - 0x00007ffc2bac8000 	D:\java\jdk11.0.9\bin\java.dll
0x00007ffc2bfd0000 - 0x00007ffc2bfda000 	D:\java\jdk11.0.9\bin\jimage.dll
0x00007ffc223d0000 - 0x00007ffc22408000 	D:\java\jdk11.0.9\bin\jdwp.dll
0x00007ffc2ba40000 - 0x00007ffc2ba4e000 	D:\java\jdk11.0.9\bin\instrument.dll
0x00007ffc2ba80000 - 0x00007ffc2ba96000 	D:\java\jdk11.0.9\bin\zip.dll
0x00007ffc33f30000 - 0x00007ffc34674000 	C:\WINDOWS\System32\SHELL32.dll
0x00007ffc30d30000 - 0x00007ffc314c4000 	C:\WINDOWS\SYSTEM32\windows.storage.dll
0x00007ffc34840000 - 0x00007ffc34b95000 	C:\WINDOWS\System32\combase.dll
0x00007ffc32980000 - 0x00007ffc329ae000 	C:\WINDOWS\SYSTEM32\Wldp.dll
0x00007ffc355f0000 - 0x00007ffc3569d000 	C:\WINDOWS\System32\SHCORE.dll
0x00007ffc33d20000 - 0x00007ffc33d75000 	C:\WINDOWS\System32\shlwapi.dll
0x00007ffc32f40000 - 0x00007ffc32f5f000 	C:\WINDOWS\SYSTEM32\profapi.dll
0x00007ffc2ba60000 - 0x00007ffc2ba6a000 	D:\java\jdk11.0.9\bin\dt_socket.dll
0x00007ffc326e0000 - 0x00007ffc3274a000 	C:\WINDOWS\system32\mswsock.dll
0x00007ffc26740000 - 0x00007ffc26759000 	D:\java\jdk11.0.9\bin\net.dll
0x00007ffc27180000 - 0x00007ffc2728c000 	C:\WINDOWS\SYSTEM32\WINHTTP.dll
0x00007ffc26300000 - 0x00007ffc26312000 	D:\java\jdk11.0.9\bin\nio.dll
0x00007ffc141b0000 - 0x00007ffc141fb000 	C:\Program Files (x86)\Sangfor\SSL\ClientComponent2\SangforNspX64.dll
0x00007ffc33a60000 - 0x00007ffc33b8a000 	C:\WINDOWS\System32\ole32.dll
0x00007ffc33d90000 - 0x00007ffc33e5d000 	C:\WINDOWS\System32\OLEAUT32.dll
0x00007ffc32410000 - 0x00007ffc324db000 	C:\WINDOWS\SYSTEM32\DNSAPI.dll
0x00007ffc323d0000 - 0x00007ffc3240b000 	C:\WINDOWS\SYSTEM32\IPHLPAPI.DLL
0x00007ffc33960000 - 0x00007ffc33968000 	C:\WINDOWS\System32\NSI.dll
0x00007ffc2c160000 - 0x00007ffc2c16a000 	C:\Windows\System32\rasadhlp.dll
0x00007ffc26a80000 - 0x00007ffc26aff000 	C:\WINDOWS\System32\fwpuclnt.dll
0x00007ffc33510000 - 0x00007ffc33537000 	C:\WINDOWS\System32\bcrypt.dll
0x00007ffc2bc20000 - 0x00007ffc2bc29000 	D:\java\jdk11.0.9\bin\management.dll
0x00007ffc2ba70000 - 0x00007ffc2ba7b000 	D:\java\jdk11.0.9\bin\management_ext.dll
0x00007ffc328d0000 - 0x00007ffc328e8000 	C:\WINDOWS\SYSTEM32\CRYPTSP.dll
0x00007ffc32060000 - 0x00007ffc32094000 	C:\WINDOWS\system32\rsaenh.dll
0x00007ffc32f00000 - 0x00007ffc32f2e000 	C:\WINDOWS\SYSTEM32\USERENV.dll
0x00007ffc328f0000 - 0x00007ffc328fc000 	C:\WINDOWS\SYSTEM32\CRYPTBASE.dll
0x00007ffc282d0000 - 0x00007ffc282e7000 	C:\WINDOWS\SYSTEM32\dhcpcsvc6.DLL
0x00007ffc25790000 - 0x00007ffc257ad000 	C:\WINDOWS\SYSTEM32\dhcpcsvc.DLL
0x00007ffc13fe0000 - 0x00007ffc13ff7000 	C:\WINDOWS\system32\napinsp.dll
0x00007ffc13fc0000 - 0x00007ffc13fdb000 	C:\WINDOWS\system32\pnrpnsp.dll
0x00007ffc2cda0000 - 0x00007ffc2cdb5000 	C:\WINDOWS\system32\wshbth.dll
0x00007ffc2da20000 - 0x00007ffc2da3d000 	C:\WINDOWS\system32\NLAapi.dll
0x00007ffc129a0000 - 0x00007ffc129b2000 	C:\WINDOWS\System32\winrnr.dll
0x00007ffbee550000 - 0x00007ffbee6ea000 	D:\java\jdk11.0.9\bin\awt.dll
0x00007ffc30130000 - 0x00007ffc301c0000 	C:\WINDOWS\SYSTEM32\apphelp.dll
0x00007ffc2b8c0000 - 0x00007ffc2b8cd000 	D:\java\jdk11.0.9\bin\sunmscapi.dll
0x00007ffc33000000 - 0x00007ffc33156000 	C:\WINDOWS\System32\CRYPT32.dll
0x00007ffc32a50000 - 0x00007ffc32a77000 	C:\WINDOWS\SYSTEM32\ncrypt.dll
0x00007ffc32a10000 - 0x00007ffc32a4b000 	C:\WINDOWS\SYSTEM32\NTASN1.dll
0x00007ffbfe6f0000 - 0x00007ffbfe715000 	D:\java\jdk11.0.9\bin\sunec.dll

dbghelp: loaded successfully - version: 4.0.5 - missing functions: none
symbol engine: initialized successfully - sym options: 0x614 - pdb path: .;D:\java\jdk11.0.9\bin;C:\WINDOWS\SYSTEM32;C:\WINDOWS\WinSxS\amd64_microsoft.windows.common-controls_6595b64144ccf1df_6.0.19041.1110_none_60b5254171f9507e;D:\java\jdk11.0.9\bin\server;C:\Program Files (x86)\Sangfor\SSL\ClientComponent2

VM Arguments:
jvm_args: -agentlib:jdwp=transport=dt_socket,address=127.0.0.1:62009,suspend=y,server=n -XX:TieredStopAtLevel=1 -Xverify:none -Dspring.output.ansi.enabled=always -javaagent:C:\Users\10421\AppData\Local\JetBrains\IntelliJIdea2021.2\captureAgent\debugger-agent.jar -Dcom.sun.management.jmxremote -Dspring.jmx.enabled=true -Dspring.liveBeansView.mbeanDomain -Dspring.application.admin.enabled=true -Dfile.encoding=UTF-8 
java_command: cn.edu.xmu.oomall.other.OtherServiceApplication
java_class_path (initial): D:\oomall_final\other\target\classes;C:\Users\10421\.m2\repository\cn\edu\xmu\oomall\core\0.0.1-SNAPSHOT\core-0.0.1-SNAPSHOT.jar;C:\Users\10421\.m2\repository\ch\qos\logback\logback-core\1.2.6\logback-core-1.2.6.jar;C:\Users\10421\.m2\repository\com\auth0\java-jwt\3.18.2\java-jwt-3.18.2.jar;C:\Users\10421\.m2\repository\org\slf4j\slf4j-api\1.7.32\slf4j-api-1.7.32.jar;C:\Users\10421\.m2\repository\cn\edu\xmu\privilegegateway\annotation\0.1.1-SNAPSHOT\annotation-0.1.1-SNAPSHOT.jar;C:\Users\10421\.m2\repository\org\springframework\boot\spring-boot-starter-web\2.4.12\spring-boot-starter-web-2.4.12.jar;C:\Users\10421\.m2\repository\org\springframework\boot\spring-boot-starter\2.4.12\spring-boot-starter-2.4.12.jar;C:\Users\10421\.m2\repository\org\springframework\boot\spring-boot\2.4.12\spring-boot-2.4.12.jar;C:\Users\10421\.m2\repository\org\springframework\boot\spring-boot-starter-logging\2.4.12\spring-boot-starter-logging-2.4.12.jar;C:\Users\10421\.m2\repository\org\apache\logging\log4j\log4j-to-slf4j\2.13.3\log4j-to-slf4j-2.13.3.jar;C:\Users\10421\.m2\repository\org\apache\logging\log4j\log4j-api\2.13.3\log4j-api-2.13.3.jar;C:\Users\10421\.m2\repository\org\slf4j\jul-to-slf4j\1.7.32\jul-to-slf4j-1.7.32.jar;C:\Users\10421\.m2\repository\jakarta\annotation\jakarta.annotation-api\1.3.5\jakarta.annotation-api-1.3.5.jar;C:\Users\10421\.m2\repository\org\yaml\snakeyaml\1.27\snakeyaml-1.27.jar;C:\Users\10421\.m2\repository\org\springframework\boot\spring-boot-starter-json\2.4.12\spring-boot-starter-json-2.4.12.jar;C:\Users\10421\.m2\repository\com\fasterxml\jackson\module\jackson-module-parameter-names\2.11.4\jackson-module-parameter-names-2.11.4.jar;C:\Users\10421\.m2\repository\org\springframework\boot\spring-boot-starter-tomcat\2.4.12\spring-boot-starter-tomcat-2.4.12.jar;C:\Users\10421\.m2\repository\org\apache\tomcat\embed\tomcat-embed-core\9.0.54\tomcat-embed-core-9.0.54.jar;C:\Users\10421\.m2\repository\org\apache\tomcat\embed\tomcat-embed
Launcher Type: SUN_STANDARD

[Global flags]
     bool BytecodeVerificationLocal                = false                                     {product} {command line}
     bool BytecodeVerificationRemote               = false                                     {product} {command line}
     intx CICompilerCount                          = 4                                         {product} {ergonomic}
     uint ConcGCThreads                            = 3                                         {product} {ergonomic}
     uint G1ConcRefinementThreads                  = 10                                        {product} {ergonomic}
   size_t G1HeapRegionSize                         = 1048576                                   {product} {ergonomic}
    uintx GCDrainStackTargetSize                   = 64                                        {product} {ergonomic}
   size_t InitialHeapSize                          = 268435456                                 {product} {ergonomic}
     bool ManagementServer                         = true                                      {product} {command line}
   size_t MarkStackSize                            = 4194304                                   {product} {ergonomic}
   size_t MaxHeapSize                              = 4273995776                                {product} {ergonomic}
   size_t MaxNewSize                               = 2563768320                                {product} {ergonomic}
   size_t MinHeapDeltaBytes                        = 1048576                                   {product} {ergonomic}
    uintx NonNMethodCodeHeapSize                   = 7549744                                {pd product} {ergonomic}
    uintx NonProfiledCodeHeapSize                  = 244108496                              {pd product} {ergonomic}
    uintx ProfiledCodeHeapSize                     = 0                                      {pd product} {ergonomic}
    uintx ReservedCodeCacheSize                    = 251658240                              {pd product} {ergonomic}
     bool SegmentedCodeCache                       = true                                      {product} {ergonomic}
     intx TieredStopAtLevel                        = 1                                         {product} {command line}
     bool UseCompressedClassPointers               = true                                 {lp64_product} {ergonomic}
     bool UseCompressedOops                        = true                                 {lp64_product} {ergonomic}
     bool UseG1GC                                  = true                                      {product} {ergonomic}
     bool UseLargePagesIndividualAllocation        = false                                  {pd product} {ergonomic}

Logging:
Log output configuration:
 #0: stdout all=warning uptime,level,tags
 #1: stderr all=off uptime,level,tags

Environment Variables:
JAVA_HOME=D:\java\jdk11.0.9
CLASSPATH=D:\java\jdk11.0.9\lib/.;D:/apache-jmeter-5.4.1\lib\ext\ApacheJMeter_core.jar;D:/apache-jmeter-5.4.1\lib\jorphan.jar;D:/apache-jmeter-5.4.1\lib\logkit-2.0.jar
PATH=D:\VMWARE\bin\;C:\ProgramData\Anaconda3\condabin;C:\Windows\system32;C:\Windows;C:\Windows\System32\Wbem;C:\Windows\System32\WindowsPowerShell\v1.0\;C:\Windows\System32\OpenSSH\;C:\Program Files (x86)\NVIDIA Corporation\PhysX\Common;C:\Program Files\NVIDIA Corporation\NVIDIA NGX;C:\Program Files\NVIDIA Corporation\NVIDIA NvDLISR;D:\Mingw\bin;D:\Git\cmd;D:\Python38;D:\Python38\Scripts;C:\Users\10421\.conda\envs\py37\Scripts;C:\Users\10421\.conda\envs\py37\Library\bin;C:\Users\10421\.conda\envs\py37;C:\WINDOWS\system32;C:\WINDOWS;C:\WINDOWS\System32\Wbem;C:\WINDOWS\System32\WindowsPowerShell\v1.0\;C:\WINDOWS\System32\OpenSSH\;C:\Program Files\dotnet\;D:\MATLAB\bin;D:\数学建模工具\CTEX\UserData\miktex\bin;D:\数学;模工具\CTEX\MiKTeX\miktex\bin;D:;数学建模工具\CTEX\CTeX\ctex\bin;模工具\CTEX\CTeX\cct\bin;数学建模工具\CTEX\CTeX\ty\bin;模工具\CTEX\Ghostscript\gs9.05\bin;数学建模工具\CTEX\GSview\gsview;模工具\CTEX\WinEdt;C:\Program Files (x86)\Git\cmd;C:\Users\10421\AppData\Local\Programs\Python\Python38\Scripts\;C:\Users\10421\AppData\Local\Programs\Python\Python38\;C:\Users\10421\AppData\Local\Microsoft\WindowsApps;C:\Users\10421\AppData\Local\Programs\Microsoft VS Code\bin;C:\Users\10421\.dotnet\tools;D:\java\jdk11.0.9\bin;C:\WINDOWS\system32;C:\WINDOWS;C:\WINDOWS\System32\Wbem;C:\WINDOWS\System32\WindowsPowerShell\v1.0\;C:\WINDOWS\System32\OpenSSH\;D:\Program Files (x86)\opencv\build\x64\vc15\bin;d:\quartus_8\quartus\bin;C:\Program Files (x86)\Microsoft SQL Server\150\Tools\Binn\;C:\Program Files\Microsoft SQL Server\150\Tools\Binn\;C:\Program Files (x86)\Microsoft SQL Server\150\DTS\Binn\;C:\Program Files\Microsoft SQL Server\150\DTS\Binn\;C:\Program Files\Microsoft SQL Server\Client SDK\ODBC\170\Tools\Binn\;C:\Program Files\Azure Data Studio\bin;C:\Program Files\Microsoft SQL Server\130\Tools\Binn\;C:\Program Files (x86)\Microsoft SQL Server\110\DTS\Binn\;C:\Program Files (x86)\Microsoft SQL Server\120\DTS\Binn\;C:\Program Files (x86)\Microsoft SQL Server\130\DTS\Bin
USERNAME=10421
OS=Windows_NT
PROCESSOR_IDENTIFIER=Intel64 Family 6 Model 158 Stepping 10, GenuineIntel



---------------  S Y S T E M  ---------------

OS: Windows 10 , 64 bit Build 19041 (10.0.19041.1348)

CPU:total 12 (initial active 12) (6 cores per cpu, 2 threads per core) family 6 model 158 stepping 10, cmov, cx8, fxsr, mmx, sse, sse2, sse3, ssse3, sse4.1, sse4.2, popcnt, avx, avx2, aes, clmul, erms, 3dnowpref, lzcnt, ht, tsc, tscinvbit, bmi1, bmi2, adx, fma

Memory: 4k page, system-wide physical 16303M (3500M free)
TotalPageFile size 29103M (AvailPageFile size 4M)
current process WorkingSet (physical memory assigned to process): 236M, peak: 594M
current process commit charge ("private bytes"): 688M, peak: 689M

vm_info: Java HotSpot(TM) 64-Bit Server VM (11.0.9+7-LTS) for windows-amd64 JRE (11.0.9+7-LTS), built on Sep 15 2020 16:47:03 by "mach5one" with MS VC++ 15.9 (VS2017)

END.
