2021-12-23 20:31:46.826 [main] INFO  o.s.b.t.context.SpringBootTestContextBootstrapper - Neither @ContextConfiguration nor @ContextHierarchy found for test class [cn.edu.xmu.oomall.other.controller.combineTest], using SpringBootContextLoader
2021-12-23 20:31:46.832 [main] INFO  o.s.test.context.support.AbstractContextLoader - Could not detect default resource locations for test class [cn.edu.xmu.oomall.other.controller.combineTest]: no resource found for suffixes {-context.xml, Context.groovy}.
2021-12-23 20:31:46.833 [main] INFO  o.s.t.c.support.AnnotationConfigContextLoaderUtils - Could not detect default configuration classes for test class [cn.edu.xmu.oomall.other.controller.combineTest]: combineTest does not declare any static, non-private, non-final, nested classes annotated with @Configuration.
2021-12-23 20:31:47.048 [main] INFO  o.s.b.t.context.SpringBootTestContextBootstrapper - Found @SpringBootConfiguration cn.edu.xmu.oomall.other.OtherServiceApplication for test class cn.edu.xmu.oomall.other.controller.combineTest
2021-12-23 20:31:47.174 [main] INFO  o.s.b.t.context.SpringBootTestContextBootstrapper - Loaded default TestExecutionListener class names from location [META-INF/spring.factories]: [org.springframework.boot.test.mock.mockito.MockitoTestExecutionListener, org.springframework.boot.test.mock.mockito.ResetMocksTestExecutionListener, org.springframework.boot.test.autoconfigure.restdocs.RestDocsTestExecutionListener, org.springframework.boot.test.autoconfigure.web.client.MockRestServiceServerResetTestExecutionListener, org.springframework.boot.test.autoconfigure.web.servlet.MockMvcPrintOnlyOnFailureTestExecutionListener, org.springframework.boot.test.autoconfigure.web.servlet.WebDriverTestExecutionListener, org.springframework.boot.test.autoconfigure.webservices.client.MockWebServiceServerTestExecutionListener, org.springframework.test.context.web.ServletTestExecutionListener, org.springframework.test.context.support.DirtiesContextBeforeModesTestExecutionListener, org.springframework.test.context.event.ApplicationEventsTestExecutionListener, org.springframework.test.context.support.DependencyInjectionTestExecutionListener, org.springframework.test.context.support.DirtiesContextTestExecutionListener, org.springframework.test.context.transaction.TransactionalTestExecutionListener, org.springframework.test.context.jdbc.SqlScriptsTestExecutionListener, org.springframework.test.context.event.EventPublishingTestExecutionListener]
2021-12-23 20:31:47.201 [main] INFO  o.s.b.t.context.SpringBootTestContextBootstrapper - Using TestExecutionListeners: [org.springframework.test.context.web.ServletTestExecutionListener@5be82d43, org.springframework.test.context.support.DirtiesContextBeforeModesTestExecutionListener@600b0b7, org.springframework.test.context.event.ApplicationEventsTestExecutionListener@345e5a17, org.springframework.boot.test.mock.mockito.MockitoTestExecutionListener@5ea502e0, org.springframework.boot.test.autoconfigure.SpringBootDependencyInjectionTestExecutionListener@443dbe42, org.springframework.test.context.support.DirtiesContextTestExecutionListener@473b3b7a, org.springframework.test.context.transaction.TransactionalTestExecutionListener@1734f68, org.springframework.test.context.jdbc.SqlScriptsTestExecutionListener@77b7ffa4, org.springframework.test.context.event.EventPublishingTestExecutionListener@5ed190be, org.springframework.boot.test.mock.mockito.ResetMocksTestExecutionListener@402f80f5, org.springframework.boot.test.autoconfigure.restdocs.RestDocsTestExecutionListener@5bbc9f97, org.springframework.boot.test.autoconfigure.web.client.MockRestServiceServerResetTestExecutionListener@133e019b, org.springframework.boot.test.autoconfigure.web.servlet.MockMvcPrintOnlyOnFailureTestExecutionListener@41382722, org.springframework.boot.test.autoconfigure.web.servlet.WebDriverTestExecutionListener@7dac3fd8, org.springframework.boot.test.autoconfigure.webservices.client.MockWebServiceServerTestExecutionListener@425357dd]
2021-12-23 20:31:48.697 [background-preinit] INFO  org.hibernate.validator.internal.util.Version - HV000001: Hibernate Validator 6.1.7.Final
2021-12-23 20:31:48.706 [main] INFO  cn.edu.xmu.oomall.other.controller.combineTest - Starting combineTest using Java 11.0.9 on LAPTOP-1BRULHV1 with PID 35084 (started by 10421 in D:\oomall_final\other)
2021-12-23 20:31:48.708 [main] INFO  cn.edu.xmu.oomall.other.controller.combineTest - No active profile set, falling back to default profiles: default
2021-12-23 20:31:50.198 [main] INFO  o.s.d.r.config.RepositoryConfigurationDelegate - Multiple Spring Data modules found, entering strict repository configuration mode!
2021-12-23 20:31:50.201 [main] INFO  o.s.d.r.config.RepositoryConfigurationDelegate - Bootstrapping Spring Data Redis repositories in DEFAULT mode.
2021-12-23 20:31:50.242 [main] INFO  o.s.d.r.config.RepositoryConfigurationDelegate - Finished Spring Data repository scanning in 28 ms. Found 0 Redis repository interfaces.
2021-12-23 20:31:50.593 [main] INFO  o.springframework.cloud.context.scope.GenericScope - BeanFactory id=263b4cd1-0e68-3ad4-9bb9-acdd7ced4739
2021-12-23 20:31:52.151 [main] INFO  c.a.d.s.b.a.DruidDataSourceAutoConfigure - Init DruidDataSource
2021-12-23 20:31:52.638 [main] INFO  com.alibaba.druid.pool.DruidDataSource - {dataSource-1} inited
2021-12-23 20:31:53.507 [main] INFO  o.s.cloud.openfeign.FeignClientFactoryBean - For 'freight-service' URL not provided. Will try picking an instance via load-balancing.
2021-12-23 20:31:54.654 [main] INFO  o.s.cloud.openfeign.FeignClientFactoryBean - For 'order-service' URL not provided. Will try picking an instance via load-balancing.
2021-12-23 20:31:55.022 [main] INFO  o.s.cloud.openfeign.FeignClientFactoryBean - For 'activity-service' URL not provided. Will try picking an instance via load-balancing.
2021-12-23 20:31:55.050 [main] INFO  o.s.cloud.openfeign.FeignClientFactoryBean - For 'goods-service' URL not provided. Will try picking an instance via load-balancing.
2021-12-23 20:31:55.126 [main] INFO  o.s.cloud.openfeign.FeignClientFactoryBean - For 'shop-service' URL not provided. Will try picking an instance via load-balancing.
2021-12-23 20:31:55.241 [main] INFO  o.s.cloud.openfeign.FeignClientFactoryBean - For 'transaction-service' URL not provided. Will try picking an instance via load-balancing.
2021-12-23 20:31:55.325 [main] INFO  o.s.cloud.openfeign.FeignClientFactoryBean - For 'refund' URL not provided. Will try picking an instance via load-balancing.
2021-12-23 20:31:55.574 [main] INFO  o.s.cloud.openfeign.FeignClientFactoryBean - For 'coupon-service' URL not provided. Will try picking an instance via load-balancing.
2021-12-23 20:32:06.481 [main] INFO  o.s.b.test.mock.web.SpringBootMockServletContext - Initializing Spring TestDispatcherServlet ''
2021-12-23 20:32:06.481 [main] INFO  o.s.test.web.servlet.TestDispatcherServlet - Initializing Servlet ''
2021-12-23 20:32:06.485 [main] INFO  o.s.test.web.servlet.TestDispatcherServlet - Completed initialization in 3 ms
2021-12-23 20:32:07.435 [main] WARN  o.s.c.l.c.LoadBalancerCacheAutoConfiguration$LoadBalancerCaffeineWarnLogger - Spring Cloud LoadBalancer is currently working with the default cache. You can switch to using Caffeine cache, by adding it and org.springframework.cache.caffeine.CaffeineCacheManager to the classpath.
2021-12-23 20:32:08.614 [main] INFO  o.a.r.s.support.DefaultRocketMQListenerContainer - running container: DefaultRocketMQListenerContainer{consumerGroup='coupon-group', nameServer='121.36.1.4:9876', topic='coupon-topic', consumeMode=CONCURRENTLY, selectorType=TAG, selectorExpression='1', messageModel=CLUSTERING}
2021-12-23 20:32:08.614 [main] INFO  o.a.r.s.a.ListenerContainerConfiguration - Register the listener to container, listenerBeanName:couponConsumerListener, containerBeanName:org.apache.rocketmq.spring.support.DefaultRocketMQListenerContainer_1
2021-12-23 20:32:09.671 [main] INFO  o.a.r.s.support.DefaultRocketMQListenerContainer - running container: DefaultRocketMQListenerContainer{consumerGroup='aftersales-refund-group', nameServer='121.36.1.4:9876', topic='refund-type2-notify-topic', consumeMode=ORDERLY, selectorType=TAG, selectorExpression='*', messageModel=CLUSTERING}
2021-12-23 20:32:09.672 [main] INFO  o.a.r.s.a.ListenerContainerConfiguration - Register the listener to container, listenerBeanName:refundConsumerListener, containerBeanName:org.apache.rocketmq.spring.support.DefaultRocketMQListenerContainer_2
2021-12-23 20:32:10.266 [main] WARN  s.d.s.r.operation.OperationImplicitParameterReader - Unable to interpret the implicit parameter configuration with dataType: String, dataTypeClass: class java.lang.Void
2021-12-23 20:32:10.270 [main] WARN  s.d.s.r.operation.OperationImplicitParameterReader - Unable to interpret the implicit parameter configuration with dataType: AddressVo, dataTypeClass: class java.lang.Void
2021-12-23 20:32:10.270 [main] WARN  s.d.builders.BodyParameterSpecificationProvider - Parameter should either be a simple or a content type
2021-12-23 20:32:10.302 [main] WARN  s.d.s.r.operation.OperationImplicitParameterReader - Unable to interpret the implicit parameter configuration with dataType: String, dataTypeClass: class java.lang.Void
2021-12-23 20:32:10.302 [main] WARN  s.d.s.r.operation.OperationImplicitParameterReader - Unable to interpret the implicit parameter configuration with dataType: Integer, dataTypeClass: class java.lang.Void
2021-12-23 20:32:10.307 [main] WARN  s.d.s.r.operation.OperationImplicitParameterReader - Unable to interpret the implicit parameter configuration with dataType: String, dataTypeClass: class java.lang.Void
2021-12-23 20:32:10.316 [main] WARN  s.d.s.r.operation.OperationImplicitParameterReader - Unable to interpret the implicit parameter configuration with dataType: String, dataTypeClass: class java.lang.Void
2021-12-23 20:32:10.316 [main] WARN  s.d.s.r.operation.OperationImplicitParameterReader - Unable to interpret the implicit parameter configuration with dataType: Integer, dataTypeClass: class java.lang.Void
2021-12-23 20:32:10.317 [main] WARN  s.d.s.r.operation.OperationImplicitParameterReader - Unable to interpret the implicit parameter configuration with dataType: AddressVo, dataTypeClass: class java.lang.Void
2021-12-23 20:32:10.317 [main] WARN  s.d.builders.BodyParameterSpecificationProvider - Parameter should either be a simple or a content type
2021-12-23 20:32:10.323 [main] WARN  s.d.s.r.operation.OperationImplicitParameterReader - Unable to interpret the implicit parameter configuration with dataType: String, dataTypeClass: class java.lang.Void
2021-12-23 20:32:10.324 [main] WARN  s.d.s.r.operation.OperationImplicitParameterReader - Unable to interpret the implicit parameter configuration with dataType: Integer, dataTypeClass: class java.lang.Void
2021-12-23 20:32:10.362 [main] WARN  s.d.s.r.operation.OperationImplicitParameterReader - Unable to interpret the implicit parameter configuration with dataType: String, dataTypeClass: class java.lang.Void
2021-12-23 20:32:10.363 [main] WARN  s.d.s.r.operation.OperationImplicitParameterReader - Unable to interpret the implicit parameter configuration with dataType: Integer, dataTypeClass: class java.lang.Void
2021-12-23 20:32:10.364 [main] WARN  s.d.s.r.operation.OperationImplicitParameterReader - Unable to interpret the implicit parameter configuration with dataType: String, dataTypeClass: class java.lang.Void
2021-12-23 20:32:10.365 [main] WARN  s.d.s.r.operation.OperationImplicitParameterReader - Unable to interpret the implicit parameter configuration with dataType: String, dataTypeClass: class java.lang.Void
2021-12-23 20:32:10.365 [main] WARN  s.d.s.r.operation.OperationImplicitParameterReader - Unable to interpret the implicit parameter configuration with dataType: Integer, dataTypeClass: class java.lang.Void
2021-12-23 20:32:10.366 [main] WARN  s.d.s.r.operation.OperationImplicitParameterReader - Unable to interpret the implicit parameter configuration with dataType: Integer, dataTypeClass: class java.lang.Void
2021-12-23 20:32:10.367 [main] WARN  s.d.s.r.operation.OperationImplicitParameterReader - Unable to interpret the implicit parameter configuration with dataType: Integer, dataTypeClass: class java.lang.Void
2021-12-23 20:32:10.367 [main] WARN  s.d.s.r.operation.OperationImplicitParameterReader - Unable to interpret the implicit parameter configuration with dataType: Integer, dataTypeClass: class java.lang.Void
2021-12-23 20:32:10.375 [main] WARN  s.d.s.r.operation.OperationImplicitParameterReader - Unable to interpret the implicit parameter configuration with dataType: String, dataTypeClass: class java.lang.Void
2021-12-23 20:32:10.375 [main] WARN  s.d.s.r.operation.OperationImplicitParameterReader - Unable to interpret the implicit parameter configuration with dataType: Integer, dataTypeClass: class java.lang.Void
2021-12-23 20:32:10.376 [main] WARN  s.d.s.r.operation.OperationImplicitParameterReader - Unable to interpret the implicit parameter configuration with dataType: Integer, dataTypeClass: class java.lang.Void
2021-12-23 20:32:10.389 [main] WARN  s.d.s.r.operation.OperationImplicitParameterReader - Unable to interpret the implicit parameter configuration with dataType: String, dataTypeClass: class java.lang.Void
2021-12-23 20:32:10.389 [main] WARN  s.d.s.r.operation.OperationImplicitParameterReader - Unable to interpret the implicit parameter configuration with dataType: Integer, dataTypeClass: class java.lang.Void
2021-12-23 20:32:10.390 [main] WARN  s.d.s.r.operation.OperationImplicitParameterReader - Unable to interpret the implicit parameter configuration with dataType: AftersaleSendbackVo, dataTypeClass: class java.lang.Void
2021-12-23 20:32:10.390 [main] WARN  s.d.builders.BodyParameterSpecificationProvider - Parameter should either be a simple or a content type
2021-12-23 20:32:10.406 [main] WARN  s.d.s.r.operation.OperationImplicitParameterReader - Unable to interpret the implicit parameter configuration with dataType: String, dataTypeClass: class java.lang.Void
2021-12-23 20:32:10.407 [main] WARN  s.d.s.r.operation.OperationImplicitParameterReader - Unable to interpret the implicit parameter configuration with dataType: Integer, dataTypeClass: class java.lang.Void
2021-12-23 20:32:10.408 [main] WARN  s.d.s.r.operation.OperationImplicitParameterReader - Unable to interpret the implicit parameter configuration with dataType: Integer, dataTypeClass: class java.lang.Void
2021-12-23 20:32:10.409 [main] WARN  s.d.s.r.operation.OperationImplicitParameterReader - Unable to interpret the implicit parameter configuration with dataType: AftersaleConfirmVo, dataTypeClass: class java.lang.Void
2021-12-23 20:32:10.409 [main] WARN  s.d.builders.BodyParameterSpecificationProvider - Parameter should either be a simple or a content type
2021-12-23 20:32:10.419 [main] WARN  s.d.s.r.operation.OperationImplicitParameterReader - Unable to interpret the implicit parameter configuration with dataType: String, dataTypeClass: class java.lang.Void
2021-12-23 20:32:10.420 [main] WARN  s.d.s.r.operation.OperationImplicitParameterReader - Unable to interpret the implicit parameter configuration with dataType: Integer, dataTypeClass: class java.lang.Void
2021-12-23 20:32:10.421 [main] WARN  s.d.s.r.operation.OperationImplicitParameterReader - Unable to interpret the implicit parameter configuration with dataType: Integer, dataTypeClass: class java.lang.Void
2021-12-23 20:32:10.422 [main] WARN  s.d.s.r.operation.OperationImplicitParameterReader - Unable to interpret the implicit parameter configuration with dataType: AftersaleDeliverVo, dataTypeClass: class java.lang.Void
2021-12-23 20:32:10.422 [main] WARN  s.d.builders.BodyParameterSpecificationProvider - Parameter should either be a simple or a content type
2021-12-23 20:32:10.428 [main] WARN  s.d.s.r.operation.OperationImplicitParameterReader - Unable to interpret the implicit parameter configuration with dataType: String, dataTypeClass: class java.lang.Void
2021-12-23 20:32:10.429 [main] WARN  s.d.s.r.operation.OperationImplicitParameterReader - Unable to interpret the implicit parameter configuration with dataType: Integer, dataTypeClass: class java.lang.Void
2021-12-23 20:32:10.431 [main] WARN  s.d.s.r.operation.OperationImplicitParameterReader - Unable to interpret the implicit parameter configuration with dataType: Integer, dataTypeClass: class java.lang.Void
2021-12-23 20:32:10.445 [main] WARN  s.d.s.r.operation.OperationImplicitParameterReader - Unable to interpret the implicit parameter configuration with dataType: String, dataTypeClass: class java.lang.Void
2021-12-23 20:32:10.446 [main] WARN  s.d.s.r.operation.OperationImplicitParameterReader - Unable to interpret the implicit parameter configuration with dataType: Integer, dataTypeClass: class java.lang.Void
2021-12-23 20:32:10.446 [main] WARN  s.d.s.r.operation.OperationImplicitParameterReader - Unable to interpret the implicit parameter configuration with dataType: Integer, dataTypeClass: class java.lang.Void
2021-12-23 20:32:10.447 [main] WARN  s.d.s.r.operation.OperationImplicitParameterReader - Unable to interpret the implicit parameter configuration with dataType: AftersaleReceiveVo, dataTypeClass: class java.lang.Void
2021-12-23 20:32:10.448 [main] WARN  s.d.builders.BodyParameterSpecificationProvider - Parameter should either be a simple or a content type
2021-12-23 20:32:10.462 [main] WARN  s.d.s.r.operation.OperationImplicitParameterReader - Unable to interpret the implicit parameter configuration with dataType: String, dataTypeClass: class java.lang.Void
2021-12-23 20:32:10.463 [main] WARN  s.d.s.r.operation.OperationImplicitParameterReader - Unable to interpret the implicit parameter configuration with dataType: Integer, dataTypeClass: class java.lang.Void
2021-12-23 20:32:10.463 [main] WARN  s.d.s.r.operation.OperationImplicitParameterReader - Unable to interpret the implicit parameter configuration with dataType: AfterSaleModifyVo, dataTypeClass: class java.lang.Void
2021-12-23 20:32:10.464 [main] WARN  s.d.builders.BodyParameterSpecificationProvider - Parameter should either be a simple or a content type
2021-12-23 20:32:10.469 [main] WARN  s.d.s.r.operation.OperationImplicitParameterReader - Unable to interpret the implicit parameter configuration with dataType: String, dataTypeClass: class java.lang.Void
2021-12-23 20:32:10.470 [main] WARN  s.d.s.r.operation.OperationImplicitParameterReader - Unable to interpret the implicit parameter configuration with dataType: Integer, dataTypeClass: class java.lang.Void
2021-12-23 20:32:10.487 [main] WARN  s.d.s.r.operation.OperationImplicitParameterReader - Unable to interpret the implicit parameter configuration with dataType: String, dataTypeClass: class java.lang.Void
2021-12-23 20:32:10.487 [main] WARN  s.d.s.r.operation.OperationImplicitParameterReader - Unable to interpret the implicit parameter configuration with dataType: Integer, dataTypeClass: class java.lang.Void
2021-12-23 20:32:10.487 [main] WARN  s.d.s.r.operation.OperationImplicitParameterReader - Unable to interpret the implicit parameter configuration with dataType: AftersaleVo, dataTypeClass: class java.lang.Void
2021-12-23 20:32:10.487 [main] WARN  s.d.builders.BodyParameterSpecificationProvider - Parameter should either be a simple or a content type
2021-12-23 20:32:10.493 [main] WARN  s.d.s.r.operation.OperationImplicitParameterReader - Unable to interpret the implicit parameter configuration with dataType: String, dataTypeClass: class java.lang.Void
2021-12-23 20:32:10.494 [main] WARN  s.d.s.r.operation.OperationImplicitParameterReader - Unable to interpret the implicit parameter configuration with dataType: Integer, dataTypeClass: class java.lang.Void
2021-12-23 20:32:10.498 [main] WARN  s.d.s.r.operation.OperationImplicitParameterReader - Unable to interpret the implicit parameter configuration with dataType: String, dataTypeClass: class java.lang.Void
2021-12-23 20:32:10.502 [main] WARN  s.d.s.r.operation.OperationImplicitParameterReader - Unable to interpret the implicit parameter configuration with dataType: String, dataTypeClass: class java.lang.Void
2021-12-23 20:32:10.503 [main] WARN  s.d.s.r.operation.OperationImplicitParameterReader - Unable to interpret the implicit parameter configuration with dataType: Integer, dataTypeClass: class java.lang.Void
2021-12-23 20:32:10.510 [main] WARN  s.d.s.r.operation.OperationImplicitParameterReader - Unable to interpret the implicit parameter configuration with dataType: String, dataTypeClass: class java.lang.Void
2021-12-23 20:32:10.511 [main] WARN  s.d.s.r.operation.OperationImplicitParameterReader - Unable to interpret the implicit parameter configuration with dataType: String, dataTypeClass: class java.lang.Void
2021-12-23 20:32:10.511 [main] WARN  s.d.s.r.operation.OperationImplicitParameterReader - Unable to interpret the implicit parameter configuration with dataType: String, dataTypeClass: class java.lang.Void
2021-12-23 20:32:10.512 [main] WARN  s.d.s.r.operation.OperationImplicitParameterReader - Unable to interpret the implicit parameter configuration with dataType: Integer, dataTypeClass: class java.lang.Void
2021-12-23 20:32:10.512 [main] WARN  s.d.s.r.operation.OperationImplicitParameterReader - Unable to interpret the implicit parameter configuration with dataType: Integer, dataTypeClass: class java.lang.Void
2021-12-23 20:32:10.513 [main] WARN  s.d.s.r.operation.OperationImplicitParameterReader - Unable to interpret the implicit parameter configuration with dataType: Integer, dataTypeClass: class java.lang.Void
2021-12-23 20:32:10.513 [main] WARN  s.d.s.r.operation.OperationImplicitParameterReader - Unable to interpret the implicit parameter configuration with dataType: Integer, dataTypeClass: class java.lang.Void
2021-12-23 20:32:10.578 [main] WARN  s.d.s.r.operation.OperationImplicitParameterReader - Unable to interpret the implicit parameter configuration with dataType: String, dataTypeClass: class java.lang.Void
2021-12-23 20:32:10.579 [main] WARN  s.d.s.r.operation.OperationImplicitParameterReader - Unable to interpret the implicit parameter configuration with dataType: Integer, dataTypeClass: class java.lang.Void
2021-12-23 20:32:10.588 [main] WARN  s.d.s.r.operation.OperationImplicitParameterReader - Unable to interpret the implicit parameter configuration with dataType: String, dataTypeClass: class java.lang.Void
2021-12-23 20:32:10.589 [main] WARN  s.d.s.r.operation.OperationImplicitParameterReader - Unable to interpret the implicit parameter configuration with dataType: Integer, dataTypeClass: class java.lang.Void
2021-12-23 20:32:10.590 [main] WARN  s.d.s.r.operation.OperationImplicitParameterReader - Unable to interpret the implicit parameter configuration with dataType: Integer, dataTypeClass: class java.lang.Void
2021-12-23 20:32:10.590 [main] WARN  s.d.s.r.operation.OperationImplicitParameterReader - Unable to interpret the implicit parameter configuration with dataType: Integer, dataTypeClass: class java.lang.Void
2021-12-23 20:32:10.604 [main] WARN  s.d.s.r.operation.OperationImplicitParameterReader - Unable to interpret the implicit parameter configuration with dataType: String, dataTypeClass: class java.lang.Void
2021-12-23 20:32:10.605 [main] WARN  s.d.s.r.operation.OperationImplicitParameterReader - Unable to interpret the implicit parameter configuration with dataType: Integer, dataTypeClass: class java.lang.Void
2021-12-23 20:32:10.611 [main] WARN  s.d.s.r.operation.OperationImplicitParameterReader - Unable to interpret the implicit parameter configuration with dataType: String, dataTypeClass: class java.lang.Void
2021-12-23 20:32:10.612 [main] WARN  s.d.s.r.operation.OperationImplicitParameterReader - Unable to interpret the implicit parameter configuration with dataType: UserModifyVo, dataTypeClass: class java.lang.Void
2021-12-23 20:32:10.612 [main] WARN  s.d.builders.BodyParameterSpecificationProvider - Parameter should either be a simple or a content type
2021-12-23 20:32:10.620 [main] WARN  s.d.s.r.operation.OperationImplicitParameterReader - Unable to interpret the implicit parameter configuration with dataType: String, dataTypeClass: class java.lang.Void
2021-12-23 20:32:10.620 [main] WARN  s.d.s.r.operation.OperationImplicitParameterReader - Unable to interpret the implicit parameter configuration with dataType: UserModifyVo, dataTypeClass: class java.lang.Void
2021-12-23 20:32:10.621 [main] WARN  s.d.builders.BodyParameterSpecificationProvider - Parameter should either be a simple or a content type
2021-12-23 20:32:10.626 [main] WARN  s.d.s.r.operation.OperationImplicitParameterReader - Unable to interpret the implicit parameter configuration with dataType: String, dataTypeClass: class java.lang.Void
2021-12-23 20:32:10.627 [main] WARN  s.d.s.r.operation.OperationImplicitParameterReader - Unable to interpret the implicit parameter configuration with dataType: String, dataTypeClass: class java.lang.Void
2021-12-23 20:32:10.628 [main] WARN  s.d.s.r.operation.OperationImplicitParameterReader - Unable to interpret the implicit parameter configuration with dataType: String, dataTypeClass: class java.lang.Void
2021-12-23 20:32:10.628 [main] WARN  s.d.s.r.operation.OperationImplicitParameterReader - Unable to interpret the implicit parameter configuration with dataType: String, dataTypeClass: class java.lang.Void
2021-12-23 20:32:10.629 [main] WARN  s.d.s.r.operation.OperationImplicitParameterReader - Unable to interpret the implicit parameter configuration with dataType: Integer, dataTypeClass: class java.lang.Void
2021-12-23 20:32:10.631 [main] WARN  s.d.s.r.operation.OperationImplicitParameterReader - Unable to interpret the implicit parameter configuration with dataType: Integer, dataTypeClass: class java.lang.Void
2021-12-23 20:32:10.636 [main] WARN  s.d.s.r.operation.OperationImplicitParameterReader - Unable to interpret the implicit parameter configuration with dataType: String, dataTypeClass: class java.lang.Void
2021-12-23 20:32:10.637 [main] WARN  s.d.s.r.operation.OperationImplicitParameterReader - Unable to interpret the implicit parameter configuration with dataType: Integer, dataTypeClass: class java.lang.Void
2021-12-23 20:32:10.644 [main] WARN  s.d.s.r.operation.OperationImplicitParameterReader - Unable to interpret the implicit parameter configuration with dataType: String, dataTypeClass: class java.lang.Void
2021-12-23 20:32:10.654 [main] WARN  s.d.s.r.operation.OperationImplicitParameterReader - Unable to interpret the implicit parameter configuration with dataType: UserLoginVo, dataTypeClass: class java.lang.Void
2021-12-23 20:32:10.655 [main] WARN  s.d.builders.BodyParameterSpecificationProvider - Parameter should either be a simple or a content type
2021-12-23 20:32:10.659 [main] WARN  s.d.s.r.operation.OperationImplicitParameterReader - Unable to interpret the implicit parameter configuration with dataType: String, dataTypeClass: class java.lang.Void
2021-12-23 20:32:10.669 [main] WARN  s.d.s.r.operation.OperationImplicitParameterReader - Unable to interpret the implicit parameter configuration with dataType: String, dataTypeClass: class java.lang.Void
2021-12-23 20:32:10.670 [main] WARN  s.d.s.r.operation.OperationImplicitParameterReader - Unable to interpret the implicit parameter configuration with dataType: Integer, dataTypeClass: class java.lang.Void
2021-12-23 20:32:10.676 [main] WARN  s.d.s.r.operation.OperationImplicitParameterReader - Unable to interpret the implicit parameter configuration with dataType: String, dataTypeClass: class java.lang.Void
2021-12-23 20:32:10.677 [main] WARN  s.d.s.r.operation.OperationImplicitParameterReader - Unable to interpret the implicit parameter configuration with dataType: UserResetPasswordVo, dataTypeClass: class java.lang.Void
2021-12-23 20:32:10.677 [main] WARN  s.d.builders.BodyParameterSpecificationProvider - Parameter should either be a simple or a content type
2021-12-23 20:32:10.690 [main] WARN  s.d.s.r.operation.OperationImplicitParameterReader - Unable to interpret the implicit parameter configuration with dataType: UserSignUpVo, dataTypeClass: class java.lang.Void
2021-12-23 20:32:10.690 [main] WARN  s.d.builders.BodyParameterSpecificationProvider - Parameter should either be a simple or a content type
2021-12-23 20:32:10.719 [main] WARN  s.d.s.r.operation.OperationImplicitParameterReader - Unable to interpret the implicit parameter configuration with dataType: String, dataTypeClass: class java.lang.Void
2021-12-23 20:32:10.720 [main] WARN  s.d.s.r.operation.OperationImplicitParameterReader - Unable to interpret the implicit parameter configuration with dataType: LocalDateTime, dataTypeClass: class java.lang.Void
2021-12-23 20:32:10.720 [main] WARN  s.d.s.r.operation.OperationImplicitParameterReader - Unable to interpret the implicit parameter configuration with dataType: LocalDateTime, dataTypeClass: class java.lang.Void
2021-12-23 20:32:10.721 [main] WARN  s.d.s.r.operation.OperationImplicitParameterReader - Unable to interpret the implicit parameter configuration with dataType: Integer, dataTypeClass: class java.lang.Void
2021-12-23 20:32:10.721 [main] WARN  s.d.s.r.operation.OperationImplicitParameterReader - Unable to interpret the implicit parameter configuration with dataType: Integer, dataTypeClass: class java.lang.Void
2021-12-23 20:32:10.726 [main] WARN  s.d.s.r.operation.OperationImplicitParameterReader - Unable to interpret the implicit parameter configuration with dataType: String, dataTypeClass: class java.lang.Void
2021-12-23 20:32:10.727 [main] WARN  s.d.s.r.operation.OperationImplicitParameterReader - Unable to interpret the implicit parameter configuration with dataType: LocalDateTime, dataTypeClass: class java.lang.Void
2021-12-23 20:32:10.728 [main] WARN  s.d.s.r.operation.OperationImplicitParameterReader - Unable to interpret the implicit parameter configuration with dataType: LocalDateTime, dataTypeClass: class java.lang.Void
2021-12-23 20:32:10.728 [main] WARN  s.d.s.r.operation.OperationImplicitParameterReader - Unable to interpret the implicit parameter configuration with dataType: Integer, dataTypeClass: class java.lang.Void
2021-12-23 20:32:10.729 [main] WARN  s.d.s.r.operation.OperationImplicitParameterReader - Unable to interpret the implicit parameter configuration with dataType: Integer, dataTypeClass: class java.lang.Void
2021-12-23 20:32:10.734 [main] WARN  s.d.s.r.operation.OperationImplicitParameterReader - Unable to interpret the implicit parameter configuration with dataType: String, dataTypeClass: class java.lang.Void
2021-12-23 20:32:10.735 [main] WARN  s.d.s.r.operation.OperationImplicitParameterReader - Unable to interpret the implicit parameter configuration with dataType: Integer, dataTypeClass: class java.lang.Void
2021-12-23 20:32:10.735 [main] WARN  s.d.s.r.operation.OperationImplicitParameterReader - Unable to interpret the implicit parameter configuration with dataType: Integer, dataTypeClass: class java.lang.Void
2021-12-23 20:32:10.735 [main] WARN  s.d.s.r.operation.OperationImplicitParameterReader - Unable to interpret the implicit parameter configuration with dataType: Integer, dataTypeClass: class java.lang.Void
2021-12-23 20:32:10.736 [main] WARN  s.d.s.r.operation.OperationImplicitParameterReader - Unable to interpret the implicit parameter configuration with dataType: Integer, dataTypeClass: class java.lang.Void
2021-12-23 20:32:10.739 [main] WARN  s.d.s.r.operation.OperationImplicitParameterReader - Unable to interpret the implicit parameter configuration with dataType: String, dataTypeClass: class java.lang.Void
2021-12-23 20:32:10.739 [main] WARN  s.d.s.r.operation.OperationImplicitParameterReader - Unable to interpret the implicit parameter configuration with dataType: Integer, dataTypeClass: class java.lang.Void
2021-12-23 20:32:10.740 [main] WARN  s.d.s.r.operation.OperationImplicitParameterReader - Unable to interpret the implicit parameter configuration with dataType: Integer, dataTypeClass: class java.lang.Void
2021-12-23 20:32:10.742 [main] WARN  s.d.s.r.operation.OperationImplicitParameterReader - Unable to interpret the implicit parameter configuration with dataType: String, dataTypeClass: class java.lang.Void
2021-12-23 20:32:10.746 [main] WARN  s.d.s.r.operation.OperationImplicitParameterReader - Unable to interpret the implicit parameter configuration with dataType: String, dataTypeClass: class java.lang.Void
2021-12-23 20:32:10.747 [main] WARN  s.d.s.r.operation.OperationImplicitParameterReader - Unable to interpret the implicit parameter configuration with dataType: Integer, dataTypeClass: class java.lang.Void
2021-12-23 20:32:10.747 [main] WARN  s.d.s.r.operation.OperationImplicitParameterReader - Unable to interpret the implicit parameter configuration with dataType: LocalDateTime, dataTypeClass: class java.lang.Void
2021-12-23 20:32:10.748 [main] WARN  s.d.s.r.operation.OperationImplicitParameterReader - Unable to interpret the implicit parameter configuration with dataType: LocalDateTime, dataTypeClass: class java.lang.Void
2021-12-23 20:32:10.749 [main] WARN  s.d.s.r.operation.OperationImplicitParameterReader - Unable to interpret the implicit parameter configuration with dataType: Boolean, dataTypeClass: class java.lang.Void
2021-12-23 20:32:10.749 [main] WARN  s.d.s.r.operation.OperationImplicitParameterReader - Unable to interpret the implicit parameter configuration with dataType: Integer, dataTypeClass: class java.lang.Void
2021-12-23 20:32:10.750 [main] WARN  s.d.s.r.operation.OperationImplicitParameterReader - Unable to interpret the implicit parameter configuration with dataType: Integer, dataTypeClass: class java.lang.Void
2021-12-23 20:32:10.753 [main] WARN  s.d.s.r.operation.OperationImplicitParameterReader - Unable to interpret the implicit parameter configuration with dataType: String, dataTypeClass: class java.lang.Void
2021-12-23 20:32:10.753 [main] WARN  s.d.s.r.operation.OperationImplicitParameterReader - Unable to interpret the implicit parameter configuration with dataType: Integer, dataTypeClass: class java.lang.Void
2021-12-23 20:32:10.754 [main] WARN  s.d.s.r.operation.OperationImplicitParameterReader - Unable to interpret the implicit parameter configuration with dataType: Integer, dataTypeClass: class java.lang.Void
2021-12-23 20:32:10.759 [main] WARN  s.d.s.r.operation.OperationImplicitParameterReader - Unable to interpret the implicit parameter configuration with dataType: String, dataTypeClass: class java.lang.Void
2021-12-23 20:32:10.759 [main] WARN  s.d.s.r.operation.OperationImplicitParameterReader - Unable to interpret the implicit parameter configuration with dataType: Integer, dataTypeClass: class java.lang.Void
2021-12-23 20:32:10.759 [main] WARN  s.d.s.r.operation.OperationImplicitParameterReader - Unable to interpret the implicit parameter configuration with dataType: Integer, dataTypeClass: class java.lang.Void
2021-12-23 20:32:10.760 [main] WARN  s.d.s.r.operation.OperationImplicitParameterReader - Unable to interpret the implicit parameter configuration with dataType: Integer, dataTypeClass: class java.lang.Void
2021-12-23 20:32:10.760 [main] WARN  s.d.s.r.operation.OperationImplicitParameterReader - Unable to interpret the implicit parameter configuration with dataType: Integer, dataTypeClass: class java.lang.Void
2021-12-23 20:32:10.768 [main] WARN  s.d.s.r.operation.OperationImplicitParameterReader - Unable to interpret the implicit parameter configuration with dataType: String, dataTypeClass: class java.lang.Void
2021-12-23 20:32:10.769 [main] WARN  s.d.s.r.operation.OperationImplicitParameterReader - Unable to interpret the implicit parameter configuration with dataType: Integer, dataTypeClass: class java.lang.Void
2021-12-23 20:32:10.769 [main] WARN  s.d.s.r.operation.OperationImplicitParameterReader - Unable to interpret the implicit parameter configuration with dataType: StartInfoVo, dataTypeClass: class java.lang.Void
2021-12-23 20:32:10.769 [main] WARN  s.d.builders.BodyParameterSpecificationProvider - Parameter should either be a simple or a content type
2021-12-23 20:32:10.778 [main] WARN  s.d.s.r.operation.OperationImplicitParameterReader - Unable to interpret the implicit parameter configuration with dataType: String, dataTypeClass: class java.lang.Void
2021-12-23 20:32:10.778 [main] WARN  s.d.s.r.operation.OperationImplicitParameterReader - Unable to interpret the implicit parameter configuration with dataType: Integer, dataTypeClass: class java.lang.Void
2021-12-23 20:32:10.782 [main] WARN  s.d.s.r.operation.OperationImplicitParameterReader - Unable to interpret the implicit parameter configuration with dataType: String, dataTypeClass: class java.lang.Void
2021-12-23 20:32:10.783 [main] WARN  s.d.s.r.operation.OperationImplicitParameterReader - Unable to interpret the implicit parameter configuration with dataType: Integer, dataTypeClass: class java.lang.Void
2021-12-23 20:32:10.783 [main] WARN  s.d.s.r.operation.OperationImplicitParameterReader - Unable to interpret the implicit parameter configuration with dataType: String, dataTypeClass: class java.lang.Void
2021-12-23 20:32:10.784 [main] WARN  s.d.s.r.operation.OperationImplicitParameterReader - Unable to interpret the implicit parameter configuration with dataType: String, dataTypeClass: class java.lang.Void
2021-12-23 20:32:10.784 [main] WARN  s.d.s.r.operation.OperationImplicitParameterReader - Unable to interpret the implicit parameter configuration with dataType: Integer, dataTypeClass: class java.lang.Void
2021-12-23 20:32:10.784 [main] WARN  s.d.s.r.operation.OperationImplicitParameterReader - Unable to interpret the implicit parameter configuration with dataType: Integer, dataTypeClass: class java.lang.Void
2021-12-23 20:32:10.788 [main] WARN  s.d.s.r.operation.OperationImplicitParameterReader - Unable to interpret the implicit parameter configuration with dataType: String, dataTypeClass: class java.lang.Void
2021-12-23 20:32:10.789 [main] WARN  s.d.s.r.operation.OperationImplicitParameterReader - Unable to interpret the implicit parameter configuration with dataType: Integer, dataTypeClass: class java.lang.Void
2021-12-23 20:32:10.789 [main] WARN  s.d.s.r.operation.OperationImplicitParameterReader - Unable to interpret the implicit parameter configuration with dataType: Integer, dataTypeClass: class java.lang.Void
2021-12-23 20:32:10.790 [main] WARN  s.d.s.r.operation.OperationImplicitParameterReader - Unable to interpret the implicit parameter configuration with dataType: String, dataTypeClass: class java.lang.Void
2021-12-23 20:32:10.790 [main] WARN  s.d.s.r.operation.OperationImplicitParameterReader - Unable to interpret the implicit parameter configuration with dataType: String, dataTypeClass: class java.lang.Void
2021-12-23 20:32:10.790 [main] WARN  s.d.s.r.operation.OperationImplicitParameterReader - Unable to interpret the implicit parameter configuration with dataType: Integer, dataTypeClass: class java.lang.Void
2021-12-23 20:32:10.791 [main] WARN  s.d.s.r.operation.OperationImplicitParameterReader - Unable to interpret the implicit parameter configuration with dataType: Integer, dataTypeClass: class java.lang.Void
2021-12-23 20:32:10.794 [main] WARN  s.d.s.r.operation.OperationImplicitParameterReader - Unable to interpret the implicit parameter configuration with dataType: String, dataTypeClass: class java.lang.Void
2021-12-23 20:32:10.795 [main] WARN  s.d.s.r.operation.OperationImplicitParameterReader - Unable to interpret the implicit parameter configuration with dataType: Integer, dataTypeClass: class java.lang.Void
2021-12-23 20:32:10.795 [main] WARN  s.d.s.r.operation.OperationImplicitParameterReader - Unable to interpret the implicit parameter configuration with dataType: Integer, dataTypeClass: class java.lang.Void
2021-12-23 20:32:10.799 [main] WARN  s.d.s.r.operation.OperationImplicitParameterReader - Unable to interpret the implicit parameter configuration with dataType: String, dataTypeClass: class java.lang.Void
2021-12-23 20:32:10.799 [main] WARN  s.d.s.r.operation.OperationImplicitParameterReader - Unable to interpret the implicit parameter configuration with dataType: Integer, dataTypeClass: class java.lang.Void
2021-12-23 20:32:10.800 [main] WARN  s.d.s.r.operation.OperationImplicitParameterReader - Unable to interpret the implicit parameter configuration with dataType: String, dataTypeClass: class java.lang.Void
2021-12-23 20:32:10.800 [main] WARN  s.d.s.r.operation.OperationImplicitParameterReader - Unable to interpret the implicit parameter configuration with dataType: String, dataTypeClass: class java.lang.Void
2021-12-23 20:32:10.800 [main] WARN  s.d.s.r.operation.OperationImplicitParameterReader - Unable to interpret the implicit parameter configuration with dataType: Integer, dataTypeClass: class java.lang.Void
2021-12-23 20:32:10.801 [main] WARN  s.d.s.r.operation.OperationImplicitParameterReader - Unable to interpret the implicit parameter configuration with dataType: Integer, dataTypeClass: class java.lang.Void
2021-12-23 20:32:10.804 [main] WARN  s.d.s.r.operation.OperationImplicitParameterReader - Unable to interpret the implicit parameter configuration with dataType: String, dataTypeClass: class java.lang.Void
2021-12-23 20:32:10.805 [main] WARN  s.d.s.r.operation.OperationImplicitParameterReader - Unable to interpret the implicit parameter configuration with dataType: Integer, dataTypeClass: class java.lang.Void
2021-12-23 20:32:10.805 [main] WARN  s.d.s.r.operation.OperationImplicitParameterReader - Unable to interpret the implicit parameter configuration with dataType: Integer, dataTypeClass: class java.lang.Void
2021-12-23 20:32:10.805 [main] WARN  s.d.s.r.operation.OperationImplicitParameterReader - Unable to interpret the implicit parameter configuration with dataType: Integer, dataTypeClass: class java.lang.Void
2021-12-23 20:32:10.806 [main] WARN  s.d.s.r.operation.OperationImplicitParameterReader - Unable to interpret the implicit parameter configuration with dataType: Integer, dataTypeClass: class java.lang.Void
2021-12-23 20:32:10.812 [main] WARN  s.d.s.r.operation.OperationImplicitParameterReader - Unable to interpret the implicit parameter configuration with dataType: String, dataTypeClass: class java.lang.Void
2021-12-23 20:32:10.816 [main] WARN  s.d.s.r.operation.OperationImplicitParameterReader - Unable to interpret the implicit parameter configuration with dataType: String, dataTypeClass: class java.lang.Void
2021-12-23 20:32:10.816 [main] WARN  s.d.s.r.operation.OperationImplicitParameterReader - Unable to interpret the implicit parameter configuration with dataType: Long, dataTypeClass: class java.lang.Void
2021-12-23 20:32:10.820 [main] WARN  s.d.s.r.operation.OperationImplicitParameterReader - Unable to interpret the implicit parameter configuration with dataType: String, dataTypeClass: class java.lang.Void
2021-12-23 20:32:10.825 [main] WARN  s.d.s.r.operation.OperationImplicitParameterReader - Unable to interpret the implicit parameter configuration with dataType: String, dataTypeClass: class java.lang.Void
2021-12-23 20:32:10.826 [main] WARN  s.d.s.r.operation.OperationImplicitParameterReader - Unable to interpret the implicit parameter configuration with dataType: Long, dataTypeClass: class java.lang.Void
2021-12-23 20:32:10.829 [main] WARN  s.d.s.r.operation.OperationImplicitParameterReader - Unable to interpret the implicit parameter configuration with dataType: String, dataTypeClass: class java.lang.Void
2021-12-23 20:32:10.829 [main] WARN  s.d.s.r.operation.OperationImplicitParameterReader - Unable to interpret the implicit parameter configuration with dataType: Integer, dataTypeClass: class java.lang.Void
2021-12-23 20:32:10.829 [main] WARN  s.d.s.r.operation.OperationImplicitParameterReader - Unable to interpret the implicit parameter configuration with dataType: Integer, dataTypeClass: class java.lang.Void
2021-12-23 20:32:10.872 [main] INFO  cn.edu.xmu.oomall.other.controller.combineTest - Started combineTest in 23.312 seconds (JVM running for 25.708)
2021-12-23 20:32:10.929 [Thread-4] WARN  com.alibaba.nacos.common.http.HttpClientBeanHolder - [HttpClientBeanHolder] Start destroying common HttpClient
2021-12-23 20:32:10.930 [Thread-24] WARN  com.alibaba.nacos.common.notify.NotifyCenter - [NotifyCenter] Start destroying Publisher
2021-12-23 20:32:10.930 [Thread-24] WARN  com.alibaba.nacos.common.notify.NotifyCenter - [NotifyCenter] Destruction of the end
2021-12-23 20:32:10.931 [Thread-4] WARN  com.alibaba.nacos.common.http.HttpClientBeanHolder - [HttpClientBeanHolder] Destruction of the end
2021-12-23 20:32:10.937 [SpringContextShutdownHook] INFO  o.a.r.s.support.DefaultRocketMQListenerContainer - container destroyed, DefaultRocketMQListenerContainer{consumerGroup='aftersales-refund-group', nameServer='121.36.1.4:9876', topic='refund-type2-notify-topic', consumeMode=ORDERLY, selectorType=TAG, selectorExpression='*', messageModel=CLUSTERING}
2021-12-23 20:32:10.937 [SpringContextShutdownHook] INFO  o.a.r.s.support.DefaultRocketMQListenerContainer - container destroyed, DefaultRocketMQListenerContainer{consumerGroup='coupon-group', nameServer='121.36.1.4:9876', topic='coupon-topic', consumeMode=CONCURRENTLY, selectorType=TAG, selectorExpression='1', messageModel=CLUSTERING}
2021-12-23 20:32:10.942 [NettyClientSelector_1] INFO  RocketmqRemoting - closeChannel: close the connection to remote address[121.36.1.4:9876] result: true
2021-12-23 20:32:10.946 [NettyClientSelector_1] INFO  RocketmqRemoting - closeChannel: close the connection to remote address[121.36.1.4:9876] result: true
2021-12-23 20:32:17.166 [SpringContextShutdownHook] INFO  com.alibaba.druid.pool.DruidDataSource - {dataSource-1} closing ...
2021-12-23 20:32:17.180 [SpringContextShutdownHook] INFO  com.alibaba.druid.pool.DruidDataSource - {dataSource-1} closed
2021-12-23 20:34:08.526 [main] INFO  o.s.b.t.context.SpringBootTestContextBootstrapper - Neither @ContextConfiguration nor @ContextHierarchy found for test class [cn.edu.xmu.oomall.other.controller.combineTest], using SpringBootContextLoader
2021-12-23 20:34:08.533 [main] INFO  o.s.test.context.support.AbstractContextLoader - Could not detect default resource locations for test class [cn.edu.xmu.oomall.other.controller.combineTest]: no resource found for suffixes {-context.xml, Context.groovy}.
2021-12-23 20:34:08.534 [main] INFO  o.s.t.c.support.AnnotationConfigContextLoaderUtils - Could not detect default configuration classes for test class [cn.edu.xmu.oomall.other.controller.combineTest]: combineTest does not declare any static, non-private, non-final, nested classes annotated with @Configuration.
2021-12-23 20:34:08.747 [main] INFO  o.s.b.t.context.SpringBootTestContextBootstrapper - Found @SpringBootConfiguration cn.edu.xmu.oomall.other.OtherServiceApplication for test class cn.edu.xmu.oomall.other.controller.combineTest
2021-12-23 20:34:08.871 [main] INFO  o.s.b.t.context.SpringBootTestContextBootstrapper - Loaded default TestExecutionListener class names from location [META-INF/spring.factories]: [org.springframework.boot.test.mock.mockito.MockitoTestExecutionListener, org.springframework.boot.test.mock.mockito.ResetMocksTestExecutionListener, org.springframework.boot.test.autoconfigure.restdocs.RestDocsTestExecutionListener, org.springframework.boot.test.autoconfigure.web.client.MockRestServiceServerResetTestExecutionListener, org.springframework.boot.test.autoconfigure.web.servlet.MockMvcPrintOnlyOnFailureTestExecutionListener, org.springframework.boot.test.autoconfigure.web.servlet.WebDriverTestExecutionListener, org.springframework.boot.test.autoconfigure.webservices.client.MockWebServiceServerTestExecutionListener, org.springframework.test.context.web.ServletTestExecutionListener, org.springframework.test.context.support.DirtiesContextBeforeModesTestExecutionListener, org.springframework.test.context.event.ApplicationEventsTestExecutionListener, org.springframework.test.context.support.DependencyInjectionTestExecutionListener, org.springframework.test.context.support.DirtiesContextTestExecutionListener, org.springframework.test.context.transaction.TransactionalTestExecutionListener, org.springframework.test.context.jdbc.SqlScriptsTestExecutionListener, org.springframework.test.context.event.EventPublishingTestExecutionListener]
2021-12-23 20:34:08.895 [main] INFO  o.s.b.t.context.SpringBootTestContextBootstrapper - Using TestExecutionListeners: [org.springframework.test.context.web.ServletTestExecutionListener@6ce1f601, org.springframework.test.context.support.DirtiesContextBeforeModesTestExecutionListener@38875e7d, org.springframework.test.context.event.ApplicationEventsTestExecutionListener@1e886a5b, org.springframework.boot.test.mock.mockito.MockitoTestExecutionListener@d816dde, org.springframework.boot.test.autoconfigure.SpringBootDependencyInjectionTestExecutionListener@6e33c391, org.springframework.test.context.support.DirtiesContextTestExecutionListener@6c451c9c, org.springframework.test.context.transaction.TransactionalTestExecutionListener@31c269fd, org.springframework.test.context.jdbc.SqlScriptsTestExecutionListener@372b0d86, org.springframework.test.context.event.EventPublishingTestExecutionListener@47747fb9, org.springframework.boot.test.mock.mockito.ResetMocksTestExecutionListener@3113a37, org.springframework.boot.test.autoconfigure.restdocs.RestDocsTestExecutionListener@213e3629, org.springframework.boot.test.autoconfigure.web.client.MockRestServiceServerResetTestExecutionListener@4e9658b5, org.springframework.boot.test.autoconfigure.web.servlet.MockMvcPrintOnlyOnFailureTestExecutionListener@2a7b6f69, org.springframework.boot.test.autoconfigure.web.servlet.WebDriverTestExecutionListener@20312893, org.springframework.boot.test.autoconfigure.webservices.client.MockWebServiceServerTestExecutionListener@70eecdc2]
2021-12-23 20:34:10.384 [background-preinit] INFO  org.hibernate.validator.internal.util.Version - HV000001: Hibernate Validator 6.1.7.Final
2021-12-23 20:34:10.395 [main] INFO  cn.edu.xmu.oomall.other.controller.combineTest - Starting combineTest using Java 11.0.9 on LAPTOP-1BRULHV1 with PID 15588 (started by 10421 in D:\oomall_final\other)
2021-12-23 20:34:10.398 [main] INFO  cn.edu.xmu.oomall.other.controller.combineTest - No active profile set, falling back to default profiles: default
2021-12-23 20:34:11.887 [main] INFO  o.s.d.r.config.RepositoryConfigurationDelegate - Multiple Spring Data modules found, entering strict repository configuration mode!
2021-12-23 20:34:11.890 [main] INFO  o.s.d.r.config.RepositoryConfigurationDelegate - Bootstrapping Spring Data Redis repositories in DEFAULT mode.
2021-12-23 20:34:11.934 [main] INFO  o.s.d.r.config.RepositoryConfigurationDelegate - Finished Spring Data repository scanning in 29 ms. Found 0 Redis repository interfaces.
2021-12-23 20:34:12.276 [main] INFO  o.springframework.cloud.context.scope.GenericScope - BeanFactory id=263b4cd1-0e68-3ad4-9bb9-acdd7ced4739
2021-12-23 20:34:13.670 [main] INFO  c.a.d.s.b.a.DruidDataSourceAutoConfigure - Init DruidDataSource
2021-12-23 20:34:14.120 [main] INFO  com.alibaba.druid.pool.DruidDataSource - {dataSource-1} inited
2021-12-23 20:34:14.918 [main] INFO  o.s.cloud.openfeign.FeignClientFactoryBean - For 'freight-service' URL not provided. Will try picking an instance via load-balancing.
2021-12-23 20:34:15.725 [main] INFO  o.s.cloud.openfeign.FeignClientFactoryBean - For 'order-service' URL not provided. Will try picking an instance via load-balancing.
2021-12-23 20:34:15.814 [main] INFO  o.s.cloud.openfeign.FeignClientFactoryBean - For 'activity-service' URL not provided. Will try picking an instance via load-balancing.
2021-12-23 20:34:15.844 [main] INFO  o.s.cloud.openfeign.FeignClientFactoryBean - For 'goods-service' URL not provided. Will try picking an instance via load-balancing.
2021-12-23 20:34:15.884 [main] INFO  o.s.cloud.openfeign.FeignClientFactoryBean - For 'shop-service' URL not provided. Will try picking an instance via load-balancing.
2021-12-23 20:34:15.906 [main] INFO  o.s.cloud.openfeign.FeignClientFactoryBean - For 'transaction-service' URL not provided. Will try picking an instance via load-balancing.
2021-12-23 20:34:15.939 [main] INFO  o.s.cloud.openfeign.FeignClientFactoryBean - For 'refund' URL not provided. Will try picking an instance via load-balancing.
2021-12-23 20:34:16.030 [main] INFO  o.s.cloud.openfeign.FeignClientFactoryBean - For 'coupon-service' URL not provided. Will try picking an instance via load-balancing.
2021-12-23 20:34:24.087 [main] INFO  o.s.b.test.mock.web.SpringBootMockServletContext - Initializing Spring TestDispatcherServlet ''
2021-12-23 20:34:24.087 [main] INFO  o.s.test.web.servlet.TestDispatcherServlet - Initializing Servlet ''
2021-12-23 20:34:24.089 [main] INFO  o.s.test.web.servlet.TestDispatcherServlet - Completed initialization in 2 ms
2021-12-23 20:34:25.030 [main] WARN  o.s.c.l.c.LoadBalancerCacheAutoConfiguration$LoadBalancerCaffeineWarnLogger - Spring Cloud LoadBalancer is currently working with the default cache. You can switch to using Caffeine cache, by adding it and org.springframework.cache.caffeine.CaffeineCacheManager to the classpath.
2021-12-23 20:34:26.239 [main] INFO  o.a.r.s.support.DefaultRocketMQListenerContainer - running container: DefaultRocketMQListenerContainer{consumerGroup='coupon-group', nameServer='121.36.1.4:9876', topic='coupon-topic', consumeMode=CONCURRENTLY, selectorType=TAG, selectorExpression='1', messageModel=CLUSTERING}
2021-12-23 20:34:26.240 [main] INFO  o.a.r.s.a.ListenerContainerConfiguration - Register the listener to container, listenerBeanName:couponConsumerListener, containerBeanName:org.apache.rocketmq.spring.support.DefaultRocketMQListenerContainer_1
2021-12-23 20:34:27.315 [main] INFO  o.a.r.s.support.DefaultRocketMQListenerContainer - running container: DefaultRocketMQListenerContainer{consumerGroup='aftersales-refund-group', nameServer='121.36.1.4:9876', topic='refund-type2-notify-topic', consumeMode=ORDERLY, selectorType=TAG, selectorExpression='*', messageModel=CLUSTERING}
2021-12-23 20:34:27.315 [main] INFO  o.a.r.s.a.ListenerContainerConfiguration - Register the listener to container, listenerBeanName:refundConsumerListener, containerBeanName:org.apache.rocketmq.spring.support.DefaultRocketMQListenerContainer_2
2021-12-23 20:34:27.826 [main] WARN  s.d.s.r.operation.OperationImplicitParameterReader - Unable to interpret the implicit parameter configuration with dataType: String, dataTypeClass: class java.lang.Void
2021-12-23 20:34:27.831 [main] WARN  s.d.s.r.operation.OperationImplicitParameterReader - Unable to interpret the implicit parameter configuration with dataType: AddressVo, dataTypeClass: class java.lang.Void
2021-12-23 20:34:27.831 [main] WARN  s.d.builders.BodyParameterSpecificationProvider - Parameter should either be a simple or a content type
2021-12-23 20:34:27.882 [main] WARN  s.d.s.r.operation.OperationImplicitParameterReader - Unable to interpret the implicit parameter configuration with dataType: String, dataTypeClass: class java.lang.Void
2021-12-23 20:34:27.883 [main] WARN  s.d.s.r.operation.OperationImplicitParameterReader - Unable to interpret the implicit parameter configuration with dataType: Integer, dataTypeClass: class java.lang.Void
2021-12-23 20:34:27.887 [main] WARN  s.d.s.r.operation.OperationImplicitParameterReader - Unable to interpret the implicit parameter configuration with dataType: String, dataTypeClass: class java.lang.Void
2021-12-23 20:34:27.903 [main] WARN  s.d.s.r.operation.OperationImplicitParameterReader - Unable to interpret the implicit parameter configuration with dataType: String, dataTypeClass: class java.lang.Void
2021-12-23 20:34:27.903 [main] WARN  s.d.s.r.operation.OperationImplicitParameterReader - Unable to interpret the implicit parameter configuration with dataType: Integer, dataTypeClass: class java.lang.Void
2021-12-23 20:34:27.904 [main] WARN  s.d.s.r.operation.OperationImplicitParameterReader - Unable to interpret the implicit parameter configuration with dataType: AddressVo, dataTypeClass: class java.lang.Void
2021-12-23 20:34:27.904 [main] WARN  s.d.builders.BodyParameterSpecificationProvider - Parameter should either be a simple or a content type
2021-12-23 20:34:27.909 [main] WARN  s.d.s.r.operation.OperationImplicitParameterReader - Unable to interpret the implicit parameter configuration with dataType: String, dataTypeClass: class java.lang.Void
2021-12-23 20:34:27.910 [main] WARN  s.d.s.r.operation.OperationImplicitParameterReader - Unable to interpret the implicit parameter configuration with dataType: Integer, dataTypeClass: class java.lang.Void
2021-12-23 20:34:27.946 [main] WARN  s.d.s.r.operation.OperationImplicitParameterReader - Unable to interpret the implicit parameter configuration with dataType: String, dataTypeClass: class java.lang.Void
2021-12-23 20:34:27.947 [main] WARN  s.d.s.r.operation.OperationImplicitParameterReader - Unable to interpret the implicit parameter configuration with dataType: Integer, dataTypeClass: class java.lang.Void
2021-12-23 20:34:27.947 [main] WARN  s.d.s.r.operation.OperationImplicitParameterReader - Unable to interpret the implicit parameter configuration with dataType: String, dataTypeClass: class java.lang.Void
2021-12-23 20:34:27.948 [main] WARN  s.d.s.r.operation.OperationImplicitParameterReader - Unable to interpret the implicit parameter configuration with dataType: String, dataTypeClass: class java.lang.Void
2021-12-23 20:34:27.948 [main] WARN  s.d.s.r.operation.OperationImplicitParameterReader - Unable to interpret the implicit parameter configuration with dataType: Integer, dataTypeClass: class java.lang.Void
2021-12-23 20:34:27.949 [main] WARN  s.d.s.r.operation.OperationImplicitParameterReader - Unable to interpret the implicit parameter configuration with dataType: Integer, dataTypeClass: class java.lang.Void
2021-12-23 20:34:27.950 [main] WARN  s.d.s.r.operation.OperationImplicitParameterReader - Unable to interpret the implicit parameter configuration with dataType: Integer, dataTypeClass: class java.lang.Void
2021-12-23 20:34:27.950 [main] WARN  s.d.s.r.operation.OperationImplicitParameterReader - Unable to interpret the implicit parameter configuration with dataType: Integer, dataTypeClass: class java.lang.Void
2021-12-23 20:34:27.955 [main] WARN  s.d.s.r.operation.OperationImplicitParameterReader - Unable to interpret the implicit parameter configuration with dataType: String, dataTypeClass: class java.lang.Void
2021-12-23 20:34:27.956 [main] WARN  s.d.s.r.operation.OperationImplicitParameterReader - Unable to interpret the implicit parameter configuration with dataType: Integer, dataTypeClass: class java.lang.Void
2021-12-23 20:34:27.956 [main] WARN  s.d.s.r.operation.OperationImplicitParameterReader - Unable to interpret the implicit parameter configuration with dataType: Integer, dataTypeClass: class java.lang.Void
2021-12-23 20:34:27.979 [main] WARN  s.d.s.r.operation.OperationImplicitParameterReader - Unable to interpret the implicit parameter configuration with dataType: String, dataTypeClass: class java.lang.Void
2021-12-23 20:34:27.980 [main] WARN  s.d.s.r.operation.OperationImplicitParameterReader - Unable to interpret the implicit parameter configuration with dataType: Integer, dataTypeClass: class java.lang.Void
2021-12-23 20:34:27.981 [main] WARN  s.d.s.r.operation.OperationImplicitParameterReader - Unable to interpret the implicit parameter configuration with dataType: AftersaleSendbackVo, dataTypeClass: class java.lang.Void
2021-12-23 20:34:27.982 [main] WARN  s.d.builders.BodyParameterSpecificationProvider - Parameter should either be a simple or a content type
2021-12-23 20:34:28.006 [main] WARN  s.d.s.r.operation.OperationImplicitParameterReader - Unable to interpret the implicit parameter configuration with dataType: String, dataTypeClass: class java.lang.Void
2021-12-23 20:34:28.007 [main] WARN  s.d.s.r.operation.OperationImplicitParameterReader - Unable to interpret the implicit parameter configuration with dataType: Integer, dataTypeClass: class java.lang.Void
2021-12-23 20:34:28.007 [main] WARN  s.d.s.r.operation.OperationImplicitParameterReader - Unable to interpret the implicit parameter configuration with dataType: Integer, dataTypeClass: class java.lang.Void
2021-12-23 20:34:28.008 [main] WARN  s.d.s.r.operation.OperationImplicitParameterReader - Unable to interpret the implicit parameter configuration with dataType: AftersaleConfirmVo, dataTypeClass: class java.lang.Void
2021-12-23 20:34:28.008 [main] WARN  s.d.builders.BodyParameterSpecificationProvider - Parameter should either be a simple or a content type
2021-12-23 20:34:28.020 [main] WARN  s.d.s.r.operation.OperationImplicitParameterReader - Unable to interpret the implicit parameter configuration with dataType: String, dataTypeClass: class java.lang.Void
2021-12-23 20:34:28.021 [main] WARN  s.d.s.r.operation.OperationImplicitParameterReader - Unable to interpret the implicit parameter configuration with dataType: Integer, dataTypeClass: class java.lang.Void
2021-12-23 20:34:28.021 [main] WARN  s.d.s.r.operation.OperationImplicitParameterReader - Unable to interpret the implicit parameter configuration with dataType: Integer, dataTypeClass: class java.lang.Void
2021-12-23 20:34:28.022 [main] WARN  s.d.s.r.operation.OperationImplicitParameterReader - Unable to interpret the implicit parameter configuration with dataType: AftersaleDeliverVo, dataTypeClass: class java.lang.Void
2021-12-23 20:34:28.022 [main] WARN  s.d.builders.BodyParameterSpecificationProvider - Parameter should either be a simple or a content type
2021-12-23 20:34:28.028 [main] WARN  s.d.s.r.operation.OperationImplicitParameterReader - Unable to interpret the implicit parameter configuration with dataType: String, dataTypeClass: class java.lang.Void
2021-12-23 20:34:28.029 [main] WARN  s.d.s.r.operation.OperationImplicitParameterReader - Unable to interpret the implicit parameter configuration with dataType: Integer, dataTypeClass: class java.lang.Void
2021-12-23 20:34:28.029 [main] WARN  s.d.s.r.operation.OperationImplicitParameterReader - Unable to interpret the implicit parameter configuration with dataType: Integer, dataTypeClass: class java.lang.Void
2021-12-23 20:34:28.040 [main] WARN  s.d.s.r.operation.OperationImplicitParameterReader - Unable to interpret the implicit parameter configuration with dataType: String, dataTypeClass: class java.lang.Void
2021-12-23 20:34:28.041 [main] WARN  s.d.s.r.operation.OperationImplicitParameterReader - Unable to interpret the implicit parameter configuration with dataType: Integer, dataTypeClass: class java.lang.Void
2021-12-23 20:34:28.042 [main] WARN  s.d.s.r.operation.OperationImplicitParameterReader - Unable to interpret the implicit parameter configuration with dataType: Integer, dataTypeClass: class java.lang.Void
2021-12-23 20:34:28.042 [main] WARN  s.d.s.r.operation.OperationImplicitParameterReader - Unable to interpret the implicit parameter configuration with dataType: AftersaleReceiveVo, dataTypeClass: class java.lang.Void
2021-12-23 20:34:28.043 [main] WARN  s.d.builders.BodyParameterSpecificationProvider - Parameter should either be a simple or a content type
2021-12-23 20:34:28.056 [main] WARN  s.d.s.r.operation.OperationImplicitParameterReader - Unable to interpret the implicit parameter configuration with dataType: String, dataTypeClass: class java.lang.Void
2021-12-23 20:34:28.056 [main] WARN  s.d.s.r.operation.OperationImplicitParameterReader - Unable to interpret the implicit parameter configuration with dataType: Integer, dataTypeClass: class java.lang.Void
2021-12-23 20:34:28.057 [main] WARN  s.d.s.r.operation.OperationImplicitParameterReader - Unable to interpret the implicit parameter configuration with dataType: AfterSaleModifyVo, dataTypeClass: class java.lang.Void
2021-12-23 20:34:28.057 [main] WARN  s.d.builders.BodyParameterSpecificationProvider - Parameter should either be a simple or a content type
2021-12-23 20:34:28.062 [main] WARN  s.d.s.r.operation.OperationImplicitParameterReader - Unable to interpret the implicit parameter configuration with dataType: String, dataTypeClass: class java.lang.Void
2021-12-23 20:34:28.063 [main] WARN  s.d.s.r.operation.OperationImplicitParameterReader - Unable to interpret the implicit parameter configuration with dataType: Integer, dataTypeClass: class java.lang.Void
2021-12-23 20:34:28.080 [main] WARN  s.d.s.r.operation.OperationImplicitParameterReader - Unable to interpret the implicit parameter configuration with dataType: String, dataTypeClass: class java.lang.Void
2021-12-23 20:34:28.081 [main] WARN  s.d.s.r.operation.OperationImplicitParameterReader - Unable to interpret the implicit parameter configuration with dataType: Integer, dataTypeClass: class java.lang.Void
2021-12-23 20:34:28.081 [main] WARN  s.d.s.r.operation.OperationImplicitParameterReader - Unable to interpret the implicit parameter configuration with dataType: AftersaleVo, dataTypeClass: class java.lang.Void
2021-12-23 20:34:28.082 [main] WARN  s.d.builders.BodyParameterSpecificationProvider - Parameter should either be a simple or a content type
2021-12-23 20:34:28.086 [main] WARN  s.d.s.r.operation.OperationImplicitParameterReader - Unable to interpret the implicit parameter configuration with dataType: String, dataTypeClass: class java.lang.Void
2021-12-23 20:34:28.087 [main] WARN  s.d.s.r.operation.OperationImplicitParameterReader - Unable to interpret the implicit parameter configuration with dataType: Integer, dataTypeClass: class java.lang.Void
2021-12-23 20:34:28.090 [main] WARN  s.d.s.r.operation.OperationImplicitParameterReader - Unable to interpret the implicit parameter configuration with dataType: String, dataTypeClass: class java.lang.Void
2021-12-23 20:34:28.094 [main] WARN  s.d.s.r.operation.OperationImplicitParameterReader - Unable to interpret the implicit parameter configuration with dataType: String, dataTypeClass: class java.lang.Void
2021-12-23 20:34:28.094 [main] WARN  s.d.s.r.operation.OperationImplicitParameterReader - Unable to interpret the implicit parameter configuration with dataType: Integer, dataTypeClass: class java.lang.Void
2021-12-23 20:34:28.100 [main] WARN  s.d.s.r.operation.OperationImplicitParameterReader - Unable to interpret the implicit parameter configuration with dataType: String, dataTypeClass: class java.lang.Void
2021-12-23 20:34:28.100 [main] WARN  s.d.s.r.operation.OperationImplicitParameterReader - Unable to interpret the implicit parameter configuration with dataType: String, dataTypeClass: class java.lang.Void
2021-12-23 20:34:28.100 [main] WARN  s.d.s.r.operation.OperationImplicitParameterReader - Unable to interpret the implicit parameter configuration with dataType: String, dataTypeClass: class java.lang.Void
2021-12-23 20:34:28.101 [main] WARN  s.d.s.r.operation.OperationImplicitParameterReader - Unable to interpret the implicit parameter configuration with dataType: Integer, dataTypeClass: class java.lang.Void
2021-12-23 20:34:28.101 [main] WARN  s.d.s.r.operation.OperationImplicitParameterReader - Unable to interpret the implicit parameter configuration with dataType: Integer, dataTypeClass: class java.lang.Void
2021-12-23 20:34:28.101 [main] WARN  s.d.s.r.operation.OperationImplicitParameterReader - Unable to interpret the implicit parameter configuration with dataType: Integer, dataTypeClass: class java.lang.Void
2021-12-23 20:34:28.102 [main] WARN  s.d.s.r.operation.OperationImplicitParameterReader - Unable to interpret the implicit parameter configuration with dataType: Integer, dataTypeClass: class java.lang.Void
2021-12-23 20:34:28.155 [main] WARN  s.d.s.r.operation.OperationImplicitParameterReader - Unable to interpret the implicit parameter configuration with dataType: String, dataTypeClass: class java.lang.Void
2021-12-23 20:34:28.155 [main] WARN  s.d.s.r.operation.OperationImplicitParameterReader - Unable to interpret the implicit parameter configuration with dataType: Integer, dataTypeClass: class java.lang.Void
2021-12-23 20:34:28.162 [main] WARN  s.d.s.r.operation.OperationImplicitParameterReader - Unable to interpret the implicit parameter configuration with dataType: String, dataTypeClass: class java.lang.Void
2021-12-23 20:34:28.163 [main] WARN  s.d.s.r.operation.OperationImplicitParameterReader - Unable to interpret the implicit parameter configuration with dataType: Integer, dataTypeClass: class java.lang.Void
2021-12-23 20:34:28.164 [main] WARN  s.d.s.r.operation.OperationImplicitParameterReader - Unable to interpret the implicit parameter configuration with dataType: Integer, dataTypeClass: class java.lang.Void
2021-12-23 20:34:28.164 [main] WARN  s.d.s.r.operation.OperationImplicitParameterReader - Unable to interpret the implicit parameter configuration with dataType: Integer, dataTypeClass: class java.lang.Void
2021-12-23 20:34:28.178 [main] WARN  s.d.s.r.operation.OperationImplicitParameterReader - Unable to interpret the implicit parameter configuration with dataType: String, dataTypeClass: class java.lang.Void
2021-12-23 20:34:28.179 [main] WARN  s.d.s.r.operation.OperationImplicitParameterReader - Unable to interpret the implicit parameter configuration with dataType: Integer, dataTypeClass: class java.lang.Void
2021-12-23 20:34:28.184 [main] WARN  s.d.s.r.operation.OperationImplicitParameterReader - Unable to interpret the implicit parameter configuration with dataType: String, dataTypeClass: class java.lang.Void
2021-12-23 20:34:28.185 [main] WARN  s.d.s.r.operation.OperationImplicitParameterReader - Unable to interpret the implicit parameter configuration with dataType: UserModifyVo, dataTypeClass: class java.lang.Void
2021-12-23 20:34:28.185 [main] WARN  s.d.builders.BodyParameterSpecificationProvider - Parameter should either be a simple or a content type
2021-12-23 20:34:28.190 [main] WARN  s.d.s.r.operation.OperationImplicitParameterReader - Unable to interpret the implicit parameter configuration with dataType: String, dataTypeClass: class java.lang.Void
2021-12-23 20:34:28.191 [main] WARN  s.d.s.r.operation.OperationImplicitParameterReader - Unable to interpret the implicit parameter configuration with dataType: UserModifyVo, dataTypeClass: class java.lang.Void
2021-12-23 20:34:28.191 [main] WARN  s.d.builders.BodyParameterSpecificationProvider - Parameter should either be a simple or a content type
2021-12-23 20:34:28.195 [main] WARN  s.d.s.r.operation.OperationImplicitParameterReader - Unable to interpret the implicit parameter configuration with dataType: String, dataTypeClass: class java.lang.Void
2021-12-23 20:34:28.195 [main] WARN  s.d.s.r.operation.OperationImplicitParameterReader - Unable to interpret the implicit parameter configuration with dataType: String, dataTypeClass: class java.lang.Void
2021-12-23 20:34:28.196 [main] WARN  s.d.s.r.operation.OperationImplicitParameterReader - Unable to interpret the implicit parameter configuration with dataType: String, dataTypeClass: class java.lang.Void
2021-12-23 20:34:28.196 [main] WARN  s.d.s.r.operation.OperationImplicitParameterReader - Unable to interpret the implicit parameter configuration with dataType: String, dataTypeClass: class java.lang.Void
2021-12-23 20:34:28.196 [main] WARN  s.d.s.r.operation.OperationImplicitParameterReader - Unable to interpret the implicit parameter configuration with dataType: Integer, dataTypeClass: class java.lang.Void
2021-12-23 20:34:28.197 [main] WARN  s.d.s.r.operation.OperationImplicitParameterReader - Unable to interpret the implicit parameter configuration with dataType: Integer, dataTypeClass: class java.lang.Void
2021-12-23 20:34:28.200 [main] WARN  s.d.s.r.operation.OperationImplicitParameterReader - Unable to interpret the implicit parameter configuration with dataType: String, dataTypeClass: class java.lang.Void
2021-12-23 20:34:28.200 [main] WARN  s.d.s.r.operation.OperationImplicitParameterReader - Unable to interpret the implicit parameter configuration with dataType: Integer, dataTypeClass: class java.lang.Void
2021-12-23 20:34:28.205 [main] WARN  s.d.s.r.operation.OperationImplicitParameterReader - Unable to interpret the implicit parameter configuration with dataType: String, dataTypeClass: class java.lang.Void
2021-12-23 20:34:28.211 [main] WARN  s.d.s.r.operation.OperationImplicitParameterReader - Unable to interpret the implicit parameter configuration with dataType: UserLoginVo, dataTypeClass: class java.lang.Void
2021-12-23 20:34:28.212 [main] WARN  s.d.builders.BodyParameterSpecificationProvider - Parameter should either be a simple or a content type
2021-12-23 20:34:28.216 [main] WARN  s.d.s.r.operation.OperationImplicitParameterReader - Unable to interpret the implicit parameter configuration with dataType: String, dataTypeClass: class java.lang.Void
2021-12-23 20:34:28.225 [main] WARN  s.d.s.r.operation.OperationImplicitParameterReader - Unable to interpret the implicit parameter configuration with dataType: String, dataTypeClass: class java.lang.Void
2021-12-23 20:34:28.225 [main] WARN  s.d.s.r.operation.OperationImplicitParameterReader - Unable to interpret the implicit parameter configuration with dataType: Integer, dataTypeClass: class java.lang.Void
2021-12-23 20:34:28.232 [main] WARN  s.d.s.r.operation.OperationImplicitParameterReader - Unable to interpret the implicit parameter configuration with dataType: String, dataTypeClass: class java.lang.Void
2021-12-23 20:34:28.233 [main] WARN  s.d.s.r.operation.OperationImplicitParameterReader - Unable to interpret the implicit parameter configuration with dataType: UserResetPasswordVo, dataTypeClass: class java.lang.Void
2021-12-23 20:34:28.233 [main] WARN  s.d.builders.BodyParameterSpecificationProvider - Parameter should either be a simple or a content type
2021-12-23 20:34:28.245 [main] WARN  s.d.s.r.operation.OperationImplicitParameterReader - Unable to interpret the implicit parameter configuration with dataType: UserSignUpVo, dataTypeClass: class java.lang.Void
2021-12-23 20:34:28.245 [main] WARN  s.d.builders.BodyParameterSpecificationProvider - Parameter should either be a simple or a content type
2021-12-23 20:34:28.258 [main] WARN  s.d.s.r.operation.OperationImplicitParameterReader - Unable to interpret the implicit parameter configuration with dataType: String, dataTypeClass: class java.lang.Void
2021-12-23 20:34:28.259 [main] WARN  s.d.s.r.operation.OperationImplicitParameterReader - Unable to interpret the implicit parameter configuration with dataType: LocalDateTime, dataTypeClass: class java.lang.Void
2021-12-23 20:34:28.260 [main] WARN  s.d.s.r.operation.OperationImplicitParameterReader - Unable to interpret the implicit parameter configuration with dataType: LocalDateTime, dataTypeClass: class java.lang.Void
2021-12-23 20:34:28.261 [main] WARN  s.d.s.r.operation.OperationImplicitParameterReader - Unable to interpret the implicit parameter configuration with dataType: Integer, dataTypeClass: class java.lang.Void
2021-12-23 20:34:28.262 [main] WARN  s.d.s.r.operation.OperationImplicitParameterReader - Unable to interpret the implicit parameter configuration with dataType: Integer, dataTypeClass: class java.lang.Void
2021-12-23 20:34:28.269 [main] WARN  s.d.s.r.operation.OperationImplicitParameterReader - Unable to interpret the implicit parameter configuration with dataType: String, dataTypeClass: class java.lang.Void
2021-12-23 20:34:28.270 [main] WARN  s.d.s.r.operation.OperationImplicitParameterReader - Unable to interpret the implicit parameter configuration with dataType: LocalDateTime, dataTypeClass: class java.lang.Void
2021-12-23 20:34:28.271 [main] WARN  s.d.s.r.operation.OperationImplicitParameterReader - Unable to interpret the implicit parameter configuration with dataType: LocalDateTime, dataTypeClass: class java.lang.Void
2021-12-23 20:34:28.272 [main] WARN  s.d.s.r.operation.OperationImplicitParameterReader - Unable to interpret the implicit parameter configuration with dataType: Integer, dataTypeClass: class java.lang.Void
2021-12-23 20:34:28.272 [main] WARN  s.d.s.r.operation.OperationImplicitParameterReader - Unable to interpret the implicit parameter configuration with dataType: Integer, dataTypeClass: class java.lang.Void
2021-12-23 20:34:28.278 [main] WARN  s.d.s.r.operation.OperationImplicitParameterReader - Unable to interpret the implicit parameter configuration with dataType: String, dataTypeClass: class java.lang.Void
2021-12-23 20:34:28.279 [main] WARN  s.d.s.r.operation.OperationImplicitParameterReader - Unable to interpret the implicit parameter configuration with dataType: Integer, dataTypeClass: class java.lang.Void
2021-12-23 20:34:28.280 [main] WARN  s.d.s.r.operation.OperationImplicitParameterReader - Unable to interpret the implicit parameter configuration with dataType: Integer, dataTypeClass: class java.lang.Void
2021-12-23 20:34:28.281 [main] WARN  s.d.s.r.operation.OperationImplicitParameterReader - Unable to interpret the implicit parameter configuration with dataType: Integer, dataTypeClass: class java.lang.Void
2021-12-23 20:34:28.281 [main] WARN  s.d.s.r.operation.OperationImplicitParameterReader - Unable to interpret the implicit parameter configuration with dataType: Integer, dataTypeClass: class java.lang.Void
2021-12-23 20:34:28.286 [main] WARN  s.d.s.r.operation.OperationImplicitParameterReader - Unable to interpret the implicit parameter configuration with dataType: String, dataTypeClass: class java.lang.Void
2021-12-23 20:34:28.287 [main] WARN  s.d.s.r.operation.OperationImplicitParameterReader - Unable to interpret the implicit parameter configuration with dataType: Integer, dataTypeClass: class java.lang.Void
2021-12-23 20:34:28.287 [main] WARN  s.d.s.r.operation.OperationImplicitParameterReader - Unable to interpret the implicit parameter configuration with dataType: Integer, dataTypeClass: class java.lang.Void
2021-12-23 20:34:28.292 [main] WARN  s.d.s.r.operation.OperationImplicitParameterReader - Unable to interpret the implicit parameter configuration with dataType: String, dataTypeClass: class java.lang.Void
2021-12-23 20:34:28.298 [main] WARN  s.d.s.r.operation.OperationImplicitParameterReader - Unable to interpret the implicit parameter configuration with dataType: String, dataTypeClass: class java.lang.Void
2021-12-23 20:34:28.299 [main] WARN  s.d.s.r.operation.OperationImplicitParameterReader - Unable to interpret the implicit parameter configuration with dataType: Integer, dataTypeClass: class java.lang.Void
2021-12-23 20:34:28.299 [main] WARN  s.d.s.r.operation.OperationImplicitParameterReader - Unable to interpret the implicit parameter configuration with dataType: LocalDateTime, dataTypeClass: class java.lang.Void
2021-12-23 20:34:28.300 [main] WARN  s.d.s.r.operation.OperationImplicitParameterReader - Unable to interpret the implicit parameter configuration with dataType: LocalDateTime, dataTypeClass: class java.lang.Void
2021-12-23 20:34:28.301 [main] WARN  s.d.s.r.operation.OperationImplicitParameterReader - Unable to interpret the implicit parameter configuration with dataType: Boolean, dataTypeClass: class java.lang.Void
2021-12-23 20:34:28.301 [main] WARN  s.d.s.r.operation.OperationImplicitParameterReader - Unable to interpret the implicit parameter configuration with dataType: Integer, dataTypeClass: class java.lang.Void
2021-12-23 20:34:28.301 [main] WARN  s.d.s.r.operation.OperationImplicitParameterReader - Unable to interpret the implicit parameter configuration with dataType: Integer, dataTypeClass: class java.lang.Void
2021-12-23 20:34:28.306 [main] WARN  s.d.s.r.operation.OperationImplicitParameterReader - Unable to interpret the implicit parameter configuration with dataType: String, dataTypeClass: class java.lang.Void
2021-12-23 20:34:28.306 [main] WARN  s.d.s.r.operation.OperationImplicitParameterReader - Unable to interpret the implicit parameter configuration with dataType: Integer, dataTypeClass: class java.lang.Void
2021-12-23 20:34:28.307 [main] WARN  s.d.s.r.operation.OperationImplicitParameterReader - Unable to interpret the implicit parameter configuration with dataType: Integer, dataTypeClass: class java.lang.Void
2021-12-23 20:34:28.313 [main] WARN  s.d.s.r.operation.OperationImplicitParameterReader - Unable to interpret the implicit parameter configuration with dataType: String, dataTypeClass: class java.lang.Void
2021-12-23 20:34:28.314 [main] WARN  s.d.s.r.operation.OperationImplicitParameterReader - Unable to interpret the implicit parameter configuration with dataType: Integer, dataTypeClass: class java.lang.Void
2021-12-23 20:34:28.315 [main] WARN  s.d.s.r.operation.OperationImplicitParameterReader - Unable to interpret the implicit parameter configuration with dataType: Integer, dataTypeClass: class java.lang.Void
2021-12-23 20:34:28.315 [main] WARN  s.d.s.r.operation.OperationImplicitParameterReader - Unable to interpret the implicit parameter configuration with dataType: Integer, dataTypeClass: class java.lang.Void
2021-12-23 20:34:28.316 [main] WARN  s.d.s.r.operation.OperationImplicitParameterReader - Unable to interpret the implicit parameter configuration with dataType: Integer, dataTypeClass: class java.lang.Void
2021-12-23 20:34:28.325 [main] WARN  s.d.s.r.operation.OperationImplicitParameterReader - Unable to interpret the implicit parameter configuration with dataType: String, dataTypeClass: class java.lang.Void
2021-12-23 20:34:28.325 [main] WARN  s.d.s.r.operation.OperationImplicitParameterReader - Unable to interpret the implicit parameter configuration with dataType: Integer, dataTypeClass: class java.lang.Void
2021-12-23 20:34:28.326 [main] WARN  s.d.s.r.operation.OperationImplicitParameterReader - Unable to interpret the implicit parameter configuration with dataType: StartInfoVo, dataTypeClass: class java.lang.Void
2021-12-23 20:34:28.326 [main] WARN  s.d.builders.BodyParameterSpecificationProvider - Parameter should either be a simple or a content type
2021-12-23 20:34:28.340 [main] WARN  s.d.s.r.operation.OperationImplicitParameterReader - Unable to interpret the implicit parameter configuration with dataType: String, dataTypeClass: class java.lang.Void
2021-12-23 20:34:28.341 [main] WARN  s.d.s.r.operation.OperationImplicitParameterReader - Unable to interpret the implicit parameter configuration with dataType: Integer, dataTypeClass: class java.lang.Void
2021-12-23 20:34:28.347 [main] WARN  s.d.s.r.operation.OperationImplicitParameterReader - Unable to interpret the implicit parameter configuration with dataType: String, dataTypeClass: class java.lang.Void
2021-12-23 20:34:28.348 [main] WARN  s.d.s.r.operation.OperationImplicitParameterReader - Unable to interpret the implicit parameter configuration with dataType: Integer, dataTypeClass: class java.lang.Void
2021-12-23 20:34:28.348 [main] WARN  s.d.s.r.operation.OperationImplicitParameterReader - Unable to interpret the implicit parameter configuration with dataType: String, dataTypeClass: class java.lang.Void
2021-12-23 20:34:28.349 [main] WARN  s.d.s.r.operation.OperationImplicitParameterReader - Unable to interpret the implicit parameter configuration with dataType: String, dataTypeClass: class java.lang.Void
2021-12-23 20:34:28.349 [main] WARN  s.d.s.r.operation.OperationImplicitParameterReader - Unable to interpret the implicit parameter configuration with dataType: Integer, dataTypeClass: class java.lang.Void
2021-12-23 20:34:28.349 [main] WARN  s.d.s.r.operation.OperationImplicitParameterReader - Unable to interpret the implicit parameter configuration with dataType: Integer, dataTypeClass: class java.lang.Void
2021-12-23 20:34:28.355 [main] WARN  s.d.s.r.operation.OperationImplicitParameterReader - Unable to interpret the implicit parameter configuration with dataType: String, dataTypeClass: class java.lang.Void
2021-12-23 20:34:28.356 [main] WARN  s.d.s.r.operation.OperationImplicitParameterReader - Unable to interpret the implicit parameter configuration with dataType: Integer, dataTypeClass: class java.lang.Void
2021-12-23 20:34:28.356 [main] WARN  s.d.s.r.operation.OperationImplicitParameterReader - Unable to interpret the implicit parameter configuration with dataType: Integer, dataTypeClass: class java.lang.Void
2021-12-23 20:34:28.356 [main] WARN  s.d.s.r.operation.OperationImplicitParameterReader - Unable to interpret the implicit parameter configuration with dataType: String, dataTypeClass: class java.lang.Void
2021-12-23 20:34:28.357 [main] WARN  s.d.s.r.operation.OperationImplicitParameterReader - Unable to interpret the implicit parameter configuration with dataType: String, dataTypeClass: class java.lang.Void
2021-12-23 20:34:28.357 [main] WARN  s.d.s.r.operation.OperationImplicitParameterReader - Unable to interpret the implicit parameter configuration with dataType: Integer, dataTypeClass: class java.lang.Void
2021-12-23 20:34:28.358 [main] WARN  s.d.s.r.operation.OperationImplicitParameterReader - Unable to interpret the implicit parameter configuration with dataType: Integer, dataTypeClass: class java.lang.Void
2021-12-23 20:34:28.363 [main] WARN  s.d.s.r.operation.OperationImplicitParameterReader - Unable to interpret the implicit parameter configuration with dataType: String, dataTypeClass: class java.lang.Void
2021-12-23 20:34:28.363 [main] WARN  s.d.s.r.operation.OperationImplicitParameterReader - Unable to interpret the implicit parameter configuration with dataType: Integer, dataTypeClass: class java.lang.Void
2021-12-23 20:34:28.364 [main] WARN  s.d.s.r.operation.OperationImplicitParameterReader - Unable to interpret the implicit parameter configuration with dataType: Integer, dataTypeClass: class java.lang.Void
2021-12-23 20:34:28.369 [main] WARN  s.d.s.r.operation.OperationImplicitParameterReader - Unable to interpret the implicit parameter configuration with dataType: String, dataTypeClass: class java.lang.Void
2021-12-23 20:34:28.369 [main] WARN  s.d.s.r.operation.OperationImplicitParameterReader - Unable to interpret the implicit parameter configuration with dataType: Integer, dataTypeClass: class java.lang.Void
2021-12-23 20:34:28.370 [main] WARN  s.d.s.r.operation.OperationImplicitParameterReader - Unable to interpret the implicit parameter configuration with dataType: String, dataTypeClass: class java.lang.Void
2021-12-23 20:34:28.370 [main] WARN  s.d.s.r.operation.OperationImplicitParameterReader - Unable to interpret the implicit parameter configuration with dataType: String, dataTypeClass: class java.lang.Void
2021-12-23 20:34:28.371 [main] WARN  s.d.s.r.operation.OperationImplicitParameterReader - Unable to interpret the implicit parameter configuration with dataType: Integer, dataTypeClass: class java.lang.Void
2021-12-23 20:34:28.371 [main] WARN  s.d.s.r.operation.OperationImplicitParameterReader - Unable to interpret the implicit parameter configuration with dataType: Integer, dataTypeClass: class java.lang.Void
2021-12-23 20:34:28.376 [main] WARN  s.d.s.r.operation.OperationImplicitParameterReader - Unable to interpret the implicit parameter configuration with dataType: String, dataTypeClass: class java.lang.Void
2021-12-23 20:34:28.377 [main] WARN  s.d.s.r.operation.OperationImplicitParameterReader - Unable to interpret the implicit parameter configuration with dataType: Integer, dataTypeClass: class java.lang.Void
2021-12-23 20:34:28.378 [main] WARN  s.d.s.r.operation.OperationImplicitParameterReader - Unable to interpret the implicit parameter configuration with dataType: Integer, dataTypeClass: class java.lang.Void
2021-12-23 20:34:28.378 [main] WARN  s.d.s.r.operation.OperationImplicitParameterReader - Unable to interpret the implicit parameter configuration with dataType: Integer, dataTypeClass: class java.lang.Void
2021-12-23 20:34:28.379 [main] WARN  s.d.s.r.operation.OperationImplicitParameterReader - Unable to interpret the implicit parameter configuration with dataType: Integer, dataTypeClass: class java.lang.Void
2021-12-23 20:34:28.387 [main] WARN  s.d.s.r.operation.OperationImplicitParameterReader - Unable to interpret the implicit parameter configuration with dataType: String, dataTypeClass: class java.lang.Void
2021-12-23 20:34:28.390 [main] WARN  s.d.s.r.operation.OperationImplicitParameterReader - Unable to interpret the implicit parameter configuration with dataType: String, dataTypeClass: class java.lang.Void
2021-12-23 20:34:28.391 [main] WARN  s.d.s.r.operation.OperationImplicitParameterReader - Unable to interpret the implicit parameter configuration with dataType: Long, dataTypeClass: class java.lang.Void
2021-12-23 20:34:28.394 [main] WARN  s.d.s.r.operation.OperationImplicitParameterReader - Unable to interpret the implicit parameter configuration with dataType: String, dataTypeClass: class java.lang.Void
2021-12-23 20:34:28.397 [main] WARN  s.d.s.r.operation.OperationImplicitParameterReader - Unable to interpret the implicit parameter configuration with dataType: String, dataTypeClass: class java.lang.Void
2021-12-23 20:34:28.398 [main] WARN  s.d.s.r.operation.OperationImplicitParameterReader - Unable to interpret the implicit parameter configuration with dataType: Long, dataTypeClass: class java.lang.Void
2021-12-23 20:34:28.401 [main] WARN  s.d.s.r.operation.OperationImplicitParameterReader - Unable to interpret the implicit parameter configuration with dataType: String, dataTypeClass: class java.lang.Void
2021-12-23 20:34:28.402 [main] WARN  s.d.s.r.operation.OperationImplicitParameterReader - Unable to interpret the implicit parameter configuration with dataType: Integer, dataTypeClass: class java.lang.Void
2021-12-23 20:34:28.402 [main] WARN  s.d.s.r.operation.OperationImplicitParameterReader - Unable to interpret the implicit parameter configuration with dataType: Integer, dataTypeClass: class java.lang.Void
2021-12-23 20:34:28.447 [main] INFO  cn.edu.xmu.oomall.other.controller.combineTest - Started combineTest in 19.219 seconds (JVM running for 21.524)
2021-12-23 20:34:28.512 [Thread-24] WARN  com.alibaba.nacos.common.notify.NotifyCenter - [NotifyCenter] Start destroying Publisher
2021-12-23 20:34:28.512 [Thread-24] WARN  com.alibaba.nacos.common.notify.NotifyCenter - [NotifyCenter] Destruction of the end
2021-12-23 20:34:28.513 [Thread-4] WARN  com.alibaba.nacos.common.http.HttpClientBeanHolder - [HttpClientBeanHolder] Start destroying common HttpClient
2021-12-23 20:34:28.515 [Thread-4] WARN  com.alibaba.nacos.common.http.HttpClientBeanHolder - [HttpClientBeanHolder] Destruction of the end
2021-12-23 20:34:28.519 [SpringContextShutdownHook] INFO  o.a.r.s.support.DefaultRocketMQListenerContainer - container destroyed, DefaultRocketMQListenerContainer{consumerGroup='aftersales-refund-group', nameServer='121.36.1.4:9876', topic='refund-type2-notify-topic', consumeMode=ORDERLY, selectorType=TAG, selectorExpression='*', messageModel=CLUSTERING}
2021-12-23 20:34:28.520 [SpringContextShutdownHook] INFO  o.a.r.s.support.DefaultRocketMQListenerContainer - container destroyed, DefaultRocketMQListenerContainer{consumerGroup='coupon-group', nameServer='121.36.1.4:9876', topic='coupon-topic', consumeMode=CONCURRENTLY, selectorType=TAG, selectorExpression='1', messageModel=CLUSTERING}
2021-12-23 20:34:28.526 [NettyClientSelector_1] INFO  RocketmqRemoting - closeChannel: close the connection to remote address[121.36.1.4:9876] result: true
2021-12-23 20:34:28.530 [NettyClientSelector_1] INFO  RocketmqRemoting - closeChannel: close the connection to remote address[121.36.1.4:9876] result: true
2021-12-23 20:34:34.684 [SpringContextShutdownHook] INFO  com.alibaba.druid.pool.DruidDataSource - {dataSource-1} closing ...
2021-12-23 20:34:34.697 [SpringContextShutdownHook] INFO  com.alibaba.druid.pool.DruidDataSource - {dataSource-1} closed
